2026-01-30 18:46:18,271 - MainThread - INFO - Found 150 proxies. Starting checks with 10 threads...
2026-01-30 18:46:18,272 - Checker-1 - INFO - Processing: vless://ba9ddd0d-5ffd-4d40-b76d-df32ecb0...
2026-01-30 18:46:18,272 - Checker-2 - INFO - Processing: vmess://eyJhZGQiOiAiMTAzLjIxNS4yMzguNjIi...
2026-01-30 18:46:18,273 - Checker-3 - INFO - Processing: trojan://BxceQaOe@54.249.137.88:26378?al...
2026-01-30 18:46:18,273 - Checker-4 - INFO - Processing: vmess://eyJhZGQiOiAicHEtSHVuZ2FyeTEuMDl2...
2026-01-30 18:46:18,274 - Checker-5 - INFO - Processing: ss://YWVzLTI1Ni1nY206OEpDc1Bzc2ZnUzh0aVJ...
2026-01-30 18:46:18,274 - Checker-6 - INFO - Processing: vless://fdb239e1-d6b1-4b04-84c8-52a124ca...
2026-01-30 18:46:18,275 - Checker-7 - INFO - Processing: vless://09d2212c-1757-4e34-82d5-b738c393...
2026-01-30 18:46:18,275 - Checker-8 - INFO - Processing: vless://ad39e228-35a9-4629-a16a-d66a9765...
2026-01-30 18:46:18,276 - Checker-9 - INFO - Processing: vless://b129eb83-f083-4660-a81a-e5991519...
2026-01-30 18:46:18,276 - Checker-10 - INFO - Processing: trojan://telegram-id-privatevpns@35.180....
2026-01-30 18:46:18,281 - Checker-6 - INFO - V2Ray executable directory not found in environment variable, using default...
2026-01-30 18:46:18,282 - Checker-4 - INFO - V2Ray executable directory not found in environment variable, using default...
2026-01-30 18:46:18,283 - Checker-1 - INFO - V2Ray executable directory not found in environment variable, using default...
2026-01-30 18:46:18,283 - Checker-10 - INFO - V2Ray executable directory not found in environment variable, using default...
2026-01-30 18:46:18,284 - Checker-8 - INFO - V2Ray executable directory not found in environment variable, using default...
2026-01-30 18:46:18,284 - Checker-7 - INFO - V2Ray executable directory not found in environment variable, using default...
2026-01-30 18:46:18,284 - Checker-5 - INFO - V2Ray executable directory not found in environment variable, using default...
2026-01-30 18:46:18,284 - Checker-3 - INFO - V2Ray executable directory not found in environment variable, using default...
2026-01-30 18:46:18,284 - Checker-9 - INFO - V2Ray executable directory not found in environment variable, using default...
2026-01-30 18:46:18,284 - Checker-2 - INFO - V2Ray executable directory not found in environment variable, using default...
2026-01-30 18:46:18,326 - Checker-6 - INFO - V2Ray executables found at C:\Users\tyca7\.v2ray
2026-01-30 18:46:18,327 - Checker-6 - INFO - V2Ray executable found at C:\Users\tyca7\.v2ray\xray.exe
2026-01-30 18:46:18,327 - Checker-7 - INFO - V2Ray executables found at C:\Users\tyca7\.v2ray
2026-01-30 18:46:18,327 - Checker-3 - INFO - V2Ray executables found at C:\Users\tyca7\.v2ray
2026-01-30 18:46:18,327 - Checker-7 - INFO - V2Ray executable found at C:\Users\tyca7\.v2ray\xray.exe
2026-01-30 18:46:18,328 - Checker-6 - INFO - Starting V2Ray with command: C:\Users\tyca7\.v2ray\xray.exe run -config C:\Users\tyca7\AppData\Local\Temp\tmpta74td4v.json
2026-01-30 18:46:18,328 - Checker-8 - INFO - V2Ray executables found at C:\Users\tyca7\.v2ray
2026-01-30 18:46:18,328 - Checker-3 - INFO - V2Ray executable found at C:\Users\tyca7\.v2ray\xray.exe
2026-01-30 18:46:18,328 - Checker-10 - INFO - V2Ray executables found at C:\Users\tyca7\.v2ray
2026-01-30 18:46:18,328 - Checker-8 - INFO - V2Ray executable found at C:\Users\tyca7\.v2ray\xray.exe
2026-01-30 18:46:18,329 - Checker-4 - INFO - V2Ray executables found at C:\Users\tyca7\.v2ray
2026-01-30 18:46:18,329 - Checker-10 - INFO - V2Ray executable found at C:\Users\tyca7\.v2ray\xray.exe
2026-01-30 18:46:18,329 - Checker-2 - INFO - V2Ray executables found at C:\Users\tyca7\.v2ray
2026-01-30 18:46:18,329 - Checker-7 - INFO - Starting V2Ray with command: C:\Users\tyca7\.v2ray\xray.exe run -config C:\Users\tyca7\AppData\Local\Temp\tmpd749v4fe.json
2026-01-30 18:46:18,329 - Checker-1 - INFO - V2Ray executables found at C:\Users\tyca7\.v2ray
2026-01-30 18:46:18,330 - Checker-3 - INFO - Starting V2Ray with command: C:\Users\tyca7\.v2ray\xray.exe run -config C:\Users\tyca7\AppData\Local\Temp\tmpfxpy50sj.json
2026-01-30 18:46:18,330 - Checker-4 - INFO - V2Ray executable found at C:\Users\tyca7\.v2ray\xray.exe
2026-01-30 18:46:18,330 - Checker-9 - INFO - V2Ray executables found at C:\Users\tyca7\.v2ray
2026-01-30 18:46:18,330 - Checker-8 - INFO - Starting V2Ray with command: C:\Users\tyca7\.v2ray\xray.exe run -config C:\Users\tyca7\AppData\Local\Temp\tmptn86ax9k.json
2026-01-30 18:46:18,330 - Checker-2 - INFO - V2Ray executable found at C:\Users\tyca7\.v2ray\xray.exe
2026-01-30 18:46:18,330 - Checker-5 - INFO - V2Ray executables found at C:\Users\tyca7\.v2ray
2026-01-30 18:46:18,330 - Checker-10 - INFO - Starting V2Ray with command: C:\Users\tyca7\.v2ray\xray.exe run -config C:\Users\tyca7\AppData\Local\Temp\tmp138pli0g.json
2026-01-30 18:46:18,331 - Checker-1 - INFO - V2Ray executable found at C:\Users\tyca7\.v2ray\xray.exe
2026-01-30 18:46:18,331 - Checker-9 - INFO - V2Ray executable found at C:\Users\tyca7\.v2ray\xray.exe
2026-01-30 18:46:18,331 - Checker-4 - INFO - Starting V2Ray with command: C:\Users\tyca7\.v2ray\xray.exe run -config C:\Users\tyca7\AppData\Local\Temp\tmpaerz1x_w.json
2026-01-30 18:46:18,332 - Checker-5 - INFO - V2Ray executable found at C:\Users\tyca7\.v2ray\xray.exe
2026-01-30 18:46:18,332 - Checker-2 - INFO - Starting V2Ray with command: C:\Users\tyca7\.v2ray\xray.exe run -config C:\Users\tyca7\AppData\Local\Temp\tmp39lg2gz7.json
2026-01-30 18:46:18,332 - Checker-1 - INFO - Starting V2Ray with command: C:\Users\tyca7\.v2ray\xray.exe run -config C:\Users\tyca7\AppData\Local\Temp\tmpucfylhbz.json
2026-01-30 18:46:18,333 - Checker-9 - INFO - Starting V2Ray with command: C:\Users\tyca7\.v2ray\xray.exe run -config C:\Users\tyca7\AppData\Local\Temp\tmprs9c7e6n.json
2026-01-30 18:46:18,334 - Checker-5 - INFO - Starting V2Ray with command: C:\Users\tyca7\.v2ray\xray.exe run -config C:\Users\tyca7\AppData\Local\Temp\tmp10c8j96y.json
2026-01-30 18:46:18,382 - Checker-6 - ERROR - V2Ray exited with code 23.
Stdout: Xray 25.8.3 (Xray, Penetrates Everything.) bd86732 (go1.24.5 windows/amd64)
A unified platform for anti-censorship.
Failed to start: main: failed to load config files: [C:\Users\tyca7\AppData\Local\Temp\tmpta74td4v.json] > infra/conf: failed to build outbound config with tag  > infra/conf: failed to build stream settings for outbound detour > infra/conf: REALITY: Empty "realitySettings".

Stderr: 
2026-01-30 18:46:18,382 - Checker-6 - ERROR - Config file content: {
  "inbounds": [
    {
      "port": 53000,
      "protocol": "socks",
      "settings": {
        "udp": true
      }
    },
    {
      "port": 52990,
      "protocol": "http"
    }
  ],
  "outbounds": [
    {
      "protocol": "vless",
      "settings": {
        "vnext": [
          {
            "address": "kazakhstan13.yourbot.biz",
            "port": 443,
            "users": [
              {
                "id": "fdb239e1-d6b1-4b04-84c8-52a124ca0bf7",
                "encryption": "none",
                "level": 0
              }
            ]
          }
        ]
      },
      "streamSettings": {
        "network": "tcp",
        "security": "reality"
      }
    }
  ]
}
2026-01-30 18:46:18,382 - Checker-6 - ERROR - Error starting V2Ray: Failed to start V2Ray: V2Ray exited with code 23.
Stdout: Xray 25.8.3 (Xray, Penetrates Everything.) bd86732 (go1.24.5 windows/amd64)
A unified platform for anti-censorship.
Failed to start: main: failed to load config files: [C:\Users\tyca7\AppData\Local\Temp\tmpta74td4v.json] > infra/conf: failed to build outbound config with tag  > infra/conf: failed to build stream settings for outbound detour > infra/conf: REALITY: Empty "realitySettings".

Stderr: 
2026-01-30 18:46:18,383 - Checker-6 - ERROR -   -> ERROR. An exception occurred: Failed to start V2Ray: V2Ray exited with code 23.
Stdout: Xray 25.8.3 (Xray, Penetrates Everything.) bd86732 (go1.24.5 windows/amd64)
A unified platform for anti-censorship.
Failed to start: main: failed to load config files: [C:\Users\tyca7\AppData\Local\Temp\tmpta74td4v.json] > infra/conf: failed to build outbound config with tag  > infra/conf: failed to build stream settings for outbound detour > infra/conf: REALITY: Empty "realitySettings".

Stderr: 
2026-01-30 18:46:18,383 - Checker-7 - ERROR - V2Ray exited with code 23.
Stdout: Xray 25.8.3 (Xray, Penetrates Everything.) bd86732 (go1.24.5 windows/amd64)
A unified platform for anti-censorship.
Failed to start: main: failed to load config files: [C:\Users\tyca7\AppData\Local\Temp\tmpd749v4fe.json] > infra/conf: failed to build outbound config with tag  > infra/conf: failed to build stream settings for outbound detour > infra/conf: REALITY: Empty "realitySettings".

Stderr: 
2026-01-30 18:46:18,384 - Checker-6 - INFO - Processing: vless://bd7444d1-5f08-43bd-a332-f9058ad1...
2026-01-30 18:46:18,384 - Checker-3 - INFO - V2Ray proxy is ready and accepting connections
2026-01-30 18:46:18,385 - Checker-8 - ERROR - V2Ray exited with code 23.
Stdout: Xray 25.8.3 (Xray, Penetrates Everything.) bd86732 (go1.24.5 windows/amd64)
A unified platform for anti-censorship.
Failed to start: main: failed to load config files: [C:\Users\tyca7\AppData\Local\Temp\tmptn86ax9k.json] > infra/conf: failed to build outbound config with tag  > infra/conf: failed to build stream settings for outbound detour > infra/conf: REALITY: Empty "realitySettings".

Stderr: 
2026-01-30 18:46:18,385 - Checker-7 - ERROR - Config file content: {
  "inbounds": [
    {
      "port": 53001,
      "protocol": "socks",
      "settings": {
        "udp": true
      }
    },
    {
      "port": 52992,
      "protocol": "http"
    }
  ],
  "outbounds": [
    {
      "protocol": "vless",
      "settings": {
        "vnext": [
          {
            "address": "turkey17.zentrolamia.xyz",
            "port": 443,
            "users": [
              {
                "id": "09d2212c-1757-4e34-82d5-b738c393fcc0",
                "encryption": "none",
                "level": 0
              }
            ]
          }
        ]
      },
      "streamSettings": {
        "network": "tcp",
        "security": "reality"
      }
    }
  ]
}
2026-01-30 18:46:18,385 - Checker-3 - INFO - V2Ray started successfully on SOCKS port 52996, HTTP port 52986
2026-01-30 18:46:18,385 - Checker-8 - ERROR - Config file content: {
  "inbounds": [
    {
      "port": 53003,
      "protocol": "socks",
      "settings": {
        "udp": true
      }
    },
    {
      "port": 52993,
      "protocol": "http"
    }
  ],
  "outbounds": [
    {
      "protocol": "vless",
      "settings": {
        "vnext": [
          {
            "address": "usa1.lalash.sbs",
            "port": 52554,
            "users": [
              {
                "id": "ad39e228-35a9-4629-a16a-d66a97654225",
                "encryption": "none",
                "level": 0
              }
            ]
          }
        ]
      },
      "streamSettings": {
        "network": "tcp",
        "security": "reality"
      }
    }
  ]
}
2026-01-30 18:46:18,385 - Checker-7 - ERROR - Error starting V2Ray: Failed to start V2Ray: V2Ray exited with code 23.
Stdout: Xray 25.8.3 (Xray, Penetrates Everything.) bd86732 (go1.24.5 windows/amd64)
A unified platform for anti-censorship.
Failed to start: main: failed to load config files: [C:\Users\tyca7\AppData\Local\Temp\tmpd749v4fe.json] > infra/conf: failed to build outbound config with tag  > infra/conf: failed to build stream settings for outbound detour > infra/conf: REALITY: Empty "realitySettings".

Stderr: 
2026-01-30 18:46:18,386 - Checker-3 - INFO - Testing connectivity via http://127.0.0.1:52986...
2026-01-30 18:46:18,386 - Checker-10 - INFO - V2Ray proxy is ready and accepting connections
2026-01-30 18:46:18,386 - Checker-8 - ERROR - Error starting V2Ray: Failed to start V2Ray: V2Ray exited with code 23.
Stdout: Xray 25.8.3 (Xray, Penetrates Everything.) bd86732 (go1.24.5 windows/amd64)
A unified platform for anti-censorship.
Failed to start: main: failed to load config files: [C:\Users\tyca7\AppData\Local\Temp\tmptn86ax9k.json] > infra/conf: failed to build outbound config with tag  > infra/conf: failed to build stream settings for outbound detour > infra/conf: REALITY: Empty "realitySettings".

Stderr: 
2026-01-30 18:46:18,386 - Checker-4 - INFO - V2Ray proxy is ready and accepting connections
2026-01-30 18:46:18,386 - Checker-2 - INFO - V2Ray proxy is ready and accepting connections
2026-01-30 18:46:18,388 - Checker-6 - INFO - V2Ray executable directory not found in environment variable, using default...
2026-01-30 18:46:18,388 - Checker-5 - INFO - V2Ray proxy is ready and accepting connections
2026-01-30 18:46:18,388 - Checker-7 - ERROR -   -> ERROR. An exception occurred: Failed to start V2Ray: V2Ray exited with code 23.
Stdout: Xray 25.8.3 (Xray, Penetrates Everything.) bd86732 (go1.24.5 windows/amd64)
A unified platform for anti-censorship.
Failed to start: main: failed to load config files: [C:\Users\tyca7\AppData\Local\Temp\tmpd749v4fe.json] > infra/conf: failed to build outbound config with tag  > infra/conf: failed to build stream settings for outbound detour > infra/conf: REALITY: Empty "realitySettings".

Stderr: 
2026-01-30 18:46:18,388 - Checker-10 - INFO - V2Ray started successfully on SOCKS port 53004, HTTP port 52995
2026-01-30 18:46:18,388 - Checker-9 - ERROR - V2Ray exited with code 23.
Stdout: Xray 25.8.3 (Xray, Penetrates Everything.) bd86732 (go1.24.5 windows/amd64)
A unified platform for anti-censorship.
Failed to start: main: failed to load config files: [C:\Users\tyca7\AppData\Local\Temp\tmprs9c7e6n.json] > infra/conf: failed to build outbound config with tag  > infra/conf: failed to build stream settings for outbound detour > infra/conf: REALITY: Empty "realitySettings".

Stderr: 
2026-01-30 18:46:18,388 - Checker-8 - ERROR -   -> ERROR. An exception occurred: Failed to start V2Ray: V2Ray exited with code 23.
Stdout: Xray 25.8.3 (Xray, Penetrates Everything.) bd86732 (go1.24.5 windows/amd64)
A unified platform for anti-censorship.
Failed to start: main: failed to load config files: [C:\Users\tyca7\AppData\Local\Temp\tmptn86ax9k.json] > infra/conf: failed to build outbound config with tag  > infra/conf: failed to build stream settings for outbound detour > infra/conf: REALITY: Empty "realitySettings".

Stderr: 
2026-01-30 18:46:18,389 - Checker-1 - INFO - V2Ray proxy is ready and accepting connections
2026-01-30 18:46:18,389 - Checker-4 - INFO - V2Ray started successfully on SOCKS port 53002, HTTP port 52991
2026-01-30 18:46:18,389 - Checker-2 - INFO - V2Ray started successfully on SOCKS port 52998, HTTP port 52988
2026-01-30 18:46:18,389 - Checker-7 - INFO - Processing: vless://25f86cb1-2140-4085-abcb-c3a0ea7a...
2026-01-30 18:46:18,390 - Checker-6 - INFO - V2Ray executables found at C:\Users\tyca7\.v2ray
2026-01-30 18:46:18,390 - Checker-5 - INFO - V2Ray started successfully on SOCKS port 52997, HTTP port 52987
2026-01-30 18:46:18,390 - Checker-10 - INFO - Testing connectivity via http://127.0.0.1:52995...
2026-01-30 18:46:18,391 - Checker-8 - INFO - Processing: vless://94a1c4c7-338e-4949-9811-85bf4eff...
2026-01-30 18:46:18,391 - Checker-9 - ERROR - Config file content: {
  "inbounds": [
    {
      "port": 53005,
      "protocol": "socks",
      "settings": {
        "udp": true
      }
    },
    {
      "port": 52994,
      "protocol": "http"
    }
  ],
  "outbounds": [
    {
      "protocol": "vless",
      "settings": {
        "vnext": [
          {
            "address": "spdnet.team-pluss.com",
            "port": 443,
            "users": [
              {
                "id": "b129eb83-f083-4660-a81a-e5991519a281",
                "encryption": "none",
                "level": 0
              }
            ]
          }
        ]
      },
      "streamSettings": {
        "network": "tcp",
        "security": "reality"
      }
    }
  ]
}
2026-01-30 18:46:18,392 - Checker-4 - INFO - Testing connectivity via http://127.0.0.1:52991...
2026-01-30 18:46:18,392 - Checker-1 - INFO - V2Ray started successfully on SOCKS port 52999, HTTP port 52989
2026-01-30 18:46:18,392 - Checker-2 - INFO - Testing connectivity via http://127.0.0.1:52988...
2026-01-30 18:46:18,392 - Checker-6 - INFO - V2Ray executable found at C:\Users\tyca7\.v2ray\xray.exe
2026-01-30 18:46:18,393 - Checker-5 - INFO - Testing connectivity via http://127.0.0.1:52987...
2026-01-30 18:46:18,394 - Checker-9 - ERROR - Error starting V2Ray: Failed to start V2Ray: V2Ray exited with code 23.
Stdout: Xray 25.8.3 (Xray, Penetrates Everything.) bd86732 (go1.24.5 windows/amd64)
A unified platform for anti-censorship.
Failed to start: main: failed to load config files: [C:\Users\tyca7\AppData\Local\Temp\tmprs9c7e6n.json] > infra/conf: failed to build outbound config with tag  > infra/conf: failed to build stream settings for outbound detour > infra/conf: REALITY: Empty "realitySettings".

Stderr: 
2026-01-30 18:46:18,395 - Checker-1 - INFO - Testing connectivity via http://127.0.0.1:52989...
2026-01-30 18:46:18,396 - Checker-7 - INFO - V2Ray executable directory not found in environment variable, using default...
2026-01-30 18:46:18,397 - Checker-8 - INFO - V2Ray executable directory not found in environment variable, using default...
2026-01-30 18:46:18,398 - Checker-6 - INFO - Starting V2Ray with command: C:\Users\tyca7\.v2ray\xray.exe run -config C:\Users\tyca7\AppData\Local\Temp\tmpkwvkmv83.json
2026-01-30 18:46:18,399 - Checker-9 - ERROR -   -> ERROR. An exception occurred: Failed to start V2Ray: V2Ray exited with code 23.
Stdout: Xray 25.8.3 (Xray, Penetrates Everything.) bd86732 (go1.24.5 windows/amd64)
A unified platform for anti-censorship.
Failed to start: main: failed to load config files: [C:\Users\tyca7\AppData\Local\Temp\tmprs9c7e6n.json] > infra/conf: failed to build outbound config with tag  > infra/conf: failed to build stream settings for outbound detour > infra/conf: REALITY: Empty "realitySettings".

Stderr: 
2026-01-30 18:46:18,400 - Checker-7 - INFO - V2Ray executables found at C:\Users\tyca7\.v2ray
2026-01-30 18:46:18,400 - Checker-8 - INFO - V2Ray executables found at C:\Users\tyca7\.v2ray
2026-01-30 18:46:18,400 - Checker-9 - INFO - Processing: vless://9c567b10-876a-47cc-a4de-63c40f09...
2026-01-30 18:46:18,401 - Checker-7 - INFO - V2Ray executable found at C:\Users\tyca7\.v2ray\xray.exe
2026-01-30 18:46:18,401 - Checker-8 - INFO - V2Ray executable found at C:\Users\tyca7\.v2ray\xray.exe
2026-01-30 18:46:18,401 - Checker-7 - INFO - Starting V2Ray with command: C:\Users\tyca7\.v2ray\xray.exe run -config C:\Users\tyca7\AppData\Local\Temp\tmpuv3b5f9u.json
2026-01-30 18:46:18,401 - Checker-8 - INFO - Starting V2Ray with command: C:\Users\tyca7\.v2ray\xray.exe run -config C:\Users\tyca7\AppData\Local\Temp\tmp36jtsxwx.json
2026-01-30 18:46:18,403 - Checker-9 - INFO - V2Ray executable directory not found in environment variable, using default...
2026-01-30 18:46:18,404 - Checker-9 - INFO - V2Ray executables found at C:\Users\tyca7\.v2ray
2026-01-30 18:46:18,404 - Checker-9 - INFO - V2Ray executable found at C:\Users\tyca7\.v2ray\xray.exe
2026-01-30 18:46:18,404 - Checker-9 - INFO - Starting V2Ray with command: C:\Users\tyca7\.v2ray\xray.exe run -config C:\Users\tyca7\AppData\Local\Temp\tmpuv23yd6j.json
2026-01-30 18:46:18,454 - Checker-6 - ERROR - V2Ray exited with code 23.
Stdout: Xray 25.8.3 (Xray, Penetrates Everything.) bd86732 (go1.24.5 windows/amd64)
A unified platform for anti-censorship.
Failed to start: main: failed to load config files: [C:\Users\tyca7\AppData\Local\Temp\tmpkwvkmv83.json] > infra/conf: failed to build outbound config with tag  > infra/conf: failed to build stream settings for outbound detour > infra/conf: REALITY: Empty "realitySettings".

Stderr: 
2026-01-30 18:46:18,455 - Checker-6 - ERROR - Config file content: {
  "inbounds": [
    {
      "port": 53025,
      "protocol": "socks",
      "settings": {
        "udp": true
      }
    },
    {
      "port": 53021,
      "protocol": "http"
    }
  ],
  "outbounds": [
    {
      "protocol": "vless",
      "settings": {
        "vnext": [
          {
            "address": "107.174.82.65",
            "port": 32068,
            "users": [
              {
                "id": "bd7444d1-5f08-43bd-a332-f9058ad15010",
                "encryption": "none",
                "level": 0
              }
            ]
          }
        ]
      },
      "streamSettings": {
        "network": "tcp",
        "security": "reality"
      }
    }
  ]
}
2026-01-30 18:46:18,455 - Checker-8 - ERROR - V2Ray exited with code 23.
Stdout: Xray 25.8.3 (Xray, Penetrates Everything.) bd86732 (go1.24.5 windows/amd64)
A unified platform for anti-censorship.
Failed to start: main: failed to load config files: [C:\Users\tyca7\AppData\Local\Temp\tmp36jtsxwx.json] > infra/conf: failed to build outbound config with tag  > infra/conf: failed to build stream settings for outbound detour > infra/conf: REALITY: Empty "realitySettings".

Stderr: 
2026-01-30 18:46:18,455 - Checker-6 - ERROR - Error starting V2Ray: Failed to start V2Ray: V2Ray exited with code 23.
Stdout: Xray 25.8.3 (Xray, Penetrates Everything.) bd86732 (go1.24.5 windows/amd64)
A unified platform for anti-censorship.
Failed to start: main: failed to load config files: [C:\Users\tyca7\AppData\Local\Temp\tmpkwvkmv83.json] > infra/conf: failed to build outbound config with tag  > infra/conf: failed to build stream settings for outbound detour > infra/conf: REALITY: Empty "realitySettings".

Stderr: 
2026-01-30 18:46:18,455 - Checker-7 - INFO - V2Ray proxy is ready and accepting connections
2026-01-30 18:46:18,455 - Checker-8 - ERROR - Config file content: {
  "inbounds": [
    {
      "port": 53038,
      "protocol": "socks",
      "settings": {
        "udp": true
      }
    },
    {
      "port": 53036,
      "protocol": "http"
    }
  ],
  "outbounds": [
    {
      "protocol": "vless",
      "settings": {
        "vnext": [
          {
            "address": "germany100.zentrolamia.xyz",
            "port": 443,
            "users": [
              {
                "id": "94a1c4c7-338e-4949-9811-85bf4eff17a2",
                "encryption": "none",
                "level": 0
              }
            ]
          }
        ]
      },
      "streamSettings": {
        "network": "tcp",
        "security": "reality"
      }
    }
  ]
}
2026-01-30 18:46:18,456 - Checker-7 - INFO - V2Ray started successfully on SOCKS port 53035, HTTP port 53034
2026-01-30 18:46:18,456 - Checker-6 - ERROR -   -> ERROR. An exception occurred: Failed to start V2Ray: V2Ray exited with code 23.
Stdout: Xray 25.8.3 (Xray, Penetrates Everything.) bd86732 (go1.24.5 windows/amd64)
A unified platform for anti-censorship.
Failed to start: main: failed to load config files: [C:\Users\tyca7\AppData\Local\Temp\tmpkwvkmv83.json] > infra/conf: failed to build outbound config with tag  > infra/conf: failed to build stream settings for outbound detour > infra/conf: REALITY: Empty "realitySettings".

Stderr: 
2026-01-30 18:46:18,456 - Checker-8 - ERROR - Error starting V2Ray: Failed to start V2Ray: V2Ray exited with code 23.
Stdout: Xray 25.8.3 (Xray, Penetrates Everything.) bd86732 (go1.24.5 windows/amd64)
A unified platform for anti-censorship.
Failed to start: main: failed to load config files: [C:\Users\tyca7\AppData\Local\Temp\tmp36jtsxwx.json] > infra/conf: failed to build outbound config with tag  > infra/conf: failed to build stream settings for outbound detour > infra/conf: REALITY: Empty "realitySettings".

Stderr: 
2026-01-30 18:46:18,456 - Checker-7 - INFO - Testing connectivity via http://127.0.0.1:53034...
2026-01-30 18:46:18,456 - Checker-6 - INFO - Processing: vless://38cc3dff-5114-429f-9a45-fed48408...
2026-01-30 18:46:18,457 - Checker-8 - ERROR -   -> ERROR. An exception occurred: Failed to start V2Ray: V2Ray exited with code 23.
Stdout: Xray 25.8.3 (Xray, Penetrates Everything.) bd86732 (go1.24.5 windows/amd64)
A unified platform for anti-censorship.
Failed to start: main: failed to load config files: [C:\Users\tyca7\AppData\Local\Temp\tmp36jtsxwx.json] > infra/conf: failed to build outbound config with tag  > infra/conf: failed to build stream settings for outbound detour > infra/conf: REALITY: Empty "realitySettings".

Stderr: 
2026-01-30 18:46:18,458 - Checker-8 - INFO - Processing: vmess://eyJhZGQiOiAidGdqdS5vcmciLCAiYWlk...
2026-01-30 18:46:18,458 - Checker-9 - ERROR - V2Ray exited with code 23.
Stdout: Xray 25.8.3 (Xray, Penetrates Everything.) bd86732 (go1.24.5 windows/amd64)
A unified platform for anti-censorship.
Failed to start: main: failed to load config files: [C:\Users\tyca7\AppData\Local\Temp\tmpuv23yd6j.json] > infra/conf: failed to build outbound config with tag  > infra/conf: failed to build stream settings for outbound detour > infra/conf: REALITY: Empty "realitySettings".

Stderr: 
2026-01-30 18:46:18,459 - Checker-9 - ERROR - Config file content: {
  "inbounds": [
    {
      "port": 53048,
      "protocol": "socks",
      "settings": {
        "udp": true
      }
    },
    {
      "port": 53047,
      "protocol": "http"
    }
  ],
  "outbounds": [
    {
      "protocol": "vless",
      "settings": {
        "vnext": [
          {
            "address": "netherlands96.zentrolamia.xyz",
            "port": 443,
            "users": [
              {
                "id": "9c567b10-876a-47cc-a4de-63c40f098f10",
                "encryption": "none",
                "level": 0
              }
            ]
          }
        ]
      },
      "streamSettings": {
        "network": "tcp",
        "security": "reality"
      }
    }
  ]
}
2026-01-30 18:46:18,459 - Checker-9 - ERROR - Error starting V2Ray: Failed to start V2Ray: V2Ray exited with code 23.
Stdout: Xray 25.8.3 (Xray, Penetrates Everything.) bd86732 (go1.24.5 windows/amd64)
A unified platform for anti-censorship.
Failed to start: main: failed to load config files: [C:\Users\tyca7\AppData\Local\Temp\tmpuv23yd6j.json] > infra/conf: failed to build outbound config with tag  > infra/conf: failed to build stream settings for outbound detour > infra/conf: REALITY: Empty "realitySettings".

Stderr: 
2026-01-30 18:46:18,459 - Checker-6 - INFO - V2Ray executable directory not found in environment variable, using default...
2026-01-30 18:46:18,459 - Checker-8 - INFO - V2Ray executable directory not found in environment variable, using default...
2026-01-30 18:46:18,460 - Checker-9 - ERROR -   -> ERROR. An exception occurred: Failed to start V2Ray: V2Ray exited with code 23.
Stdout: Xray 25.8.3 (Xray, Penetrates Everything.) bd86732 (go1.24.5 windows/amd64)
A unified platform for anti-censorship.
Failed to start: main: failed to load config files: [C:\Users\tyca7\AppData\Local\Temp\tmpuv23yd6j.json] > infra/conf: failed to build outbound config with tag  > infra/conf: failed to build stream settings for outbound detour > infra/conf: REALITY: Empty "realitySettings".

Stderr: 
2026-01-30 18:46:18,460 - Checker-6 - INFO - V2Ray executables found at C:\Users\tyca7\.v2ray
2026-01-30 18:46:18,460 - Checker-9 - INFO - Processing: vless://b527363c-efb8-4a3f-9209-cdeb1834...
2026-01-30 18:46:18,460 - Checker-8 - INFO - V2Ray executables found at C:\Users\tyca7\.v2ray
2026-01-30 18:46:18,460 - Checker-6 - INFO - V2Ray executable found at C:\Users\tyca7\.v2ray\xray.exe
2026-01-30 18:46:18,460 - Checker-8 - INFO - V2Ray executable found at C:\Users\tyca7\.v2ray\xray.exe
2026-01-30 18:46:18,461 - Checker-6 - INFO - Starting V2Ray with command: C:\Users\tyca7\.v2ray\xray.exe run -config C:\Users\tyca7\AppData\Local\Temp\tmp4d0yq5ig.json
2026-01-30 18:46:18,461 - Checker-8 - INFO - Starting V2Ray with command: C:\Users\tyca7\.v2ray\xray.exe run -config C:\Users\tyca7\AppData\Local\Temp\tmpyj3ixujc.json
2026-01-30 18:46:18,462 - Checker-9 - INFO - V2Ray executable directory not found in environment variable, using default...
2026-01-30 18:46:18,462 - Checker-9 - INFO - V2Ray executables found at C:\Users\tyca7\.v2ray
2026-01-30 18:46:18,463 - Checker-9 - INFO - V2Ray executable found at C:\Users\tyca7\.v2ray\xray.exe
2026-01-30 18:46:18,463 - Checker-9 - INFO - Starting V2Ray with command: C:\Users\tyca7\.v2ray\xray.exe run -config C:\Users\tyca7\AppData\Local\Temp\tmpr_o513_s.json
2026-01-30 18:46:18,516 - Checker-9 - ERROR - V2Ray exited with code 23.
Stdout: Xray 25.8.3 (Xray, Penetrates Everything.) bd86732 (go1.24.5 windows/amd64)
A unified platform for anti-censorship.
Failed to start: main: failed to load config files: [C:\Users\tyca7\AppData\Local\Temp\tmpr_o513_s.json] > infra/conf: failed to build outbound config with tag  > infra/conf: failed to build stream settings for outbound detour > infra/conf: REALITY: Empty "realitySettings".

Stderr: 
2026-01-30 18:46:18,516 - Checker-9 - ERROR - Config file content: {
  "inbounds": [
    {
      "port": 53060,
      "protocol": "socks",
      "settings": {
        "udp": true
      }
    },
    {
      "port": 53059,
      "protocol": "http"
    }
  ],
  "outbounds": [
    {
      "protocol": "vless",
      "settings": {
        "vnext": [
          {
            "address": "132.226.147.10",
            "port": 443,
            "users": [
              {
                "id": "b527363c-efb8-4a3f-9209-cdeb18349afd",
                "encryption": "none",
                "level": 0
              }
            ]
          }
        ]
      },
      "streamSettings": {
        "network": "tcp",
        "security": "reality"
      }
    }
  ]
}
2026-01-30 18:46:18,516 - Checker-9 - ERROR - Error starting V2Ray: Failed to start V2Ray: V2Ray exited with code 23.
Stdout: Xray 25.8.3 (Xray, Penetrates Everything.) bd86732 (go1.24.5 windows/amd64)
A unified platform for anti-censorship.
Failed to start: main: failed to load config files: [C:\Users\tyca7\AppData\Local\Temp\tmpr_o513_s.json] > infra/conf: failed to build outbound config with tag  > infra/conf: failed to build stream settings for outbound detour > infra/conf: REALITY: Empty "realitySettings".

Stderr: 
2026-01-30 18:46:18,517 - Checker-9 - ERROR -   -> ERROR. An exception occurred: Failed to start V2Ray: V2Ray exited with code 23.
Stdout: Xray 25.8.3 (Xray, Penetrates Everything.) bd86732 (go1.24.5 windows/amd64)
A unified platform for anti-censorship.
Failed to start: main: failed to load config files: [C:\Users\tyca7\AppData\Local\Temp\tmpr_o513_s.json] > infra/conf: failed to build outbound config with tag  > infra/conf: failed to build stream settings for outbound detour > infra/conf: REALITY: Empty "realitySettings".

Stderr: 
2026-01-30 18:46:18,517 - Checker-9 - INFO - Processing: vless://73203536-b99b-44bd-83bf-6b25d525...
2026-01-30 18:46:18,519 - Checker-9 - INFO - V2Ray executable directory not found in environment variable, using default...
2026-01-30 18:46:18,519 - Checker-9 - INFO - V2Ray executables found at C:\Users\tyca7\.v2ray
2026-01-30 18:46:18,520 - Checker-9 - INFO - V2Ray executable found at C:\Users\tyca7\.v2ray\xray.exe
2026-01-30 18:46:18,520 - Checker-9 - INFO - Starting V2Ray with command: C:\Users\tyca7\.v2ray\xray.exe run -config C:\Users\tyca7\AppData\Local\Temp\tmpf17po7uz.json
2026-01-30 18:46:18,538 - Checker-6 - INFO - V2Ray proxy is ready and accepting connections
2026-01-30 18:46:18,538 - Checker-8 - INFO - V2Ray proxy is ready and accepting connections
2026-01-30 18:46:18,538 - Checker-6 - INFO - V2Ray started successfully on SOCKS port 53057, HTTP port 53054
2026-01-30 18:46:18,539 - Checker-8 - INFO - V2Ray started successfully on SOCKS port 53058, HTTP port 53056
2026-01-30 18:46:18,539 - Checker-6 - INFO - Testing connectivity via http://127.0.0.1:53054...
2026-01-30 18:46:18,539 - Checker-8 - INFO - Testing connectivity via http://127.0.0.1:53056...
2026-01-30 18:46:18,601 - Checker-9 - INFO - V2Ray proxy is ready and accepting connections
2026-01-30 18:46:18,601 - Checker-9 - INFO - V2Ray started successfully on SOCKS port 53071, HTTP port 53070
2026-01-30 18:46:18,602 - Checker-9 - INFO - Testing connectivity via http://127.0.0.1:53070...
2026-01-30 18:46:18,618 - Checker-4 - INFO -   -> SUCCESS! Proxy is working. Status: 204
2026-01-30 18:46:18,624 - Checker-4 - INFO - V2Ray process stopped
2026-01-30 18:46:18,624 - Checker-4 - INFO - Processing: vless://5157f7cf-c1b1-42e1-ab87-b44657fe...
2026-01-30 18:46:18,626 - Checker-4 - INFO - V2Ray executable directory not found in environment variable, using default...
2026-01-30 18:46:18,626 - Checker-4 - INFO - V2Ray executables found at C:\Users\tyca7\.v2ray
2026-01-30 18:46:18,627 - Checker-4 - INFO - V2Ray executable found at C:\Users\tyca7\.v2ray\xray.exe
2026-01-30 18:46:18,627 - Checker-4 - INFO - Starting V2Ray with command: C:\Users\tyca7\.v2ray\xray.exe run -config C:\Users\tyca7\AppData\Local\Temp\tmpbad_03b1.json
2026-01-30 18:46:18,680 - Checker-4 - ERROR - V2Ray exited with code 23.
Stdout: Xray 25.8.3 (Xray, Penetrates Everything.) bd86732 (go1.24.5 windows/amd64)
A unified platform for anti-censorship.
Failed to start: main: failed to load config files: [C:\Users\tyca7\AppData\Local\Temp\tmpbad_03b1.json] > infra/conf: failed to build outbound config with tag  > infra/conf: failed to build stream settings for outbound detour > infra/conf: REALITY: Empty "realitySettings".

Stderr: 
2026-01-30 18:46:18,681 - Checker-4 - ERROR - Config file content: {
  "inbounds": [
    {
      "port": 53084,
      "protocol": "socks",
      "settings": {
        "udp": true
      }
    },
    {
      "port": 53083,
      "protocol": "http"
    }
  ],
  "outbounds": [
    {
      "protocol": "vless",
      "settings": {
        "vnext": [
          {
            "address": "78.159.247.107",
            "port": 443,
            "users": [
              {
                "id": "5157f7cf-c1b1-42e1-ab87-b44657feb6a4",
                "encryption": "none",
                "level": 0
              }
            ]
          }
        ]
      },
      "streamSettings": {
        "network": "tcp",
        "security": "reality"
      }
    }
  ]
}
2026-01-30 18:46:18,681 - Checker-4 - ERROR - Error starting V2Ray: Failed to start V2Ray: V2Ray exited with code 23.
Stdout: Xray 25.8.3 (Xray, Penetrates Everything.) bd86732 (go1.24.5 windows/amd64)
A unified platform for anti-censorship.
Failed to start: main: failed to load config files: [C:\Users\tyca7\AppData\Local\Temp\tmpbad_03b1.json] > infra/conf: failed to build outbound config with tag  > infra/conf: failed to build stream settings for outbound detour > infra/conf: REALITY: Empty "realitySettings".

Stderr: 
2026-01-30 18:46:18,682 - Checker-4 - ERROR -   -> ERROR. An exception occurred: Failed to start V2Ray: V2Ray exited with code 23.
Stdout: Xray 25.8.3 (Xray, Penetrates Everything.) bd86732 (go1.24.5 windows/amd64)
A unified platform for anti-censorship.
Failed to start: main: failed to load config files: [C:\Users\tyca7\AppData\Local\Temp\tmpbad_03b1.json] > infra/conf: failed to build outbound config with tag  > infra/conf: failed to build stream settings for outbound detour > infra/conf: REALITY: Empty "realitySettings".

Stderr: 
2026-01-30 18:46:18,682 - Checker-4 - INFO - Processing: vless://c33275fd-a4fa-470d-90e4-55da39d8...
2026-01-30 18:46:18,684 - Checker-4 - INFO - V2Ray executable directory not found in environment variable, using default...
2026-01-30 18:46:18,684 - Checker-4 - INFO - V2Ray executables found at C:\Users\tyca7\.v2ray
2026-01-30 18:46:18,685 - Checker-4 - INFO - V2Ray executable found at C:\Users\tyca7\.v2ray\xray.exe
2026-01-30 18:46:18,685 - Checker-4 - INFO - Starting V2Ray with command: C:\Users\tyca7\.v2ray\xray.exe run -config C:\Users\tyca7\AppData\Local\Temp\tmpzlhydvlo.json
2026-01-30 18:46:18,774 - Checker-4 - INFO - V2Ray proxy is ready and accepting connections
2026-01-30 18:46:18,775 - Checker-4 - INFO - V2Ray started successfully on SOCKS port 53087, HTTP port 53086
2026-01-30 18:46:18,775 - Checker-4 - INFO - Testing connectivity via http://127.0.0.1:53086...
2026-01-30 18:46:18,788 - Checker-8 - INFO -   -> SUCCESS! Proxy is working. Status: 204
2026-01-30 18:46:18,794 - Checker-8 - INFO - V2Ray process stopped
2026-01-30 18:46:18,794 - Checker-8 - INFO - Processing: vless://022af852-49c7-4b5e-a13b-6877bcfe...
2026-01-30 18:46:18,796 - Checker-8 - INFO - V2Ray executable directory not found in environment variable, using default...
2026-01-30 18:46:18,797 - Checker-8 - INFO - V2Ray executables found at C:\Users\tyca7\.v2ray
2026-01-30 18:46:18,797 - Checker-8 - INFO - V2Ray executable found at C:\Users\tyca7\.v2ray\xray.exe
2026-01-30 18:46:18,797 - Checker-8 - INFO - Starting V2Ray with command: C:\Users\tyca7\.v2ray\xray.exe run -config C:\Users\tyca7\AppData\Local\Temp\tmpmucg_q_b.json
2026-01-30 18:46:18,850 - Checker-8 - ERROR - V2Ray exited with code 23.
Stdout: Xray 25.8.3 (Xray, Penetrates Everything.) bd86732 (go1.24.5 windows/amd64)
A unified platform for anti-censorship.
Failed to start: main: failed to load config files: [C:\Users\tyca7\AppData\Local\Temp\tmpmucg_q_b.json] > infra/conf: failed to build outbound config with tag  > infra/conf: failed to build stream settings for outbound detour > infra/conf: REALITY: Empty "realitySettings".

Stderr: 
2026-01-30 18:46:18,851 - Checker-8 - ERROR - Config file content: {
  "inbounds": [
    {
      "port": 53094,
      "protocol": "socks",
      "settings": {
        "udp": true
      }
    },
    {
      "port": 53093,
      "protocol": "http"
    }
  ],
  "outbounds": [
    {
      "protocol": "vless",
      "settings": {
        "vnext": [
          {
            "address": "usa26.clearorbitllc.com",
            "port": 443,
            "users": [
              {
                "id": "022af852-49c7-4b5e-a13b-6877bcfe30a3",
                "encryption": "none",
                "level": 0
              }
            ]
          }
        ]
      },
      "streamSettings": {
        "network": "tcp",
        "security": "reality"
      }
    }
  ]
}
2026-01-30 18:46:18,851 - Checker-8 - ERROR - Error starting V2Ray: Failed to start V2Ray: V2Ray exited with code 23.
Stdout: Xray 25.8.3 (Xray, Penetrates Everything.) bd86732 (go1.24.5 windows/amd64)
A unified platform for anti-censorship.
Failed to start: main: failed to load config files: [C:\Users\tyca7\AppData\Local\Temp\tmpmucg_q_b.json] > infra/conf: failed to build outbound config with tag  > infra/conf: failed to build stream settings for outbound detour > infra/conf: REALITY: Empty "realitySettings".

Stderr: 
2026-01-30 18:46:18,852 - Checker-8 - ERROR -   -> ERROR. An exception occurred: Failed to start V2Ray: V2Ray exited with code 23.
Stdout: Xray 25.8.3 (Xray, Penetrates Everything.) bd86732 (go1.24.5 windows/amd64)
A unified platform for anti-censorship.
Failed to start: main: failed to load config files: [C:\Users\tyca7\AppData\Local\Temp\tmpmucg_q_b.json] > infra/conf: failed to build outbound config with tag  > infra/conf: failed to build stream settings for outbound detour > infra/conf: REALITY: Empty "realitySettings".

Stderr: 
2026-01-30 18:46:18,852 - Checker-8 - INFO - Processing: vmess://eyJ2IjogIjIiLCAicHMiOiAidm1lc3Mt...
2026-01-30 18:46:18,854 - Checker-8 - INFO - V2Ray executable directory not found in environment variable, using default...
2026-01-30 18:46:18,855 - Checker-8 - INFO - V2Ray executables found at C:\Users\tyca7\.v2ray
2026-01-30 18:46:18,855 - Checker-8 - INFO - V2Ray executable found at C:\Users\tyca7\.v2ray\xray.exe
2026-01-30 18:46:18,855 - Checker-8 - INFO - Starting V2Ray with command: C:\Users\tyca7\.v2ray\xray.exe run -config C:\Users\tyca7\AppData\Local\Temp\tmpxmjxq1e2.json
2026-01-30 18:46:18,946 - Checker-8 - INFO - V2Ray proxy is ready and accepting connections
2026-01-30 18:46:18,947 - Checker-8 - INFO - V2Ray started successfully on SOCKS port 53098, HTTP port 53097
2026-01-30 18:46:18,948 - Checker-8 - INFO - Testing connectivity via http://127.0.0.1:53097...
2026-01-30 18:46:20,397 - Checker-7 - INFO -   -> SUCCESS! Proxy is working. Status: 204
2026-01-30 18:46:20,403 - Checker-7 - INFO - V2Ray process stopped
2026-01-30 18:46:20,404 - Checker-7 - INFO - Processing: vless://b129eb83-f083-4660-a81a-e5991519...
2026-01-30 18:46:20,405 - Checker-7 - INFO - V2Ray executable directory not found in environment variable, using default...
2026-01-30 18:46:20,406 - Checker-7 - INFO - V2Ray executables found at C:\Users\tyca7\.v2ray
2026-01-30 18:46:20,406 - Checker-7 - INFO - V2Ray executable found at C:\Users\tyca7\.v2ray\xray.exe
2026-01-30 18:46:20,407 - Checker-7 - INFO - Starting V2Ray with command: C:\Users\tyca7\.v2ray\xray.exe run -config C:\Users\tyca7\AppData\Local\Temp\tmpy7jbd951.json
2026-01-30 18:46:20,460 - Checker-7 - ERROR - V2Ray exited with code 23.
Stdout: Xray 25.8.3 (Xray, Penetrates Everything.) bd86732 (go1.24.5 windows/amd64)
A unified platform for anti-censorship.
Failed to start: main: failed to load config files: [C:\Users\tyca7\AppData\Local\Temp\tmpy7jbd951.json] > infra/conf: failed to build outbound config with tag  > infra/conf: failed to build stream settings for outbound detour > infra/conf: REALITY: Empty "realitySettings".

Stderr: 
2026-01-30 18:46:20,460 - Checker-7 - ERROR - Config file content: {
  "inbounds": [
    {
      "port": 53114,
      "protocol": "socks",
      "settings": {
        "udp": true
      }
    },
    {
      "port": 53113,
      "protocol": "http"
    }
  ],
  "outbounds": [
    {
      "protocol": "vless",
      "settings": {
        "vnext": [
          {
            "address": "spdnet.team-pluss.com",
            "port": 443,
            "users": [
              {
                "id": "b129eb83-f083-4660-a81a-e5991519a281",
                "encryption": "none",
                "level": 0
              }
            ]
          }
        ]
      },
      "streamSettings": {
        "network": "tcp",
        "security": "reality"
      }
    }
  ]
}
2026-01-30 18:46:20,461 - Checker-7 - ERROR - Error starting V2Ray: Failed to start V2Ray: V2Ray exited with code 23.
Stdout: Xray 25.8.3 (Xray, Penetrates Everything.) bd86732 (go1.24.5 windows/amd64)
A unified platform for anti-censorship.
Failed to start: main: failed to load config files: [C:\Users\tyca7\AppData\Local\Temp\tmpy7jbd951.json] > infra/conf: failed to build outbound config with tag  > infra/conf: failed to build stream settings for outbound detour > infra/conf: REALITY: Empty "realitySettings".

Stderr: 
2026-01-30 18:46:20,461 - Checker-7 - ERROR -   -> ERROR. An exception occurred: Failed to start V2Ray: V2Ray exited with code 23.
Stdout: Xray 25.8.3 (Xray, Penetrates Everything.) bd86732 (go1.24.5 windows/amd64)
A unified platform for anti-censorship.
Failed to start: main: failed to load config files: [C:\Users\tyca7\AppData\Local\Temp\tmpy7jbd951.json] > infra/conf: failed to build outbound config with tag  > infra/conf: failed to build stream settings for outbound detour > infra/conf: REALITY: Empty "realitySettings".

Stderr: 
2026-01-30 18:46:20,462 - Checker-7 - INFO - Processing: ss://Y2hhY2hhMjAtaWV0Zi1wb2x5MTMwNTo1MjY...
2026-01-30 18:46:20,463 - Checker-7 - INFO - V2Ray executable directory not found in environment variable, using default...
2026-01-30 18:46:20,464 - Checker-7 - INFO - V2Ray executables found at C:\Users\tyca7\.v2ray
2026-01-30 18:46:20,464 - Checker-7 - INFO - V2Ray executable found at C:\Users\tyca7\.v2ray\xray.exe
2026-01-30 18:46:20,464 - Checker-7 - INFO - Starting V2Ray with command: C:\Users\tyca7\.v2ray\xray.exe run -config C:\Users\tyca7\AppData\Local\Temp\tmpt33x4daj.json
2026-01-30 18:46:20,552 - Checker-7 - INFO - V2Ray proxy is ready and accepting connections
2026-01-30 18:46:20,552 - Checker-7 - INFO - V2Ray started successfully on SOCKS port 53116, HTTP port 53115
2026-01-30 18:46:20,553 - Checker-7 - INFO - Testing connectivity via http://127.0.0.1:53115...
2026-01-30 18:46:20,735 - Checker-9 - INFO -   -> SUCCESS! Proxy is working. Status: 204
2026-01-30 18:46:20,741 - Checker-9 - INFO - V2Ray process stopped
2026-01-30 18:46:20,741 - Checker-9 - INFO - Processing: vless://916a99fa-f087-408a-a70e-070ac00a...
2026-01-30 18:46:20,743 - Checker-9 - INFO - V2Ray executable directory not found in environment variable, using default...
2026-01-30 18:46:20,743 - Checker-9 - INFO - V2Ray executables found at C:\Users\tyca7\.v2ray
2026-01-30 18:46:20,744 - Checker-9 - INFO - V2Ray executable found at C:\Users\tyca7\.v2ray\xray.exe
2026-01-30 18:46:20,744 - Checker-9 - INFO - Starting V2Ray with command: C:\Users\tyca7\.v2ray\xray.exe run -config C:\Users\tyca7\AppData\Local\Temp\tmpoxu8h74m.json
2026-01-30 18:46:20,837 - Checker-9 - INFO - V2Ray proxy is ready and accepting connections
2026-01-30 18:46:20,838 - Checker-9 - INFO - V2Ray started successfully on SOCKS port 53124, HTTP port 53123
2026-01-30 18:46:20,838 - Checker-9 - INFO - Testing connectivity via http://127.0.0.1:53123...
2026-01-30 18:46:20,947 - Checker-1 - WARNING -   -> FAILED. Received unexpected status code: 503
2026-01-30 18:46:20,953 - Checker-1 - INFO - V2Ray process stopped
2026-01-30 18:46:20,954 - Checker-1 - INFO - Processing: vless://4154ddec-dc96-43cc-95bb-43dc03bd...
2026-01-30 18:46:20,956 - Checker-1 - INFO - V2Ray executable directory not found in environment variable, using default...
2026-01-30 18:46:20,956 - Checker-1 - INFO - V2Ray executables found at C:\Users\tyca7\.v2ray
2026-01-30 18:46:20,957 - Checker-1 - INFO - V2Ray executable found at C:\Users\tyca7\.v2ray\xray.exe
2026-01-30 18:46:20,957 - Checker-1 - INFO - Starting V2Ray with command: C:\Users\tyca7\.v2ray\xray.exe run -config C:\Users\tyca7\AppData\Local\Temp\tmpb02_xtcm.json
2026-01-30 18:46:21,025 - Checker-1 - INFO - V2Ray proxy is ready and accepting connections
2026-01-30 18:46:21,026 - Checker-1 - INFO - V2Ray started successfully on SOCKS port 53132, HTTP port 53131
2026-01-30 18:46:21,026 - Checker-1 - INFO - Testing connectivity via http://127.0.0.1:53131...
2026-01-30 18:46:21,397 - Checker-5 - WARNING -   -> FAILED. Received unexpected status code: 503
2026-01-30 18:46:21,403 - Checker-5 - INFO - V2Ray process stopped
2026-01-30 18:46:21,404 - Checker-5 - INFO - Processing: vless://448ec8dc-1cd0-44ee-88a3-69ecac30...
2026-01-30 18:46:21,405 - Checker-5 - INFO - V2Ray executable directory not found in environment variable, using default...
2026-01-30 18:46:21,406 - Checker-5 - INFO - V2Ray executables found at C:\Users\tyca7\.v2ray
2026-01-30 18:46:21,406 - Checker-5 - INFO - V2Ray executable found at C:\Users\tyca7\.v2ray\xray.exe
2026-01-30 18:46:21,406 - Checker-5 - INFO - Starting V2Ray with command: C:\Users\tyca7\.v2ray\xray.exe run -config C:\Users\tyca7\AppData\Local\Temp\tmpqgsn_5e9.json
2026-01-30 18:46:21,418 - Checker-9 - INFO -   -> SUCCESS! Proxy is working. Status: 204
2026-01-30 18:46:21,424 - Checker-9 - INFO - V2Ray process stopped
2026-01-30 18:46:21,425 - Checker-9 - INFO - Processing: vless://44685034-88bb-4a40-a5c8-97559d21...
2026-01-30 18:46:21,426 - Checker-9 - INFO - V2Ray executable directory not found in environment variable, using default...
2026-01-30 18:46:21,427 - Checker-9 - INFO - V2Ray executables found at C:\Users\tyca7\.v2ray
2026-01-30 18:46:21,427 - Checker-9 - INFO - V2Ray executable found at C:\Users\tyca7\.v2ray\xray.exe
2026-01-30 18:46:21,428 - Checker-9 - INFO - Starting V2Ray with command: C:\Users\tyca7\.v2ray\xray.exe run -config C:\Users\tyca7\AppData\Local\Temp\tmpk59fd4dp.json
2026-01-30 18:46:21,470 - Checker-5 - INFO - V2Ray proxy is ready and accepting connections
2026-01-30 18:46:21,470 - Checker-5 - INFO - V2Ray started successfully on SOCKS port 53141, HTTP port 53140
2026-01-30 18:46:21,470 - Checker-5 - INFO - Testing connectivity via http://127.0.0.1:53140...
2026-01-30 18:46:21,517 - Checker-9 - INFO - V2Ray proxy is ready and accepting connections
2026-01-30 18:46:21,517 - Checker-9 - INFO - V2Ray started successfully on SOCKS port 53143, HTTP port 53142
2026-01-30 18:46:21,518 - Checker-9 - INFO - Testing connectivity via http://127.0.0.1:53142...
2026-01-30 18:46:22,092 - Checker-9 - INFO -   -> SUCCESS! Proxy is working. Status: 204
2026-01-30 18:46:22,098 - Checker-9 - INFO - V2Ray process stopped
2026-01-30 18:46:22,099 - Checker-9 - INFO - Processing: vmess://eyJ2IjogIjIiLCAicHMiOiAidm1lc3Mt...
2026-01-30 18:46:22,100 - Checker-9 - INFO - V2Ray executable directory not found in environment variable, using default...
2026-01-30 18:46:22,101 - Checker-9 - INFO - V2Ray executables found at C:\Users\tyca7\.v2ray
2026-01-30 18:46:22,101 - Checker-9 - INFO - V2Ray executable found at C:\Users\tyca7\.v2ray\xray.exe
2026-01-30 18:46:22,102 - Checker-9 - INFO - Starting V2Ray with command: C:\Users\tyca7\.v2ray\xray.exe run -config C:\Users\tyca7\AppData\Local\Temp\tmp9uls6k5_.json
2026-01-30 18:46:22,104 - Checker-5 - INFO -   -> SUCCESS! Proxy is working. Status: 204
2026-01-30 18:46:22,111 - Checker-5 - INFO - V2Ray process stopped
2026-01-30 18:46:22,112 - Checker-5 - INFO - Processing: vless://ec79b81e-74c1-bd68-7d2c-011ecb6f...
2026-01-30 18:46:22,114 - Checker-5 - INFO - V2Ray executable directory not found in environment variable, using default...
2026-01-30 18:46:22,114 - Checker-5 - INFO - V2Ray executables found at C:\Users\tyca7\.v2ray
2026-01-30 18:46:22,114 - Checker-5 - INFO - V2Ray executable found at C:\Users\tyca7\.v2ray\xray.exe
2026-01-30 18:46:22,115 - Checker-5 - INFO - Starting V2Ray with command: C:\Users\tyca7\.v2ray\xray.exe run -config C:\Users\tyca7\AppData\Local\Temp\tmpnj0vk4m_.json
2026-01-30 18:46:22,183 - Checker-9 - INFO - V2Ray proxy is ready and accepting connections
2026-01-30 18:46:22,184 - Checker-9 - INFO - V2Ray started successfully on SOCKS port 53157, HTTP port 53156
2026-01-30 18:46:22,184 - Checker-9 - INFO - Testing connectivity via http://127.0.0.1:53156...
2026-01-30 18:46:22,199 - Checker-5 - INFO - V2Ray proxy is ready and accepting connections
2026-01-30 18:46:22,200 - Checker-5 - INFO - V2Ray started successfully on SOCKS port 53159, HTTP port 53158
2026-01-30 18:46:22,200 - Checker-5 - INFO - Testing connectivity via http://127.0.0.1:53158...
2026-01-30 18:46:22,777 - Checker-8 - INFO -   -> SUCCESS! Proxy is working. Status: 204
2026-01-30 18:46:22,783 - Checker-8 - INFO - V2Ray process stopped
2026-01-30 18:46:22,783 - Checker-8 - INFO - Processing: vless://c5fbb5dd-83bb-43ce-a799-e3e5c29e...
2026-01-30 18:46:22,785 - Checker-8 - INFO - V2Ray executable directory not found in environment variable, using default...
2026-01-30 18:46:22,785 - Checker-8 - INFO - V2Ray executables found at C:\Users\tyca7\.v2ray
2026-01-30 18:46:22,786 - Checker-8 - INFO - V2Ray executable found at C:\Users\tyca7\.v2ray\xray.exe
2026-01-30 18:46:22,786 - Checker-8 - INFO - Starting V2Ray with command: C:\Users\tyca7\.v2ray\xray.exe run -config C:\Users\tyca7\AppData\Local\Temp\tmpvzh3kyt1.json
2026-01-30 18:46:22,867 - Checker-8 - INFO - V2Ray proxy is ready and accepting connections
2026-01-30 18:46:22,868 - Checker-8 - INFO - V2Ray started successfully on SOCKS port 53174, HTTP port 53173
2026-01-30 18:46:22,868 - Checker-8 - INFO - Testing connectivity via http://127.0.0.1:53173...
2026-01-30 18:46:23,388 - Checker-3 - WARNING -   -> FAILED. Received unexpected status code: 503
2026-01-30 18:46:23,394 - Checker-3 - INFO - V2Ray process stopped
2026-01-30 18:46:23,395 - Checker-3 - INFO - Processing: vless://b11a59d6-7a55-4f34-bb8e-f452f96a...
2026-01-30 18:46:23,397 - Checker-3 - INFO - V2Ray executable directory not found in environment variable, using default...
2026-01-30 18:46:23,397 - Checker-3 - INFO - V2Ray executables found at C:\Users\tyca7\.v2ray
2026-01-30 18:46:23,397 - Checker-3 - INFO - V2Ray executable found at C:\Users\tyca7\.v2ray\xray.exe
2026-01-30 18:46:23,398 - Checker-3 - INFO - Starting V2Ray with command: C:\Users\tyca7\.v2ray\xray.exe run -config C:\Users\tyca7\AppData\Local\Temp\tmp1cwflv1a.json
2026-01-30 18:46:23,487 - Checker-3 - INFO - V2Ray proxy is ready and accepting connections
2026-01-30 18:46:23,487 - Checker-3 - INFO - V2Ray started successfully on SOCKS port 53182, HTTP port 53181
2026-01-30 18:46:23,488 - Checker-3 - INFO - Testing connectivity via http://127.0.0.1:53181...
2026-01-30 18:46:26,405 - Checker-2 - WARNING -   -> FAILED. Connection error: ReadTimeout
2026-01-30 18:46:26,405 - Checker-10 - WARNING -   -> FAILED. Connection error: ReadTimeout
2026-01-30 18:46:26,414 - Checker-2 - INFO - V2Ray process stopped
2026-01-30 18:46:26,415 - Checker-2 - INFO - Processing: vless://e5f8a9f6-f164-479b-b3b5-b90f213c...
2026-01-30 18:46:26,415 - Checker-10 - INFO - V2Ray process stopped
2026-01-30 18:46:26,416 - Checker-10 - INFO - Processing: vless://dc4ac680-0626-4005-83f5-111ae1a3...
2026-01-30 18:46:26,417 - Checker-2 - INFO - V2Ray executable directory not found in environment variable, using default...
2026-01-30 18:46:26,418 - Checker-2 - INFO - V2Ray executables found at C:\Users\tyca7\.v2ray
2026-01-30 18:46:26,418 - Checker-10 - INFO - V2Ray executable directory not found in environment variable, using default...
2026-01-30 18:46:26,418 - Checker-2 - INFO - V2Ray executable found at C:\Users\tyca7\.v2ray\xray.exe
2026-01-30 18:46:26,419 - Checker-10 - INFO - V2Ray executables found at C:\Users\tyca7\.v2ray
2026-01-30 18:46:26,419 - Checker-2 - INFO - Starting V2Ray with command: C:\Users\tyca7\.v2ray\xray.exe run -config C:\Users\tyca7\AppData\Local\Temp\tmpl9am0rxz.json
2026-01-30 18:46:26,419 - Checker-10 - INFO - V2Ray executable found at C:\Users\tyca7\.v2ray\xray.exe
2026-01-30 18:46:26,420 - Checker-10 - INFO - Starting V2Ray with command: C:\Users\tyca7\.v2ray\xray.exe run -config C:\Users\tyca7\AppData\Local\Temp\tmpcvmqgumv.json
2026-01-30 18:46:26,499 - Checker-10 - INFO - V2Ray proxy is ready and accepting connections
2026-01-30 18:46:26,499 - Checker-2 - INFO - V2Ray proxy is ready and accepting connections
2026-01-30 18:46:26,500 - Checker-10 - INFO - V2Ray started successfully on SOCKS port 53194, HTTP port 53193
2026-01-30 18:46:26,500 - Checker-2 - INFO - V2Ray started successfully on SOCKS port 53192, HTTP port 53191
2026-01-30 18:46:26,500 - Checker-10 - INFO - Testing connectivity via http://127.0.0.1:53193...
2026-01-30 18:46:26,500 - Checker-2 - INFO - Testing connectivity via http://127.0.0.1:53191...
2026-01-30 18:46:26,546 - Checker-6 - WARNING -   -> FAILED. Connection error: ReadTimeout
2026-01-30 18:46:26,552 - Checker-6 - INFO - V2Ray process stopped
2026-01-30 18:46:26,553 - Checker-6 - INFO - Processing: vless://a5712440-3cec-4a1b-82e8-767c54ac...
2026-01-30 18:46:26,554 - Checker-6 - INFO - V2Ray executable directory not found in environment variable, using default...
2026-01-30 18:46:26,555 - Checker-6 - INFO - V2Ray executables found at C:\Users\tyca7\.v2ray
2026-01-30 18:46:26,555 - Checker-6 - INFO - V2Ray executable found at C:\Users\tyca7\.v2ray\xray.exe
2026-01-30 18:46:26,555 - Checker-6 - INFO - Starting V2Ray with command: C:\Users\tyca7\.v2ray\xray.exe run -config C:\Users\tyca7\AppData\Local\Temp\tmpas2xsvca.json
2026-01-30 18:46:26,640 - Checker-6 - INFO - V2Ray proxy is ready and accepting connections
2026-01-30 18:46:26,640 - Checker-6 - INFO - V2Ray started successfully on SOCKS port 53209, HTTP port 53208
2026-01-30 18:46:26,640 - Checker-6 - INFO - Testing connectivity via http://127.0.0.1:53208...
2026-01-30 18:46:26,731 - Checker-10 - WARNING -   -> FAILED. Received unexpected status code: 503
2026-01-30 18:46:26,737 - Checker-10 - INFO - V2Ray process stopped
2026-01-30 18:46:26,737 - Checker-10 - INFO - Processing: vless://1e35b4bf-b270-4c0b-918d-62746eed...
2026-01-30 18:46:26,739 - Checker-10 - INFO - V2Ray executable directory not found in environment variable, using default...
2026-01-30 18:46:26,739 - Checker-10 - INFO - V2Ray executables found at C:\Users\tyca7\.v2ray
2026-01-30 18:46:26,740 - Checker-10 - INFO - V2Ray executable found at C:\Users\tyca7\.v2ray\xray.exe
2026-01-30 18:46:26,740 - Checker-10 - INFO - Starting V2Ray with command: C:\Users\tyca7\.v2ray\xray.exe run -config C:\Users\tyca7\AppData\Local\Temp\tmp2x1yandd.json
2026-01-30 18:46:26,798 - Checker-4 - WARNING -   -> FAILED. Connection error: ReadTimeout
2026-01-30 18:46:26,804 - Checker-4 - INFO - V2Ray process stopped
2026-01-30 18:46:26,805 - Checker-4 - INFO - Processing: vless://860d8f27-ed60-4791-b6a0-e1e471d7...
2026-01-30 18:46:26,806 - Checker-4 - INFO - V2Ray executable directory not found in environment variable, using default...
2026-01-30 18:46:26,807 - Checker-4 - INFO - V2Ray executables found at C:\Users\tyca7\.v2ray
2026-01-30 18:46:26,807 - Checker-4 - INFO - V2Ray executable found at C:\Users\tyca7\.v2ray\xray.exe
2026-01-30 18:46:26,807 - Checker-4 - INFO - Starting V2Ray with command: C:\Users\tyca7\.v2ray\xray.exe run -config C:\Users\tyca7\AppData\Local\Temp\tmpaz0rp3lu.json
2026-01-30 18:46:26,814 - Checker-10 - INFO - V2Ray proxy is ready and accepting connections
2026-01-30 18:46:26,814 - Checker-10 - INFO - V2Ray started successfully on SOCKS port 53217, HTTP port 53216
2026-01-30 18:46:26,815 - Checker-10 - INFO - Testing connectivity via http://127.0.0.1:53216...
2026-01-30 18:46:26,876 - Checker-4 - INFO - V2Ray proxy is ready and accepting connections
2026-01-30 18:46:26,876 - Checker-4 - INFO - V2Ray started successfully on SOCKS port 53222, HTTP port 53221
2026-01-30 18:46:26,876 - Checker-4 - INFO - Testing connectivity via http://127.0.0.1:53221...
2026-01-30 18:46:28,583 - Checker-7 - WARNING -   -> FAILED. Connection error: ReadTimeout
2026-01-30 18:46:28,589 - Checker-7 - INFO - V2Ray process stopped
2026-01-30 18:46:28,590 - Checker-7 - INFO - Processing: vless://e9052516-1e37-4665-a0b4-a5c65dd0...
2026-01-30 18:46:28,591 - Checker-7 - INFO - V2Ray executable directory not found in environment variable, using default...
2026-01-30 18:46:28,592 - Checker-7 - INFO - V2Ray executables found at C:\Users\tyca7\.v2ray
2026-01-30 18:46:28,592 - Checker-7 - INFO - V2Ray executable found at C:\Users\tyca7\.v2ray\xray.exe
2026-01-30 18:46:28,593 - Checker-7 - INFO - Starting V2Ray with command: C:\Users\tyca7\.v2ray\xray.exe run -config C:\Users\tyca7\AppData\Local\Temp\tmpo76bwocd.json
2026-01-30 18:46:28,677 - Checker-7 - INFO - V2Ray proxy is ready and accepting connections
2026-01-30 18:46:28,678 - Checker-7 - INFO - V2Ray started successfully on SOCKS port 53233, HTTP port 53232
2026-01-30 18:46:28,678 - Checker-7 - INFO - Testing connectivity via http://127.0.0.1:53232...
2026-01-30 18:46:29,045 - Checker-1 - WARNING -   -> FAILED. Connection error: ReadTimeout
2026-01-30 18:46:29,050 - Checker-1 - INFO - V2Ray process stopped
2026-01-30 18:46:29,051 - Checker-1 - INFO - Processing: ss://Y2hhY2hhMjAtaWV0Zi1wb2x5MTMwNTo1NjU...
2026-01-30 18:46:29,053 - Checker-1 - INFO - V2Ray executable directory not found in environment variable, using default...
2026-01-30 18:46:29,053 - Checker-1 - INFO - V2Ray executables found at C:\Users\tyca7\.v2ray
2026-01-30 18:46:29,053 - Checker-1 - INFO - V2Ray executable found at C:\Users\tyca7\.v2ray\xray.exe
2026-01-30 18:46:29,054 - Checker-1 - INFO - Starting V2Ray with command: C:\Users\tyca7\.v2ray\xray.exe run -config C:\Users\tyca7\AppData\Local\Temp\tmp19jhqjpm.json
2026-01-30 18:46:29,137 - Checker-1 - INFO - V2Ray proxy is ready and accepting connections
2026-01-30 18:46:29,138 - Checker-1 - INFO - V2Ray started successfully on SOCKS port 53241, HTTP port 53240
2026-01-30 18:46:29,138 - Checker-1 - INFO - Testing connectivity via http://127.0.0.1:53240...
2026-01-30 18:46:30,207 - Checker-9 - WARNING -   -> FAILED. Connection error: ReadTimeout
2026-01-30 18:46:30,213 - Checker-9 - INFO - V2Ray process stopped
2026-01-30 18:46:30,214 - Checker-9 - INFO - Processing: ss://Y2hhY2hhMjAtaWV0Zi1wb2x5MTMwNTo4MGJ...
2026-01-30 18:46:30,215 - Checker-9 - INFO - V2Ray executable directory not found in environment variable, using default...
2026-01-30 18:46:30,216 - Checker-9 - INFO - V2Ray executables found at C:\Users\tyca7\.v2ray
2026-01-30 18:46:30,216 - Checker-9 - INFO - V2Ray executable found at C:\Users\tyca7\.v2ray\xray.exe
2026-01-30 18:46:30,216 - Checker-9 - INFO - Starting V2Ray with command: C:\Users\tyca7\.v2ray\xray.exe run -config C:\Users\tyca7\AppData\Local\Temp\tmpbeq7o32q.json
2026-01-30 18:46:30,223 - Checker-5 - WARNING -   -> FAILED. Connection error: ReadTimeout
2026-01-30 18:46:30,229 - Checker-5 - INFO - V2Ray process stopped
2026-01-30 18:46:30,229 - Checker-5 - INFO - Processing: vless://4a8d4562-7192-4e83-8a24-75515a16...
2026-01-30 18:46:30,231 - Checker-5 - INFO - V2Ray executable directory not found in environment variable, using default...
2026-01-30 18:46:30,232 - Checker-5 - INFO - V2Ray executables found at C:\Users\tyca7\.v2ray
2026-01-30 18:46:30,232 - Checker-5 - INFO - V2Ray executable found at C:\Users\tyca7\.v2ray\xray.exe
2026-01-30 18:46:30,232 - Checker-5 - INFO - Starting V2Ray with command: C:\Users\tyca7\.v2ray\xray.exe run -config C:\Users\tyca7\AppData\Local\Temp\tmpnzfvafli.json
2026-01-30 18:46:30,285 - Checker-9 - INFO - V2Ray proxy is ready and accepting connections
2026-01-30 18:46:30,285 - Checker-9 - INFO - V2Ray started successfully on SOCKS port 53249, HTTP port 53248
2026-01-30 18:46:30,286 - Checker-9 - INFO - Testing connectivity via http://127.0.0.1:53248...
2026-01-30 18:46:30,286 - Checker-5 - INFO - V2Ray proxy is ready and accepting connections
2026-01-30 18:46:30,287 - Checker-5 - INFO - V2Ray started successfully on SOCKS port 53251, HTTP port 53250
2026-01-30 18:46:30,287 - Checker-5 - INFO - Testing connectivity via http://127.0.0.1:53250...
2026-01-30 18:46:30,891 - Checker-8 - WARNING -   -> FAILED. Connection error: ReadTimeout
2026-01-30 18:46:30,897 - Checker-8 - INFO - V2Ray process stopped
2026-01-30 18:46:30,898 - Checker-8 - INFO - Processing: vless://0f4dacd7-8f8f-4326-a849-1b1593e8...
2026-01-30 18:46:30,900 - Checker-8 - INFO - V2Ray executable directory not found in environment variable, using default...
2026-01-30 18:46:30,900 - Checker-8 - INFO - V2Ray executables found at C:\Users\tyca7\.v2ray
2026-01-30 18:46:30,900 - Checker-8 - INFO - V2Ray executable found at C:\Users\tyca7\.v2ray\xray.exe
2026-01-30 18:46:30,901 - Checker-8 - INFO - Starting V2Ray with command: C:\Users\tyca7\.v2ray\xray.exe run -config C:\Users\tyca7\AppData\Local\Temp\tmpdowvgl7a.json
2026-01-30 18:46:30,970 - Checker-8 - INFO - V2Ray proxy is ready and accepting connections
2026-01-30 18:46:30,970 - Checker-8 - INFO - V2Ray started successfully on SOCKS port 53266, HTTP port 53265
2026-01-30 18:46:30,971 - Checker-8 - INFO - Testing connectivity via http://127.0.0.1:53265...
2026-01-30 18:46:31,484 - Checker-8 - INFO -   -> SUCCESS! Proxy is working. Status: 204
2026-01-30 18:46:31,490 - Checker-8 - INFO - V2Ray process stopped
2026-01-30 18:46:31,490 - Checker-8 - INFO - Processing: vless://93a20fae-54f4-4e25-93ef-995b3e52...
2026-01-30 18:46:31,492 - Checker-8 - INFO - V2Ray executable directory not found in environment variable, using default...
2026-01-30 18:46:31,492 - Checker-8 - INFO - V2Ray executables found at C:\Users\tyca7\.v2ray
2026-01-30 18:46:31,493 - Checker-8 - INFO - V2Ray executable found at C:\Users\tyca7\.v2ray\xray.exe
2026-01-30 18:46:31,493 - Checker-8 - INFO - Starting V2Ray with command: C:\Users\tyca7\.v2ray\xray.exe run -config C:\Users\tyca7\AppData\Local\Temp\tmpq0rgplva.json
2026-01-30 18:46:31,511 - Checker-3 - WARNING -   -> FAILED. Connection error: ReadTimeout
2026-01-30 18:46:31,517 - Checker-3 - INFO - V2Ray process stopped
2026-01-30 18:46:31,518 - Checker-3 - INFO - Processing: vless://ba9ddd0d-5ffd-4d40-b76d-df32ecb0...
2026-01-30 18:46:31,520 - Checker-3 - INFO - V2Ray executable directory not found in environment variable, using default...
2026-01-30 18:46:31,520 - Checker-3 - INFO - V2Ray executables found at C:\Users\tyca7\.v2ray
2026-01-30 18:46:31,521 - Checker-3 - INFO - V2Ray executable found at C:\Users\tyca7\.v2ray\xray.exe
2026-01-30 18:46:31,521 - Checker-3 - INFO - Starting V2Ray with command: C:\Users\tyca7\.v2ray\xray.exe run -config C:\Users\tyca7\AppData\Local\Temp\tmp5_pv_1d2.json
2026-01-30 18:46:31,546 - Checker-8 - ERROR - V2Ray exited with code 23.
Stdout: Xray 25.8.3 (Xray, Penetrates Everything.) bd86732 (go1.24.5 windows/amd64)
A unified platform for anti-censorship.
Failed to start: main: failed to load config files: [C:\Users\tyca7\AppData\Local\Temp\tmpq0rgplva.json] > infra/conf: failed to build outbound config with tag  > infra/conf: failed to build stream settings for outbound detour > infra/conf: REALITY: Empty "realitySettings".

Stderr: 
2026-01-30 18:46:31,546 - Checker-8 - ERROR - Config file content: {
  "inbounds": [
    {
      "port": 53274,
      "protocol": "socks",
      "settings": {
        "udp": true
      }
    },
    {
      "port": 53273,
      "protocol": "http"
    }
  ],
  "outbounds": [
    {
      "protocol": "vless",
      "settings": {
        "vnext": [
          {
            "address": "45.83.140.34",
            "port": 8443,
            "users": [
              {
                "id": "93a20fae-54f4-4e25-93ef-995b3e52fc04",
                "encryption": "none",
                "level": 0
              }
            ]
          }
        ]
      },
      "streamSettings": {
        "network": "tcp",
        "security": "reality"
      }
    }
  ]
}
2026-01-30 18:46:31,547 - Checker-8 - ERROR - Error starting V2Ray: Failed to start V2Ray: V2Ray exited with code 23.
Stdout: Xray 25.8.3 (Xray, Penetrates Everything.) bd86732 (go1.24.5 windows/amd64)
A unified platform for anti-censorship.
Failed to start: main: failed to load config files: [C:\Users\tyca7\AppData\Local\Temp\tmpq0rgplva.json] > infra/conf: failed to build outbound config with tag  > infra/conf: failed to build stream settings for outbound detour > infra/conf: REALITY: Empty "realitySettings".

Stderr: 
2026-01-30 18:46:31,548 - Checker-8 - ERROR -   -> ERROR. An exception occurred: Failed to start V2Ray: V2Ray exited with code 23.
Stdout: Xray 25.8.3 (Xray, Penetrates Everything.) bd86732 (go1.24.5 windows/amd64)
A unified platform for anti-censorship.
Failed to start: main: failed to load config files: [C:\Users\tyca7\AppData\Local\Temp\tmpq0rgplva.json] > infra/conf: failed to build outbound config with tag  > infra/conf: failed to build stream settings for outbound detour > infra/conf: REALITY: Empty "realitySettings".

Stderr: 
2026-01-30 18:46:31,548 - Checker-8 - INFO - Processing: vless://d6b1327d-2bec-4366-a3a1-9b1284f9...
2026-01-30 18:46:31,549 - Checker-8 - INFO - V2Ray executable directory not found in environment variable, using default...
2026-01-30 18:46:31,550 - Checker-8 - INFO - V2Ray executables found at C:\Users\tyca7\.v2ray
2026-01-30 18:46:31,550 - Checker-8 - INFO - V2Ray executable found at C:\Users\tyca7\.v2ray\xray.exe
2026-01-30 18:46:31,551 - Checker-8 - INFO - Starting V2Ray with command: C:\Users\tyca7\.v2ray\xray.exe run -config C:\Users\tyca7\AppData\Local\Temp\tmp7svq29o7.json
2026-01-30 18:46:31,573 - Checker-3 - ERROR - V2Ray exited with code 23.
Stdout: Xray 25.8.3 (Xray, Penetrates Everything.) bd86732 (go1.24.5 windows/amd64)
A unified platform for anti-censorship.
Failed to start: main: failed to load config files: [C:\Users\tyca7\AppData\Local\Temp\tmp5_pv_1d2.json] > infra/conf: failed to build outbound config with tag  > infra/conf: failed to build stream settings for outbound detour > infra/conf: REALITY: Empty "realitySettings".

Stderr: 
2026-01-30 18:46:31,574 - Checker-3 - ERROR - Config file content: {
  "inbounds": [
    {
      "port": 53277,
      "protocol": "socks",
      "settings": {
        "udp": true
      }
    },
    {
      "port": 53276,
      "protocol": "http"
    }
  ],
  "outbounds": [
    {
      "protocol": "vless",
      "settings": {
        "vnext": [
          {
            "address": "dostupbypass1.suio.me",
            "port": 443,
            "users": [
              {
                "id": "ba9ddd0d-5ffd-4d40-b76d-df32ecb092a1",
                "encryption": "none",
                "level": 0
              }
            ]
          }
        ]
      },
      "streamSettings": {
        "network": "tcp",
        "security": "reality"
      }
    }
  ]
}
2026-01-30 18:46:31,574 - Checker-3 - ERROR - Error starting V2Ray: Failed to start V2Ray: V2Ray exited with code 23.
Stdout: Xray 25.8.3 (Xray, Penetrates Everything.) bd86732 (go1.24.5 windows/amd64)
A unified platform for anti-censorship.
Failed to start: main: failed to load config files: [C:\Users\tyca7\AppData\Local\Temp\tmp5_pv_1d2.json] > infra/conf: failed to build outbound config with tag  > infra/conf: failed to build stream settings for outbound detour > infra/conf: REALITY: Empty "realitySettings".

Stderr: 
2026-01-30 18:46:31,575 - Checker-3 - ERROR -   -> ERROR. An exception occurred: Failed to start V2Ray: V2Ray exited with code 23.
Stdout: Xray 25.8.3 (Xray, Penetrates Everything.) bd86732 (go1.24.5 windows/amd64)
A unified platform for anti-censorship.
Failed to start: main: failed to load config files: [C:\Users\tyca7\AppData\Local\Temp\tmp5_pv_1d2.json] > infra/conf: failed to build outbound config with tag  > infra/conf: failed to build stream settings for outbound detour > infra/conf: REALITY: Empty "realitySettings".

Stderr: 
2026-01-30 18:46:31,576 - Checker-3 - INFO - Processing: vless://e4fc4761-154f-490e-bbaa-b4fa193f...
2026-01-30 18:46:31,577 - Checker-3 - INFO - V2Ray executable directory not found in environment variable, using default...
2026-01-30 18:46:31,578 - Checker-3 - INFO - V2Ray executables found at C:\Users\tyca7\.v2ray
2026-01-30 18:46:31,578 - Checker-3 - INFO - V2Ray executable found at C:\Users\tyca7\.v2ray\xray.exe
2026-01-30 18:46:31,578 - Checker-3 - INFO - Starting V2Ray with command: C:\Users\tyca7\.v2ray\xray.exe run -config C:\Users\tyca7\AppData\Local\Temp\tmpur286rth.json
2026-01-30 18:46:31,604 - Checker-8 - ERROR - V2Ray exited with code 23.
Stdout: Xray 25.8.3 (Xray, Penetrates Everything.) bd86732 (go1.24.5 windows/amd64)
A unified platform for anti-censorship.
Failed to start: main: failed to load config files: [C:\Users\tyca7\AppData\Local\Temp\tmp7svq29o7.json] > infra/conf: failed to build outbound config with tag  > infra/conf: failed to build stream settings for outbound detour > infra/conf: REALITY: Empty "realitySettings".

Stderr: 
2026-01-30 18:46:31,604 - Checker-8 - ERROR - Config file content: {
  "inbounds": [
    {
      "port": 53279,
      "protocol": "socks",
      "settings": {
        "udp": true
      }
    },
    {
      "port": 53278,
      "protocol": "http"
    }
  ],
  "outbounds": [
    {
      "protocol": "vless",
      "settings": {
        "vnext": [
          {
            "address": "94.103.1.230",
            "port": 443,
            "users": [
              {
                "id": "d6b1327d-2bec-4366-a3a1-9b1284f95841",
                "encryption": "none",
                "level": 0
              }
            ]
          }
        ]
      },
      "streamSettings": {
        "network": "tcp",
        "security": "reality"
      }
    }
  ]
}
2026-01-30 18:46:31,605 - Checker-8 - ERROR - Error starting V2Ray: Failed to start V2Ray: V2Ray exited with code 23.
Stdout: Xray 25.8.3 (Xray, Penetrates Everything.) bd86732 (go1.24.5 windows/amd64)
A unified platform for anti-censorship.
Failed to start: main: failed to load config files: [C:\Users\tyca7\AppData\Local\Temp\tmp7svq29o7.json] > infra/conf: failed to build outbound config with tag  > infra/conf: failed to build stream settings for outbound detour > infra/conf: REALITY: Empty "realitySettings".

Stderr: 
2026-01-30 18:46:31,605 - Checker-8 - ERROR -   -> ERROR. An exception occurred: Failed to start V2Ray: V2Ray exited with code 23.
Stdout: Xray 25.8.3 (Xray, Penetrates Everything.) bd86732 (go1.24.5 windows/amd64)
A unified platform for anti-censorship.
Failed to start: main: failed to load config files: [C:\Users\tyca7\AppData\Local\Temp\tmp7svq29o7.json] > infra/conf: failed to build outbound config with tag  > infra/conf: failed to build stream settings for outbound detour > infra/conf: REALITY: Empty "realitySettings".

Stderr: 
2026-01-30 18:46:31,606 - Checker-8 - INFO - Processing: vless://c8e81aea-2c89-45f8-9a34-ecb2637e...
2026-01-30 18:46:31,607 - Checker-8 - INFO - V2Ray executable directory not found in environment variable, using default...
2026-01-30 18:46:31,608 - Checker-8 - INFO - V2Ray executables found at C:\Users\tyca7\.v2ray
2026-01-30 18:46:31,608 - Checker-8 - INFO - V2Ray executable found at C:\Users\tyca7\.v2ray\xray.exe
2026-01-30 18:46:31,608 - Checker-8 - INFO - Starting V2Ray with command: C:\Users\tyca7\.v2ray\xray.exe run -config C:\Users\tyca7\AppData\Local\Temp\tmptj7d0ni5.json
2026-01-30 18:46:31,666 - Checker-3 - INFO - V2Ray proxy is ready and accepting connections
2026-01-30 18:46:31,667 - Checker-3 - INFO - V2Ray started successfully on SOCKS port 53281, HTTP port 53280
2026-01-30 18:46:31,667 - Checker-3 - INFO - Testing connectivity via http://127.0.0.1:53280...
2026-01-30 18:46:31,683 - Checker-8 - INFO - V2Ray proxy is ready and accepting connections
2026-01-30 18:46:31,683 - Checker-8 - INFO - V2Ray started successfully on SOCKS port 53285, HTTP port 53284
2026-01-30 18:46:31,683 - Checker-8 - INFO - Testing connectivity via http://127.0.0.1:53284...
2026-01-30 18:46:32,135 - Checker-8 - INFO -   -> SUCCESS! Proxy is working. Status: 204
2026-01-30 18:46:32,141 - Checker-8 - INFO - V2Ray process stopped
2026-01-30 18:46:32,142 - Checker-8 - INFO - Processing: vless://32663838-6132-4561-b532-65343161...
2026-01-30 18:46:32,143 - Checker-8 - INFO - V2Ray executable directory not found in environment variable, using default...
2026-01-30 18:46:32,144 - Checker-8 - INFO - V2Ray executables found at C:\Users\tyca7\.v2ray
2026-01-30 18:46:32,144 - Checker-8 - INFO - V2Ray executable found at C:\Users\tyca7\.v2ray\xray.exe
2026-01-30 18:46:32,144 - Checker-8 - INFO - Starting V2Ray with command: C:\Users\tyca7\.v2ray\xray.exe run -config C:\Users\tyca7\AppData\Local\Temp\tmpi9pd12_y.json
2026-01-30 18:46:32,236 - Checker-8 - INFO - V2Ray proxy is ready and accepting connections
2026-01-30 18:46:32,237 - Checker-8 - INFO - V2Ray started successfully on SOCKS port 53297, HTTP port 53296
2026-01-30 18:46:32,237 - Checker-8 - INFO - Testing connectivity via http://127.0.0.1:53296...
2026-01-30 18:46:34,514 - Checker-2 - WARNING -   -> FAILED. Connection error: ReadTimeout
2026-01-30 18:46:34,519 - Checker-2 - INFO - V2Ray process stopped
2026-01-30 18:46:34,520 - Checker-2 - INFO - Processing: vless://c8e0cef7-b3fc-4f4c-c31f-15e38f5c...
2026-01-30 18:46:34,521 - Checker-2 - INFO - V2Ray executable directory not found in environment variable, using default...
2026-01-30 18:46:34,522 - Checker-2 - INFO - V2Ray executables found at C:\Users\tyca7\.v2ray
2026-01-30 18:46:34,522 - Checker-2 - INFO - V2Ray executable found at C:\Users\tyca7\.v2ray\xray.exe
2026-01-30 18:46:34,523 - Checker-2 - INFO - Starting V2Ray with command: C:\Users\tyca7\.v2ray\xray.exe run -config C:\Users\tyca7\AppData\Local\Temp\tmpjcqzg2_5.json
2026-01-30 18:46:34,608 - Checker-2 - INFO - V2Ray proxy is ready and accepting connections
2026-01-30 18:46:34,608 - Checker-2 - INFO - V2Ray started successfully on SOCKS port 53306, HTTP port 53305
2026-01-30 18:46:34,608 - Checker-2 - INFO - Testing connectivity via http://127.0.0.1:53305...
2026-01-30 18:46:34,656 - Checker-6 - WARNING -   -> FAILED. Connection error: ReadTimeout
2026-01-30 18:46:34,662 - Checker-6 - INFO - V2Ray process stopped
2026-01-30 18:46:34,662 - Checker-6 - INFO - Processing: vless://fef4a93d-eb4f-4657-b56b-32a0dc06...
2026-01-30 18:46:34,664 - Checker-6 - INFO - V2Ray executable directory not found in environment variable, using default...
2026-01-30 18:46:34,664 - Checker-6 - INFO - V2Ray executables found at C:\Users\tyca7\.v2ray
2026-01-30 18:46:34,665 - Checker-6 - INFO - V2Ray executable found at C:\Users\tyca7\.v2ray\xray.exe
2026-01-30 18:46:34,665 - Checker-6 - INFO - Starting V2Ray with command: C:\Users\tyca7\.v2ray\xray.exe run -config C:\Users\tyca7\AppData\Local\Temp\tmpqh064o8v.json
2026-01-30 18:46:34,750 - Checker-6 - INFO - V2Ray proxy is ready and accepting connections
2026-01-30 18:46:34,750 - Checker-6 - INFO - V2Ray started successfully on SOCKS port 53315, HTTP port 53314
2026-01-30 18:46:34,751 - Checker-6 - INFO - Testing connectivity via http://127.0.0.1:53314...
2026-01-30 18:46:34,829 - Checker-10 - WARNING -   -> FAILED. Connection error: ReadTimeout
2026-01-30 18:46:34,835 - Checker-10 - INFO - V2Ray process stopped
2026-01-30 18:46:34,836 - Checker-10 - INFO - Processing: vless://5eb9b54d-3c4e-4588-97f7-e53fe3e9...
2026-01-30 18:46:34,837 - Checker-10 - INFO - V2Ray executable directory not found in environment variable, using default...
2026-01-30 18:46:34,838 - Checker-10 - INFO - V2Ray executables found at C:\Users\tyca7\.v2ray
2026-01-30 18:46:34,838 - Checker-10 - INFO - V2Ray executable found at C:\Users\tyca7\.v2ray\xray.exe
2026-01-30 18:46:34,839 - Checker-10 - INFO - Starting V2Ray with command: C:\Users\tyca7\.v2ray\xray.exe run -config C:\Users\tyca7\AppData\Local\Temp\tmpb9uc1gqh.json
2026-01-30 18:46:34,892 - Checker-4 - WARNING -   -> FAILED. Connection error: ReadTimeout
2026-01-30 18:46:34,898 - Checker-4 - INFO - V2Ray process stopped
2026-01-30 18:46:34,899 - Checker-4 - INFO - Processing: vless://517c776e-afbf-4749-9643-73c3ea26...
2026-01-30 18:46:34,900 - Checker-4 - INFO - V2Ray executable directory not found in environment variable, using default...
2026-01-30 18:46:34,901 - Checker-4 - INFO - V2Ray executables found at C:\Users\tyca7\.v2ray
2026-01-30 18:46:34,901 - Checker-4 - INFO - V2Ray executable found at C:\Users\tyca7\.v2ray\xray.exe
2026-01-30 18:46:34,901 - Checker-4 - INFO - Starting V2Ray with command: C:\Users\tyca7\.v2ray\xray.exe run -config C:\Users\tyca7\AppData\Local\Temp\tmp2sate5pr.json
2026-01-30 18:46:34,908 - Checker-10 - INFO - V2Ray proxy is ready and accepting connections
2026-01-30 18:46:34,909 - Checker-10 - INFO - V2Ray started successfully on SOCKS port 53324, HTTP port 53323
2026-01-30 18:46:34,909 - Checker-10 - INFO - Testing connectivity via http://127.0.0.1:53323...
2026-01-30 18:46:34,986 - Checker-4 - INFO - V2Ray proxy is ready and accepting connections
2026-01-30 18:46:34,986 - Checker-4 - INFO - V2Ray started successfully on SOCKS port 53330, HTTP port 53329
2026-01-30 18:46:34,986 - Checker-4 - INFO - Testing connectivity via http://127.0.0.1:53329...
2026-01-30 18:46:35,612 - Checker-10 - INFO -   -> SUCCESS! Proxy is working. Status: 204
2026-01-30 18:46:35,618 - Checker-10 - INFO - V2Ray process stopped
2026-01-30 18:46:35,619 - Checker-10 - INFO - Processing: vless://85f9e89d-3298-4c2c-9a03-8ab71be0...
2026-01-30 18:46:35,620 - Checker-10 - INFO - V2Ray executable directory not found in environment variable, using default...
2026-01-30 18:46:35,621 - Checker-10 - INFO - V2Ray executables found at C:\Users\tyca7\.v2ray
2026-01-30 18:46:35,621 - Checker-10 - INFO - V2Ray executable found at C:\Users\tyca7\.v2ray\xray.exe
2026-01-30 18:46:35,621 - Checker-10 - INFO - Starting V2Ray with command: C:\Users\tyca7\.v2ray\xray.exe run -config C:\Users\tyca7\AppData\Local\Temp\tmpjeps13mx.json
2026-01-30 18:46:35,700 - Checker-10 - INFO - V2Ray proxy is ready and accepting connections
2026-01-30 18:46:35,700 - Checker-10 - INFO - V2Ray started successfully on SOCKS port 53343, HTTP port 53342
2026-01-30 18:46:35,701 - Checker-10 - INFO - Testing connectivity via http://127.0.0.1:53342...
2026-01-30 18:46:36,227 - Checker-10 - INFO -   -> SUCCESS! Proxy is working. Status: 204
2026-01-30 18:46:36,233 - Checker-10 - INFO - V2Ray process stopped
2026-01-30 18:46:36,234 - Checker-10 - INFO - Processing: vless://6abc2840-25fd-4dd7-b1aa-0892fe98...
2026-01-30 18:46:36,236 - Checker-10 - INFO - V2Ray executable directory not found in environment variable, using default...
2026-01-30 18:46:36,236 - Checker-10 - INFO - V2Ray executables found at C:\Users\tyca7\.v2ray
2026-01-30 18:46:36,236 - Checker-10 - INFO - V2Ray executable found at C:\Users\tyca7\.v2ray\xray.exe
2026-01-30 18:46:36,237 - Checker-10 - INFO - Starting V2Ray with command: C:\Users\tyca7\.v2ray\xray.exe run -config C:\Users\tyca7\AppData\Local\Temp\tmpcpdy_4py.json
2026-01-30 18:46:36,319 - Checker-10 - INFO - V2Ray proxy is ready and accepting connections
2026-01-30 18:46:36,320 - Checker-10 - INFO - V2Ray started successfully on SOCKS port 53352, HTTP port 53351
2026-01-30 18:46:36,320 - Checker-10 - INFO - Testing connectivity via http://127.0.0.1:53351...
2026-01-30 18:46:36,702 - Checker-7 - WARNING -   -> FAILED. Connection error: ReadTimeout
2026-01-30 18:46:36,708 - Checker-7 - INFO - V2Ray process stopped
2026-01-30 18:46:36,709 - Checker-7 - INFO - Processing: vless://33e1a095-1e25-4198-bfe7-ec312e4f...
2026-01-30 18:46:36,711 - Checker-7 - INFO - V2Ray executable directory not found in environment variable, using default...
2026-01-30 18:46:36,711 - Checker-7 - INFO - V2Ray executables found at C:\Users\tyca7\.v2ray
2026-01-30 18:46:36,712 - Checker-7 - INFO - V2Ray executable found at C:\Users\tyca7\.v2ray\xray.exe
2026-01-30 18:46:36,712 - Checker-7 - INFO - Starting V2Ray with command: C:\Users\tyca7\.v2ray\xray.exe run -config C:\Users\tyca7\AppData\Local\Temp\tmpex9tz2as.json
2026-01-30 18:46:36,780 - Checker-7 - INFO - V2Ray proxy is ready and accepting connections
2026-01-30 18:46:36,781 - Checker-7 - INFO - V2Ray started successfully on SOCKS port 53361, HTTP port 53360
2026-01-30 18:46:36,781 - Checker-7 - INFO - Testing connectivity via http://127.0.0.1:53360...
2026-01-30 18:46:36,945 - Checker-10 - INFO -   -> SUCCESS! Proxy is working. Status: 204
2026-01-30 18:46:36,951 - Checker-10 - INFO - V2Ray process stopped
2026-01-30 18:46:36,952 - Checker-10 - INFO - Processing: vless://ba2bb9d8-9baa-45d6-9e0a-38c9cb6a...
2026-01-30 18:46:36,953 - Checker-10 - INFO - V2Ray executable directory not found in environment variable, using default...
2026-01-30 18:46:36,954 - Checker-10 - INFO - V2Ray executables found at C:\Users\tyca7\.v2ray
2026-01-30 18:46:36,954 - Checker-10 - INFO - V2Ray executable found at C:\Users\tyca7\.v2ray\xray.exe
2026-01-30 18:46:36,955 - Checker-10 - INFO - Starting V2Ray with command: C:\Users\tyca7\.v2ray\xray.exe run -config C:\Users\tyca7\AppData\Local\Temp\tmp5wge7rkc.json
2026-01-30 18:46:37,034 - Checker-10 - INFO - V2Ray proxy is ready and accepting connections
2026-01-30 18:46:37,034 - Checker-10 - INFO - V2Ray started successfully on SOCKS port 53370, HTTP port 53369
2026-01-30 18:46:37,035 - Checker-10 - INFO - Testing connectivity via http://127.0.0.1:53369...
2026-01-30 18:46:37,161 - Checker-1 - WARNING -   -> FAILED. Connection error: ReadTimeout
2026-01-30 18:46:37,167 - Checker-1 - INFO - V2Ray process stopped
2026-01-30 18:46:37,168 - Checker-1 - INFO - Processing: vless://4c97ec3e-3527-48c5-80ff-b7154638...
2026-01-30 18:46:37,169 - Checker-1 - INFO - V2Ray executable directory not found in environment variable, using default...
2026-01-30 18:46:37,170 - Checker-1 - INFO - V2Ray executables found at C:\Users\tyca7\.v2ray
2026-01-30 18:46:37,170 - Checker-1 - INFO - V2Ray executable found at C:\Users\tyca7\.v2ray\xray.exe
2026-01-30 18:46:37,171 - Checker-1 - INFO - Starting V2Ray with command: C:\Users\tyca7\.v2ray\xray.exe run -config C:\Users\tyca7\AppData\Local\Temp\tmpnzxly1pb.json
2026-01-30 18:46:37,255 - Checker-1 - INFO - V2Ray proxy is ready and accepting connections
2026-01-30 18:46:37,255 - Checker-1 - INFO - V2Ray started successfully on SOCKS port 53378, HTTP port 53377
2026-01-30 18:46:37,255 - Checker-1 - INFO - Testing connectivity via http://127.0.0.1:53377...
2026-01-30 18:46:37,535 - Checker-1 - INFO -   -> SUCCESS! Proxy is working. Status: 204
2026-01-30 18:46:37,541 - Checker-1 - INFO - V2Ray process stopped
2026-01-30 18:46:37,542 - Checker-1 - INFO - Processing: vless://65fe56c2-78ec-417a-a666-9f393eac...
2026-01-30 18:46:37,543 - Checker-1 - INFO - V2Ray executable directory not found in environment variable, using default...
2026-01-30 18:46:37,544 - Checker-1 - INFO - V2Ray executables found at C:\Users\tyca7\.v2ray
2026-01-30 18:46:37,544 - Checker-1 - INFO - V2Ray executable found at C:\Users\tyca7\.v2ray\xray.exe
2026-01-30 18:46:37,545 - Checker-1 - INFO - Starting V2Ray with command: C:\Users\tyca7\.v2ray\xray.exe run -config C:\Users\tyca7\AppData\Local\Temp\tmp293xlb32.json
2026-01-30 18:46:37,636 - Checker-1 - INFO - V2Ray proxy is ready and accepting connections
2026-01-30 18:46:37,637 - Checker-1 - INFO - V2Ray started successfully on SOCKS port 53386, HTTP port 53385
2026-01-30 18:46:37,637 - Checker-1 - INFO - Testing connectivity via http://127.0.0.1:53385...
2026-01-30 18:46:38,307 - Checker-5 - WARNING -   -> FAILED. Connection error: ReadTimeout
2026-01-30 18:46:38,307 - Checker-9 - WARNING -   -> FAILED. Connection error: ReadTimeout
2026-01-30 18:46:38,316 - Checker-5 - INFO - V2Ray process stopped
2026-01-30 18:46:38,317 - Checker-9 - INFO - V2Ray process stopped
2026-01-30 18:46:38,317 - Checker-5 - INFO - Processing: vless://546e91b5-c33e-4b04-b20c-c0fc8f6d...
2026-01-30 18:46:38,318 - Checker-9 - INFO - Processing: vless://3fa2f5cd-0cbc-4e4f-bce1-a59ae090...
2026-01-30 18:46:38,319 - Checker-5 - INFO - V2Ray executable directory not found in environment variable, using default...
2026-01-30 18:46:38,320 - Checker-9 - INFO - V2Ray executable directory not found in environment variable, using default...
2026-01-30 18:46:38,320 - Checker-5 - INFO - V2Ray executables found at C:\Users\tyca7\.v2ray
2026-01-30 18:46:38,321 - Checker-9 - INFO - V2Ray executables found at C:\Users\tyca7\.v2ray
2026-01-30 18:46:38,321 - Checker-5 - INFO - V2Ray executable found at C:\Users\tyca7\.v2ray\xray.exe
2026-01-30 18:46:38,321 - Checker-9 - INFO - V2Ray executable found at C:\Users\tyca7\.v2ray\xray.exe
2026-01-30 18:46:38,322 - Checker-5 - INFO - Starting V2Ray with command: C:\Users\tyca7\.v2ray\xray.exe run -config C:\Users\tyca7\AppData\Local\Temp\tmpjq9_c3yl.json
2026-01-30 18:46:38,322 - Checker-9 - INFO - Starting V2Ray with command: C:\Users\tyca7\.v2ray\xray.exe run -config C:\Users\tyca7\AppData\Local\Temp\tmpokqoddut.json
2026-01-30 18:46:38,375 - Checker-9 - ERROR - V2Ray exited with code 23.
Stdout: Xray 25.8.3 (Xray, Penetrates Everything.) bd86732 (go1.24.5 windows/amd64)
A unified platform for anti-censorship.
Failed to start: main: failed to load config files: [C:\Users\tyca7\AppData\Local\Temp\tmpokqoddut.json] > infra/conf: failed to build outbound config with tag  > infra/conf: failed to build stream settings for outbound detour > infra/conf: REALITY: Empty "realitySettings".

Stderr: 
2026-01-30 18:46:38,375 - Checker-5 - INFO - V2Ray proxy is ready and accepting connections
2026-01-30 18:46:38,376 - Checker-9 - ERROR - Config file content: {
  "inbounds": [
    {
      "port": 53397,
      "protocol": "socks",
      "settings": {
        "udp": true
      }
    },
    {
      "port": 53396,
      "protocol": "http"
    }
  ],
  "outbounds": [
    {
      "protocol": "vless",
      "settings": {
        "vnext": [
          {
            "address": "numarz1.gptpersian.ir",
            "port": 2280,
            "users": [
              {
                "id": "3fa2f5cd-0cbc-4e4f-bce1-a59ae090eef4",
                "encryption": "none",
                "level": 0
              }
            ]
          }
        ]
      },
      "streamSettings": {
        "network": "tcp",
        "security": "reality"
      }
    }
  ]
}
2026-01-30 18:46:38,376 - Checker-5 - INFO - V2Ray started successfully on SOCKS port 53395, HTTP port 53394
2026-01-30 18:46:38,376 - Checker-9 - ERROR - Error starting V2Ray: Failed to start V2Ray: V2Ray exited with code 23.
Stdout: Xray 25.8.3 (Xray, Penetrates Everything.) bd86732 (go1.24.5 windows/amd64)
A unified platform for anti-censorship.
Failed to start: main: failed to load config files: [C:\Users\tyca7\AppData\Local\Temp\tmpokqoddut.json] > infra/conf: failed to build outbound config with tag  > infra/conf: failed to build stream settings for outbound detour > infra/conf: REALITY: Empty "realitySettings".

Stderr: 
2026-01-30 18:46:38,377 - Checker-5 - INFO - Testing connectivity via http://127.0.0.1:53394...
2026-01-30 18:46:38,378 - Checker-9 - ERROR -   -> ERROR. An exception occurred: Failed to start V2Ray: V2Ray exited with code 23.
Stdout: Xray 25.8.3 (Xray, Penetrates Everything.) bd86732 (go1.24.5 windows/amd64)
A unified platform for anti-censorship.
Failed to start: main: failed to load config files: [C:\Users\tyca7\AppData\Local\Temp\tmpokqoddut.json] > infra/conf: failed to build outbound config with tag  > infra/conf: failed to build stream settings for outbound detour > infra/conf: REALITY: Empty "realitySettings".

Stderr: 
2026-01-30 18:46:38,379 - Checker-9 - INFO - Processing: trojan://BxceQaOe@43.207.157.137:2826?al...
2026-01-30 18:46:38,380 - Checker-9 - INFO - V2Ray executable directory not found in environment variable, using default...
2026-01-30 18:46:38,380 - Checker-9 - INFO - V2Ray executables found at C:\Users\tyca7\.v2ray
2026-01-30 18:46:38,381 - Checker-9 - INFO - V2Ray executable found at C:\Users\tyca7\.v2ray\xray.exe
2026-01-30 18:46:38,381 - Checker-9 - INFO - Starting V2Ray with command: C:\Users\tyca7\.v2ray\xray.exe run -config C:\Users\tyca7\AppData\Local\Temp\tmpltgkpm9w.json
2026-01-30 18:46:38,463 - Checker-9 - INFO - V2Ray proxy is ready and accepting connections
2026-01-30 18:46:38,464 - Checker-9 - INFO - V2Ray started successfully on SOCKS port 53404, HTTP port 53403
2026-01-30 18:46:38,464 - Checker-9 - INFO - Testing connectivity via http://127.0.0.1:53403...
2026-01-30 18:46:39,110 - Checker-8 - WARNING -   -> FAILED. Received unexpected status code: 503
2026-01-30 18:46:39,116 - Checker-8 - INFO - V2Ray process stopped
2026-01-30 18:46:39,116 - Checker-8 - INFO - Processing: vless://1a94fbd9-79d2-4aa7-bf1d-074f678d...
2026-01-30 18:46:39,118 - Checker-8 - INFO - V2Ray executable directory not found in environment variable, using default...
2026-01-30 18:46:39,119 - Checker-8 - INFO - V2Ray executables found at C:\Users\tyca7\.v2ray
2026-01-30 18:46:39,119 - Checker-8 - INFO - V2Ray executable found at C:\Users\tyca7\.v2ray\xray.exe
2026-01-30 18:46:39,120 - Checker-8 - INFO - Starting V2Ray with command: C:\Users\tyca7\.v2ray\xray.exe run -config C:\Users\tyca7\AppData\Local\Temp\tmpf3skbawe.json
2026-01-30 18:46:39,214 - Checker-8 - INFO - V2Ray proxy is ready and accepting connections
2026-01-30 18:46:39,214 - Checker-8 - INFO - V2Ray started successfully on SOCKS port 53415, HTTP port 53414
2026-01-30 18:46:39,214 - Checker-8 - INFO - Testing connectivity via http://127.0.0.1:53414...
2026-01-30 18:46:39,375 - Checker-10 - INFO -   -> SUCCESS! Proxy is working. Status: 204
2026-01-30 18:46:39,380 - Checker-10 - INFO - V2Ray process stopped
2026-01-30 18:46:39,381 - Checker-10 - INFO - Processing: ss://Y2hhY2hhMjAtaWV0Zi1wb2x5MTMwNTprYVF...
2026-01-30 18:46:39,382 - Checker-10 - INFO - V2Ray executable directory not found in environment variable, using default...
2026-01-30 18:46:39,383 - Checker-10 - INFO - V2Ray executables found at C:\Users\tyca7\.v2ray
2026-01-30 18:46:39,383 - Checker-10 - INFO - V2Ray executable found at C:\Users\tyca7\.v2ray\xray.exe
2026-01-30 18:46:39,384 - Checker-10 - INFO - Starting V2Ray with command: C:\Users\tyca7\.v2ray\xray.exe run -config C:\Users\tyca7\AppData\Local\Temp\tmpv24l5gwp.json
2026-01-30 18:46:39,467 - Checker-10 - INFO - V2Ray proxy is ready and accepting connections
2026-01-30 18:46:39,467 - Checker-10 - INFO - V2Ray started successfully on SOCKS port 53424, HTTP port 53423
2026-01-30 18:46:39,468 - Checker-10 - INFO - Testing connectivity via http://127.0.0.1:53423...
2026-01-30 18:46:39,689 - Checker-3 - WARNING -   -> FAILED. Connection error: ReadTimeout
2026-01-30 18:46:39,695 - Checker-3 - INFO - V2Ray process stopped
2026-01-30 18:46:39,696 - Checker-3 - INFO - Processing: vless://vpn_connects@vpconnect1.pishipis...
2026-01-30 18:46:39,697 - Checker-3 - INFO - V2Ray executable directory not found in environment variable, using default...
2026-01-30 18:46:39,698 - Checker-3 - INFO - V2Ray executables found at C:\Users\tyca7\.v2ray
2026-01-30 18:46:39,698 - Checker-3 - INFO - V2Ray executable found at C:\Users\tyca7\.v2ray\xray.exe
2026-01-30 18:46:39,698 - Checker-3 - INFO - Starting V2Ray with command: C:\Users\tyca7\.v2ray\xray.exe run -config C:\Users\tyca7\AppData\Local\Temp\tmparxq8z67.json
2026-01-30 18:46:39,783 - Checker-3 - INFO - V2Ray proxy is ready and accepting connections
2026-01-30 18:46:39,783 - Checker-3 - INFO - V2Ray started successfully on SOCKS port 53432, HTTP port 53431
2026-01-30 18:46:39,783 - Checker-3 - INFO - Testing connectivity via http://127.0.0.1:53431...
2026-01-30 18:46:40,029 - Checker-3 - INFO -   -> SUCCESS! Proxy is working. Status: 204
2026-01-30 18:46:40,035 - Checker-3 - INFO - V2Ray process stopped
2026-01-30 18:46:40,036 - Checker-3 - INFO - Processing: vless://0b516cf6-cd76-470c-954d-9374d734...
2026-01-30 18:46:40,037 - Checker-3 - INFO - V2Ray executable directory not found in environment variable, using default...
2026-01-30 18:46:40,038 - Checker-3 - INFO - V2Ray executables found at C:\Users\tyca7\.v2ray
2026-01-30 18:46:40,038 - Checker-3 - INFO - V2Ray executable found at C:\Users\tyca7\.v2ray\xray.exe
2026-01-30 18:46:40,039 - Checker-3 - INFO - Starting V2Ray with command: C:\Users\tyca7\.v2ray\xray.exe run -config C:\Users\tyca7\AppData\Local\Temp\tmp3pw9g4jb.json
2026-01-30 18:46:40,132 - Checker-3 - INFO - V2Ray proxy is ready and accepting connections
2026-01-30 18:46:40,133 - Checker-3 - INFO - V2Ray started successfully on SOCKS port 53440, HTTP port 53439
2026-01-30 18:46:40,133 - Checker-3 - INFO - Testing connectivity via http://127.0.0.1:53439...
2026-01-30 18:46:41,700 - Checker-5 - INFO -   -> SUCCESS! Proxy is working. Status: 204
2026-01-30 18:46:41,706 - Checker-5 - INFO - V2Ray process stopped
2026-01-30 18:46:41,707 - Checker-5 - INFO - Processing: vless://7d4a519b-d270-434e-a42d-d3962457...
2026-01-30 18:46:41,708 - Checker-5 - INFO - V2Ray executable directory not found in environment variable, using default...
2026-01-30 18:46:41,708 - Checker-5 - INFO - V2Ray executables found at C:\Users\tyca7\.v2ray
2026-01-30 18:46:41,709 - Checker-5 - INFO - V2Ray executable found at C:\Users\tyca7\.v2ray\xray.exe
2026-01-30 18:46:41,709 - Checker-5 - INFO - Starting V2Ray with command: C:\Users\tyca7\.v2ray\xray.exe run -config C:\Users\tyca7\AppData\Local\Temp\tmph0chegfn.json
2026-01-30 18:46:41,789 - Checker-5 - INFO - V2Ray proxy is ready and accepting connections
2026-01-30 18:46:41,790 - Checker-5 - INFO - V2Ray started successfully on SOCKS port 53451, HTTP port 53450
2026-01-30 18:46:41,790 - Checker-5 - INFO - Testing connectivity via http://127.0.0.1:53450...
2026-01-30 18:46:42,205 - Checker-5 - INFO -   -> SUCCESS! Proxy is working. Status: 204
2026-01-30 18:46:42,210 - Checker-5 - INFO - V2Ray process stopped
2026-01-30 18:46:42,211 - Checker-5 - INFO - Processing: vless://2a2a8023-3b4b-407d-a00a-7beb5a15...
2026-01-30 18:46:42,213 - Checker-5 - INFO - V2Ray executable directory not found in environment variable, using default...
2026-01-30 18:46:42,213 - Checker-5 - INFO - V2Ray executables found at C:\Users\tyca7\.v2ray
2026-01-30 18:46:42,213 - Checker-5 - INFO - V2Ray executable found at C:\Users\tyca7\.v2ray\xray.exe
2026-01-30 18:46:42,214 - Checker-5 - INFO - Starting V2Ray with command: C:\Users\tyca7\.v2ray\xray.exe run -config C:\Users\tyca7\AppData\Local\Temp\tmpndwc0e7t.json
2026-01-30 18:46:42,282 - Checker-5 - INFO - V2Ray proxy is ready and accepting connections
2026-01-30 18:46:42,282 - Checker-5 - INFO - V2Ray started successfully on SOCKS port 53459, HTTP port 53458
2026-01-30 18:46:42,282 - Checker-5 - INFO - Testing connectivity via http://127.0.0.1:53458...
2026-01-30 18:46:42,633 - Checker-2 - WARNING -   -> FAILED. Connection error: ReadTimeout
2026-01-30 18:46:42,639 - Checker-2 - INFO - V2Ray process stopped
2026-01-30 18:46:42,640 - Checker-2 - INFO - Processing: vless://0b516cf6-cd76-470c-954d-9374d734...
2026-01-30 18:46:42,641 - Checker-2 - INFO - V2Ray executable directory not found in environment variable, using default...
2026-01-30 18:46:42,642 - Checker-2 - INFO - V2Ray executables found at C:\Users\tyca7\.v2ray
2026-01-30 18:46:42,642 - Checker-2 - INFO - V2Ray executable found at C:\Users\tyca7\.v2ray\xray.exe
2026-01-30 18:46:42,642 - Checker-2 - INFO - Starting V2Ray with command: C:\Users\tyca7\.v2ray\xray.exe run -config C:\Users\tyca7\AppData\Local\Temp\tmpokquob_1.json
2026-01-30 18:46:42,727 - Checker-2 - INFO - V2Ray proxy is ready and accepting connections
2026-01-30 18:46:42,727 - Checker-2 - INFO - V2Ray started successfully on SOCKS port 53468, HTTP port 53467
2026-01-30 18:46:42,728 - Checker-2 - INFO - Testing connectivity via http://127.0.0.1:53467...
2026-01-30 18:46:42,775 - Checker-6 - WARNING -   -> FAILED. Connection error: ReadTimeout
2026-01-30 18:46:42,780 - Checker-6 - INFO - V2Ray process stopped
2026-01-30 18:46:42,781 - Checker-6 - INFO - Processing: vless://686c62d9-17a7-43c9-a40a-f6747df6...
2026-01-30 18:46:42,783 - Checker-6 - INFO - V2Ray executable directory not found in environment variable, using default...
2026-01-30 18:46:42,783 - Checker-6 - INFO - V2Ray executables found at C:\Users\tyca7\.v2ray
2026-01-30 18:46:42,784 - Checker-6 - INFO - V2Ray executable found at C:\Users\tyca7\.v2ray\xray.exe
2026-01-30 18:46:42,784 - Checker-6 - INFO - Starting V2Ray with command: C:\Users\tyca7\.v2ray\xray.exe run -config C:\Users\tyca7\AppData\Local\Temp\tmpg5wrfvs9.json
2026-01-30 18:46:42,869 - Checker-6 - INFO - V2Ray proxy is ready and accepting connections
2026-01-30 18:46:42,870 - Checker-6 - INFO - V2Ray started successfully on SOCKS port 53476, HTTP port 53475
2026-01-30 18:46:42,870 - Checker-6 - INFO - Testing connectivity via http://127.0.0.1:53475...
2026-01-30 18:46:43,012 - Checker-4 - WARNING -   -> FAILED. Connection error: ReadTimeout
2026-01-30 18:46:43,018 - Checker-4 - INFO - V2Ray process stopped
2026-01-30 18:46:43,019 - Checker-4 - INFO - Processing: vless://96863176-edbb-47dd-9b56-1d4582a6...
2026-01-30 18:46:43,020 - Checker-4 - INFO - V2Ray executable directory not found in environment variable, using default...
2026-01-30 18:46:43,021 - Checker-4 - INFO - V2Ray executables found at C:\Users\tyca7\.v2ray
2026-01-30 18:46:43,021 - Checker-4 - INFO - V2Ray executable found at C:\Users\tyca7\.v2ray\xray.exe
2026-01-30 18:46:43,022 - Checker-4 - INFO - Starting V2Ray with command: C:\Users\tyca7\.v2ray\xray.exe run -config C:\Users\tyca7\AppData\Local\Temp\tmpdesr4r7x.json
2026-01-30 18:46:43,105 - Checker-4 - INFO - V2Ray proxy is ready and accepting connections
2026-01-30 18:46:43,106 - Checker-4 - INFO - V2Ray started successfully on SOCKS port 53483, HTTP port 53482
2026-01-30 18:46:43,106 - Checker-4 - INFO - Testing connectivity via http://127.0.0.1:53482...
2026-01-30 18:46:43,340 - Checker-9 - WARNING -   -> FAILED. Received unexpected status code: 503
2026-01-30 18:46:43,346 - Checker-9 - INFO - V2Ray process stopped
2026-01-30 18:46:43,347 - Checker-9 - INFO - Processing: vless://e765eb5b-8442-40e3-9532-857ba5ec...
2026-01-30 18:46:43,348 - Checker-9 - INFO - V2Ray executable directory not found in environment variable, using default...
2026-01-30 18:46:43,349 - Checker-9 - INFO - V2Ray executables found at C:\Users\tyca7\.v2ray
2026-01-30 18:46:43,349 - Checker-9 - INFO - V2Ray executable found at C:\Users\tyca7\.v2ray\xray.exe
2026-01-30 18:46:43,349 - Checker-9 - INFO - Starting V2Ray with command: C:\Users\tyca7\.v2ray\xray.exe run -config C:\Users\tyca7\AppData\Local\Temp\tmpi9nmmeo5.json
2026-01-30 18:46:43,439 - Checker-9 - INFO - V2Ray proxy is ready and accepting connections
2026-01-30 18:46:43,440 - Checker-9 - INFO - V2Ray started successfully on SOCKS port 53490, HTTP port 53489
2026-01-30 18:46:43,440 - Checker-9 - INFO - Testing connectivity via http://127.0.0.1:53489...
2026-01-30 18:46:43,524 - Checker-5 - INFO -   -> SUCCESS! Proxy is working. Status: 204
2026-01-30 18:46:43,530 - Checker-5 - INFO - V2Ray process stopped
2026-01-30 18:46:43,531 - Checker-5 - INFO - Processing: vmess://eyJhZGQiOiAiNDYuMjQ2LjEyNi4xNTQi...
2026-01-30 18:46:43,533 - Checker-5 - INFO - V2Ray executable directory not found in environment variable, using default...
2026-01-30 18:46:43,533 - Checker-5 - INFO - V2Ray executables found at C:\Users\tyca7\.v2ray
2026-01-30 18:46:43,533 - Checker-5 - INFO - V2Ray executable found at C:\Users\tyca7\.v2ray\xray.exe
2026-01-30 18:46:43,534 - Checker-5 - INFO - Starting V2Ray with command: C:\Users\tyca7\.v2ray\xray.exe run -config C:\Users\tyca7\AppData\Local\Temp\tmpm4wlz2v9.json
2026-01-30 18:46:43,627 - Checker-5 - INFO - V2Ray proxy is ready and accepting connections
2026-01-30 18:46:43,627 - Checker-5 - INFO - V2Ray started successfully on SOCKS port 53499, HTTP port 53498
2026-01-30 18:46:43,628 - Checker-5 - INFO - Testing connectivity via http://127.0.0.1:53498...
2026-01-30 18:46:43,774 - Checker-9 - INFO -   -> SUCCESS! Proxy is working. Status: 204
2026-01-30 18:46:43,780 - Checker-9 - INFO - V2Ray process stopped
2026-01-30 18:46:43,781 - Checker-9 - INFO - Processing: trojan://c1d83c0c7d57cead4379ba14a82df69...
2026-01-30 18:46:43,782 - Checker-9 - INFO - V2Ray executable directory not found in environment variable, using default...
2026-01-30 18:46:43,783 - Checker-9 - INFO - V2Ray executables found at C:\Users\tyca7\.v2ray
2026-01-30 18:46:43,783 - Checker-9 - INFO - V2Ray executable found at C:\Users\tyca7\.v2ray\xray.exe
2026-01-30 18:46:43,783 - Checker-9 - INFO - Starting V2Ray with command: C:\Users\tyca7\.v2ray\xray.exe run -config C:\Users\tyca7\AppData\Local\Temp\tmpmqj_xe1l.json
2026-01-30 18:46:43,865 - Checker-9 - INFO - V2Ray proxy is ready and accepting connections
2026-01-30 18:46:43,865 - Checker-9 - INFO - V2Ray started successfully on SOCKS port 53509, HTTP port 53508
2026-01-30 18:46:43,866 - Checker-9 - INFO - Testing connectivity via http://127.0.0.1:53508...
2026-01-30 18:46:44,806 - Checker-7 - WARNING -   -> FAILED. Connection error: ReadTimeout
2026-01-30 18:46:44,812 - Checker-7 - INFO - V2Ray process stopped
2026-01-30 18:46:44,813 - Checker-7 - INFO - Processing: trojan://BxceQaOe@54.249.137.88:1867?all...
2026-01-30 18:46:44,814 - Checker-7 - INFO - V2Ray executable directory not found in environment variable, using default...
2026-01-30 18:46:44,815 - Checker-7 - INFO - V2Ray executables found at C:\Users\tyca7\.v2ray
2026-01-30 18:46:44,815 - Checker-7 - INFO - V2Ray executable found at C:\Users\tyca7\.v2ray\xray.exe
2026-01-30 18:46:44,816 - Checker-7 - INFO - Starting V2Ray with command: C:\Users\tyca7\.v2ray\xray.exe run -config C:\Users\tyca7\AppData\Local\Temp\tmpn8o8ym27.json
2026-01-30 18:46:44,900 - Checker-7 - INFO - V2Ray proxy is ready and accepting connections
2026-01-30 18:46:44,900 - Checker-7 - INFO - V2Ray started successfully on SOCKS port 53517, HTTP port 53516
2026-01-30 18:46:44,901 - Checker-7 - INFO - Testing connectivity via http://127.0.0.1:53516...
2026-01-30 18:46:44,997 - Checker-9 - INFO -   -> SUCCESS! Proxy is working. Status: 204
2026-01-30 18:46:45,003 - Checker-9 - INFO - V2Ray process stopped
2026-01-30 18:46:45,003 - Checker-9 - INFO - Processing: ss://Y2hhY2hhMjAtaWV0Zi1wb2x5MTMwNTpvWkl...
2026-01-30 18:46:45,005 - Checker-9 - INFO - V2Ray executable directory not found in environment variable, using default...
2026-01-30 18:46:45,005 - Checker-9 - INFO - V2Ray executables found at C:\Users\tyca7\.v2ray
2026-01-30 18:46:45,006 - Checker-9 - INFO - V2Ray executable found at C:\Users\tyca7\.v2ray\xray.exe
2026-01-30 18:46:45,006 - Checker-9 - INFO - Starting V2Ray with command: C:\Users\tyca7\.v2ray\xray.exe run -config C:\Users\tyca7\AppData\Local\Temp\tmpieglvh28.json
2026-01-30 18:46:45,074 - Checker-9 - INFO - V2Ray proxy is ready and accepting connections
2026-01-30 18:46:45,075 - Checker-9 - INFO - V2Ray started successfully on SOCKS port 53525, HTTP port 53524
2026-01-30 18:46:45,075 - Checker-9 - INFO - Testing connectivity via http://127.0.0.1:53524...
2026-01-30 18:46:45,190 - Checker-9 - INFO -   -> SUCCESS! Proxy is working. Status: 204
2026-01-30 18:46:45,196 - Checker-9 - INFO - V2Ray process stopped
2026-01-30 18:46:45,197 - Checker-9 - INFO - Processing: ss://Y2hhY2hhMjAtaWV0Zi1wb2x5MTMwNTpBUmd...
2026-01-30 18:46:45,198 - Checker-9 - INFO - V2Ray executable directory not found in environment variable, using default...
2026-01-30 18:46:45,199 - Checker-9 - INFO - V2Ray executables found at C:\Users\tyca7\.v2ray
2026-01-30 18:46:45,199 - Checker-9 - INFO - V2Ray executable found at C:\Users\tyca7\.v2ray\xray.exe
2026-01-30 18:46:45,199 - Checker-9 - INFO - Starting V2Ray with command: C:\Users\tyca7\.v2ray\xray.exe run -config C:\Users\tyca7\AppData\Local\Temp\tmp5_ahpyvh.json
2026-01-30 18:46:45,280 - Checker-9 - INFO - V2Ray proxy is ready and accepting connections
2026-01-30 18:46:45,280 - Checker-9 - INFO - V2Ray started successfully on SOCKS port 53533, HTTP port 53532
2026-01-30 18:46:45,281 - Checker-9 - INFO - Testing connectivity via http://127.0.0.1:53532...
2026-01-30 18:46:45,664 - Checker-1 - WARNING -   -> FAILED. Connection error: ReadTimeout
2026-01-30 18:46:45,670 - Checker-1 - INFO - V2Ray process stopped
2026-01-30 18:46:45,671 - Checker-1 - INFO - Processing: ss://Y2hhY2hhMjAtaWV0Zi1wb2x5MTMwNTprYVF...
2026-01-30 18:46:45,672 - Checker-1 - INFO - V2Ray executable directory not found in environment variable, using default...
2026-01-30 18:46:45,673 - Checker-1 - INFO - V2Ray executables found at C:\Users\tyca7\.v2ray
2026-01-30 18:46:45,673 - Checker-1 - INFO - V2Ray executable found at C:\Users\tyca7\.v2ray\xray.exe
2026-01-30 18:46:45,674 - Checker-1 - INFO - Starting V2Ray with command: C:\Users\tyca7\.v2ray\xray.exe run -config C:\Users\tyca7\AppData\Local\Temp\tmpm2unh9ii.json
2026-01-30 18:46:45,758 - Checker-1 - INFO - V2Ray proxy is ready and accepting connections
2026-01-30 18:46:45,758 - Checker-1 - INFO - V2Ray started successfully on SOCKS port 53544, HTTP port 53543
2026-01-30 18:46:45,758 - Checker-1 - INFO - Testing connectivity via http://127.0.0.1:53543...
2026-01-30 18:46:47,240 - Checker-8 - WARNING -   -> FAILED. Connection error: ReadTimeout
2026-01-30 18:46:47,246 - Checker-8 - INFO - V2Ray process stopped
2026-01-30 18:46:47,247 - Checker-8 - INFO - Processing: vless://902cdea8-75e9-4f61-80d1-48a0ddd3...
2026-01-30 18:46:47,248 - Checker-8 - INFO - V2Ray executable directory not found in environment variable, using default...
2026-01-30 18:46:47,249 - Checker-8 - INFO - V2Ray executables found at C:\Users\tyca7\.v2ray
2026-01-30 18:46:47,249 - Checker-8 - INFO - V2Ray executable found at C:\Users\tyca7\.v2ray\xray.exe
2026-01-30 18:46:47,250 - Checker-8 - INFO - Starting V2Ray with command: C:\Users\tyca7\.v2ray\xray.exe run -config C:\Users\tyca7\AppData\Local\Temp\tmp3ht12rgb.json
2026-01-30 18:46:47,334 - Checker-8 - INFO - V2Ray proxy is ready and accepting connections
2026-01-30 18:46:47,335 - Checker-8 - INFO - V2Ray started successfully on SOCKS port 53554, HTTP port 53553
2026-01-30 18:46:47,335 - Checker-8 - INFO - Testing connectivity via http://127.0.0.1:53553...
2026-01-30 18:46:47,493 - Checker-10 - WARNING -   -> FAILED. Connection error: ReadTimeout
2026-01-30 18:46:47,499 - Checker-10 - INFO - V2Ray process stopped
2026-01-30 18:46:47,500 - Checker-10 - INFO - Processing: vless://9ad15b75-02c4-4d88-82e4-e7c1f9c1...
2026-01-30 18:46:47,501 - Checker-10 - INFO - V2Ray executable directory not found in environment variable, using default...
2026-01-30 18:46:47,502 - Checker-10 - INFO - V2Ray executables found at C:\Users\tyca7\.v2ray
2026-01-30 18:46:47,502 - Checker-10 - INFO - V2Ray executable found at C:\Users\tyca7\.v2ray\xray.exe
2026-01-30 18:46:47,503 - Checker-10 - INFO - Starting V2Ray with command: C:\Users\tyca7\.v2ray\xray.exe run -config C:\Users\tyca7\AppData\Local\Temp\tmpdw8zv7rx.json
2026-01-30 18:46:47,556 - Checker-10 - ERROR - V2Ray exited with code 23.
Stdout: Xray 25.8.3 (Xray, Penetrates Everything.) bd86732 (go1.24.5 windows/amd64)
A unified platform for anti-censorship.
Failed to start: main: failed to load config files: [C:\Users\tyca7\AppData\Local\Temp\tmpdw8zv7rx.json] > infra/conf: failed to build outbound config with tag  > infra/conf: failed to build stream settings for outbound detour > infra/conf: REALITY: Empty "realitySettings".

Stderr: 
2026-01-30 18:46:47,556 - Checker-10 - ERROR - Config file content: {
  "inbounds": [
    {
      "port": 53563,
      "protocol": "socks",
      "settings": {
        "udp": true
      }
    },
    {
      "port": 53562,
      "protocol": "http"
    }
  ],
  "outbounds": [
    {
      "protocol": "vless",
      "settings": {
        "vnext": [
          {
            "address": "partners.dissertationhelpspecialist.com",
            "port": 8443,
            "users": [
              {
                "id": "9ad15b75-02c4-4d88-82e4-e7c1f9c1b74d",
                "encryption": "none",
                "level": 0
              }
            ]
          }
        ]
      },
      "streamSettings": {
        "network": "grpc",
        "security": "reality"
      }
    }
  ]
}
2026-01-30 18:46:47,557 - Checker-10 - ERROR - Error starting V2Ray: Failed to start V2Ray: V2Ray exited with code 23.
Stdout: Xray 25.8.3 (Xray, Penetrates Everything.) bd86732 (go1.24.5 windows/amd64)
A unified platform for anti-censorship.
Failed to start: main: failed to load config files: [C:\Users\tyca7\AppData\Local\Temp\tmpdw8zv7rx.json] > infra/conf: failed to build outbound config with tag  > infra/conf: failed to build stream settings for outbound detour > infra/conf: REALITY: Empty "realitySettings".

Stderr: 
2026-01-30 18:46:47,557 - Checker-10 - ERROR -   -> ERROR. An exception occurred: Failed to start V2Ray: V2Ray exited with code 23.
Stdout: Xray 25.8.3 (Xray, Penetrates Everything.) bd86732 (go1.24.5 windows/amd64)
A unified platform for anti-censorship.
Failed to start: main: failed to load config files: [C:\Users\tyca7\AppData\Local\Temp\tmpdw8zv7rx.json] > infra/conf: failed to build outbound config with tag  > infra/conf: failed to build stream settings for outbound detour > infra/conf: REALITY: Empty "realitySettings".

Stderr: 
2026-01-30 18:46:47,558 - Checker-10 - INFO - Processing: trojan://c1d83c0c7d57cead4379ba14a82df69...
2026-01-30 18:46:47,559 - Checker-10 - INFO - V2Ray executable directory not found in environment variable, using default...
2026-01-30 18:46:47,560 - Checker-10 - INFO - V2Ray executables found at C:\Users\tyca7\.v2ray
2026-01-30 18:46:47,560 - Checker-10 - INFO - V2Ray executable found at C:\Users\tyca7\.v2ray\xray.exe
2026-01-30 18:46:47,561 - Checker-10 - INFO - Starting V2Ray with command: C:\Users\tyca7\.v2ray\xray.exe run -config C:\Users\tyca7\AppData\Local\Temp\tmp_8q8acyp.json
2026-01-30 18:46:47,651 - Checker-10 - INFO - V2Ray proxy is ready and accepting connections
2026-01-30 18:46:47,651 - Checker-10 - INFO - V2Ray started successfully on SOCKS port 53565, HTTP port 53564
2026-01-30 18:46:47,651 - Checker-10 - INFO - Testing connectivity via http://127.0.0.1:53564...
2026-01-30 18:46:48,161 - Checker-3 - WARNING -   -> FAILED. Connection error: ReadTimeout
2026-01-30 18:46:48,166 - Checker-3 - INFO - V2Ray process stopped
2026-01-30 18:46:48,167 - Checker-3 - INFO - Processing: vmess://eyJhZGQiOiAiNjkuNjMuMjEwLjM1Iiwg...
2026-01-30 18:46:48,169 - Checker-3 - INFO - V2Ray executable directory not found in environment variable, using default...
2026-01-30 18:46:48,169 - Checker-3 - INFO - V2Ray executables found at C:\Users\tyca7\.v2ray
2026-01-30 18:46:48,170 - Checker-3 - INFO - V2Ray executable found at C:\Users\tyca7\.v2ray\xray.exe
2026-01-30 18:46:48,170 - Checker-3 - INFO - Starting V2Ray with command: C:\Users\tyca7\.v2ray\xray.exe run -config C:\Users\tyca7\AppData\Local\Temp\tmpt0cs8a5c.json
2026-01-30 18:46:48,254 - Checker-3 - INFO - V2Ray proxy is ready and accepting connections
2026-01-30 18:46:48,255 - Checker-3 - INFO - V2Ray started successfully on SOCKS port 53573, HTTP port 53572
2026-01-30 18:46:48,255 - Checker-3 - INFO - Testing connectivity via http://127.0.0.1:53572...
2026-01-30 18:46:48,851 - Checker-3 - INFO -   -> SUCCESS! Proxy is working. Status: 204
2026-01-30 18:46:48,857 - Checker-3 - INFO - V2Ray process stopped
2026-01-30 18:46:48,858 - Checker-3 - INFO - Processing: trojan://humanity@208.103.161.110:443?pa...
2026-01-30 18:46:48,860 - Checker-3 - INFO - V2Ray executable directory not found in environment variable, using default...
2026-01-30 18:46:48,860 - Checker-3 - INFO - V2Ray executables found at C:\Users\tyca7\.v2ray
2026-01-30 18:46:48,861 - Checker-3 - INFO - V2Ray executable found at C:\Users\tyca7\.v2ray\xray.exe
2026-01-30 18:46:48,861 - Checker-3 - INFO - Starting V2Ray with command: C:\Users\tyca7\.v2ray\xray.exe run -config C:\Users\tyca7\AppData\Local\Temp\tmp7kiead6z.json
2026-01-30 18:46:48,940 - Checker-3 - INFO - V2Ray proxy is ready and accepting connections
2026-01-30 18:46:48,941 - Checker-3 - INFO - V2Ray started successfully on SOCKS port 53582, HTTP port 53581
2026-01-30 18:46:48,941 - Checker-3 - INFO - Testing connectivity via http://127.0.0.1:53581...
2026-01-30 18:46:49,108 - Checker-10 - INFO -   -> SUCCESS! Proxy is working. Status: 204
2026-01-30 18:46:49,115 - Checker-10 - INFO - V2Ray process stopped
2026-01-30 18:46:49,116 - Checker-10 - INFO - Processing: vless://3e932ef4-a2a9-4c65-84a7-c5e892e6...
2026-01-30 18:46:49,117 - Checker-10 - INFO - V2Ray executable directory not found in environment variable, using default...
2026-01-30 18:46:49,118 - Checker-10 - INFO - V2Ray executables found at C:\Users\tyca7\.v2ray
2026-01-30 18:46:49,118 - Checker-10 - INFO - V2Ray executable found at C:\Users\tyca7\.v2ray\xray.exe
2026-01-30 18:46:49,119 - Checker-10 - INFO - Starting V2Ray with command: C:\Users\tyca7\.v2ray\xray.exe run -config C:\Users\tyca7\AppData\Local\Temp\tmpx7fkb7un.json
2026-01-30 18:46:49,172 - Checker-10 - ERROR - V2Ray exited with code 23.
Stdout: Xray 25.8.3 (Xray, Penetrates Everything.) bd86732 (go1.24.5 windows/amd64)
A unified platform for anti-censorship.
Failed to start: main: failed to load config files: [C:\Users\tyca7\AppData\Local\Temp\tmpx7fkb7un.json] > infra/conf: failed to build outbound config with tag  > infra/conf: failed to build stream settings for outbound detour > infra/conf: REALITY: Empty "realitySettings".

Stderr: 
2026-01-30 18:46:49,172 - Checker-10 - ERROR - Config file content: {
  "inbounds": [
    {
      "port": 53590,
      "protocol": "socks",
      "settings": {
        "udp": true
      }
    },
    {
      "port": 53589,
      "protocol": "http"
    }
  ],
  "outbounds": [
    {
      "protocol": "vless",
      "settings": {
        "vnext": [
          {
            "address": "178.162.241.204",
            "port": 443,
            "users": [
              {
                "id": "3e932ef4-a2a9-4c65-84a7-c5e892e6a532",
                "encryption": "none",
                "level": 0
              }
            ]
          }
        ]
      },
      "streamSettings": {
        "network": "tcp",
        "security": "reality"
      }
    }
  ]
}
2026-01-30 18:46:49,173 - Checker-10 - ERROR - Error starting V2Ray: Failed to start V2Ray: V2Ray exited with code 23.
Stdout: Xray 25.8.3 (Xray, Penetrates Everything.) bd86732 (go1.24.5 windows/amd64)
A unified platform for anti-censorship.
Failed to start: main: failed to load config files: [C:\Users\tyca7\AppData\Local\Temp\tmpx7fkb7un.json] > infra/conf: failed to build outbound config with tag  > infra/conf: failed to build stream settings for outbound detour > infra/conf: REALITY: Empty "realitySettings".

Stderr: 
2026-01-30 18:46:49,173 - Checker-10 - ERROR -   -> ERROR. An exception occurred: Failed to start V2Ray: V2Ray exited with code 23.
Stdout: Xray 25.8.3 (Xray, Penetrates Everything.) bd86732 (go1.24.5 windows/amd64)
A unified platform for anti-censorship.
Failed to start: main: failed to load config files: [C:\Users\tyca7\AppData\Local\Temp\tmpx7fkb7un.json] > infra/conf: failed to build outbound config with tag  > infra/conf: failed to build stream settings for outbound detour > infra/conf: REALITY: Empty "realitySettings".

Stderr: 
2026-01-30 18:46:49,174 - Checker-10 - INFO - Processing: vless://fef4a93d-eb4f-4657-b56b-32a0dc06...
2026-01-30 18:46:49,175 - Checker-10 - INFO - V2Ray executable directory not found in environment variable, using default...
2026-01-30 18:46:49,176 - Checker-10 - INFO - V2Ray executables found at C:\Users\tyca7\.v2ray
2026-01-30 18:46:49,176 - Checker-10 - INFO - V2Ray executable found at C:\Users\tyca7\.v2ray\xray.exe
2026-01-30 18:46:49,176 - Checker-10 - INFO - Starting V2Ray with command: C:\Users\tyca7\.v2ray\xray.exe run -config C:\Users\tyca7\AppData\Local\Temp\tmpb3n14kwr.json
2026-01-30 18:46:49,258 - Checker-10 - INFO - V2Ray proxy is ready and accepting connections
2026-01-30 18:46:49,259 - Checker-10 - INFO - V2Ray started successfully on SOCKS port 53592, HTTP port 53591
2026-01-30 18:46:49,259 - Checker-10 - INFO - Testing connectivity via http://127.0.0.1:53591...
2026-01-30 18:46:50,681 - Checker-7 - WARNING -   -> FAILED. Received unexpected status code: 503
2026-01-30 18:46:50,687 - Checker-7 - INFO - V2Ray process stopped
2026-01-30 18:46:50,688 - Checker-7 - INFO - Processing: vless://1e1b9a1f-47cd-4cb2-a0dc-103a09e2...
2026-01-30 18:46:50,690 - Checker-7 - INFO - V2Ray executable directory not found in environment variable, using default...
2026-01-30 18:46:50,690 - Checker-7 - INFO - V2Ray executables found at C:\Users\tyca7\.v2ray
2026-01-30 18:46:50,691 - Checker-7 - INFO - V2Ray executable found at C:\Users\tyca7\.v2ray\xray.exe
2026-01-30 18:46:50,691 - Checker-7 - INFO - Starting V2Ray with command: C:\Users\tyca7\.v2ray\xray.exe run -config C:\Users\tyca7\AppData\Local\Temp\tmp5taaiehg.json
2026-01-30 18:46:50,755 - Checker-2 - WARNING -   -> FAILED. Connection error: ReadTimeout
2026-01-30 18:46:50,761 - Checker-2 - INFO - V2Ray process stopped
2026-01-30 18:46:50,761 - Checker-2 - INFO - Processing: vless://bf3e8944-8d26-47de-8748-b9aa74cc...
2026-01-30 18:46:50,763 - Checker-2 - INFO - V2Ray executable directory not found in environment variable, using default...
2026-01-30 18:46:50,763 - Checker-2 - INFO - V2Ray executables found at C:\Users\tyca7\.v2ray
2026-01-30 18:46:50,764 - Checker-2 - INFO - V2Ray executable found at C:\Users\tyca7\.v2ray\xray.exe
2026-01-30 18:46:50,764 - Checker-2 - INFO - Starting V2Ray with command: C:\Users\tyca7\.v2ray\xray.exe run -config C:\Users\tyca7\AppData\Local\Temp\tmpz8kw6v53.json
2026-01-30 18:46:50,771 - Checker-7 - INFO - V2Ray proxy is ready and accepting connections
2026-01-30 18:46:50,772 - Checker-7 - INFO - V2Ray started successfully on SOCKS port 53601, HTTP port 53600
2026-01-30 18:46:50,772 - Checker-7 - INFO - Testing connectivity via http://127.0.0.1:53600...
2026-01-30 18:46:50,817 - Checker-2 - ERROR - V2Ray exited with code 23.
Stdout: Xray 25.8.3 (Xray, Penetrates Everything.) bd86732 (go1.24.5 windows/amd64)
A unified platform for anti-censorship.
Failed to start: main: failed to load config files: [C:\Users\tyca7\AppData\Local\Temp\tmpz8kw6v53.json] > infra/conf: failed to build outbound config with tag  > infra/conf: failed to build stream settings for outbound detour > infra/conf: REALITY: Empty "realitySettings".

Stderr: 
2026-01-30 18:46:50,818 - Checker-2 - ERROR - Config file content: {
  "inbounds": [
    {
      "port": 53607,
      "protocol": "socks",
      "settings": {
        "udp": true
      }
    },
    {
      "port": 53606,
      "protocol": "http"
    }
  ],
  "outbounds": [
    {
      "protocol": "vless",
      "settings": {
        "vnext": [
          {
            "address": "140.238.100.35",
            "port": 40721,
            "users": [
              {
                "id": "bf3e8944-8d26-47de-8748-b9aa74cce974",
                "encryption": "none",
                "level": 0
              }
            ]
          }
        ]
      },
      "streamSettings": {
        "network": "tcp",
        "security": "reality"
      }
    }
  ]
}
2026-01-30 18:46:50,818 - Checker-2 - ERROR - Error starting V2Ray: Failed to start V2Ray: V2Ray exited with code 23.
Stdout: Xray 25.8.3 (Xray, Penetrates Everything.) bd86732 (go1.24.5 windows/amd64)
A unified platform for anti-censorship.
Failed to start: main: failed to load config files: [C:\Users\tyca7\AppData\Local\Temp\tmpz8kw6v53.json] > infra/conf: failed to build outbound config with tag  > infra/conf: failed to build stream settings for outbound detour > infra/conf: REALITY: Empty "realitySettings".

Stderr: 
2026-01-30 18:46:50,819 - Checker-2 - ERROR -   -> ERROR. An exception occurred: Failed to start V2Ray: V2Ray exited with code 23.
Stdout: Xray 25.8.3 (Xray, Penetrates Everything.) bd86732 (go1.24.5 windows/amd64)
A unified platform for anti-censorship.
Failed to start: main: failed to load config files: [C:\Users\tyca7\AppData\Local\Temp\tmpz8kw6v53.json] > infra/conf: failed to build outbound config with tag  > infra/conf: failed to build stream settings for outbound detour > infra/conf: REALITY: Empty "realitySettings".

Stderr: 
2026-01-30 18:46:50,819 - Checker-2 - INFO - Processing: vless://fef4a93d-eb4f-4657-b56b-32a0dc06...
2026-01-30 18:46:50,821 - Checker-2 - INFO - V2Ray executable directory not found in environment variable, using default...
2026-01-30 18:46:50,821 - Checker-2 - INFO - V2Ray executables found at C:\Users\tyca7\.v2ray
2026-01-30 18:46:50,822 - Checker-2 - INFO - V2Ray executable found at C:\Users\tyca7\.v2ray\xray.exe
2026-01-30 18:46:50,822 - Checker-2 - INFO - Starting V2Ray with command: C:\Users\tyca7\.v2ray\xray.exe run -config C:\Users\tyca7\AppData\Local\Temp\tmpo8tebluz.json
2026-01-30 18:46:50,897 - Checker-6 - WARNING -   -> FAILED. Connection error: ReadTimeout
2026-01-30 18:46:50,903 - Checker-6 - INFO - V2Ray process stopped
2026-01-30 18:46:50,903 - Checker-6 - INFO - Processing: vless://d4a0cc8c-2f9c-41fb-a5b8-d60c9a2a...
2026-01-30 18:46:50,905 - Checker-6 - INFO - V2Ray executable directory not found in environment variable, using default...
2026-01-30 18:46:50,905 - Checker-6 - INFO - V2Ray executables found at C:\Users\tyca7\.v2ray
2026-01-30 18:46:50,906 - Checker-6 - INFO - V2Ray executable found at C:\Users\tyca7\.v2ray\xray.exe
2026-01-30 18:46:50,906 - Checker-6 - INFO - Starting V2Ray with command: C:\Users\tyca7\.v2ray\xray.exe run -config C:\Users\tyca7\AppData\Local\Temp\tmpfep2dusw.json
2026-01-30 18:46:50,913 - Checker-2 - INFO - V2Ray proxy is ready and accepting connections
2026-01-30 18:46:50,913 - Checker-2 - INFO - V2Ray started successfully on SOCKS port 53611, HTTP port 53610
2026-01-30 18:46:50,913 - Checker-2 - INFO - Testing connectivity via http://127.0.0.1:53610...
2026-01-30 18:46:50,992 - Checker-6 - INFO - V2Ray proxy is ready and accepting connections
2026-01-30 18:46:50,992 - Checker-6 - INFO - V2Ray started successfully on SOCKS port 53618, HTTP port 53617
2026-01-30 18:46:50,992 - Checker-6 - INFO - Testing connectivity via http://127.0.0.1:53617...
2026-01-30 18:46:51,135 - Checker-4 - WARNING -   -> FAILED. Connection error: ReadTimeout
2026-01-30 18:46:51,141 - Checker-4 - INFO - V2Ray process stopped
2026-01-30 18:46:51,142 - Checker-4 - INFO - Processing: vless://be695a55-8ac5-40a1-92c2-cc864651...
2026-01-30 18:46:51,143 - Checker-4 - INFO - V2Ray executable directory not found in environment variable, using default...
2026-01-30 18:46:51,144 - Checker-4 - INFO - V2Ray executables found at C:\Users\tyca7\.v2ray
2026-01-30 18:46:51,144 - Checker-4 - INFO - V2Ray executable found at C:\Users\tyca7\.v2ray\xray.exe
2026-01-30 18:46:51,144 - Checker-4 - INFO - Starting V2Ray with command: C:\Users\tyca7\.v2ray\xray.exe run -config C:\Users\tyca7\AppData\Local\Temp\tmp0q6w0_ja.json
2026-01-30 18:46:51,175 - Checker-6 - INFO -   -> SUCCESS! Proxy is working. Status: 204
2026-01-30 18:46:51,181 - Checker-6 - INFO - V2Ray process stopped
2026-01-30 18:46:51,182 - Checker-6 - INFO - Processing: trojan://BxceQaOe@58.152.53.45:443?allow...
2026-01-30 18:46:51,183 - Checker-6 - INFO - V2Ray executable directory not found in environment variable, using default...
2026-01-30 18:46:51,184 - Checker-6 - INFO - V2Ray executables found at C:\Users\tyca7\.v2ray
2026-01-30 18:46:51,184 - Checker-6 - INFO - V2Ray executable found at C:\Users\tyca7\.v2ray\xray.exe
2026-01-30 18:46:51,185 - Checker-6 - INFO - Starting V2Ray with command: C:\Users\tyca7\.v2ray\xray.exe run -config C:\Users\tyca7\AppData\Local\Temp\tmpebtvpqtz.json
2026-01-30 18:46:51,197 - Checker-4 - ERROR - V2Ray exited with code 23.
Stdout: Xray 25.8.3 (Xray, Penetrates Everything.) bd86732 (go1.24.5 windows/amd64)
A unified platform for anti-censorship.
Failed to start: main: failed to load config files: [C:\Users\tyca7\AppData\Local\Temp\tmp0q6w0_ja.json] > infra/conf: failed to build outbound config with tag  > infra/conf: failed to build stream settings for outbound detour > infra/conf: REALITY: Empty "realitySettings".

Stderr: 
2026-01-30 18:46:51,197 - Checker-4 - ERROR - Config file content: {
  "inbounds": [
    {
      "port": 53628,
      "protocol": "socks",
      "settings": {
        "udp": true
      }
    },
    {
      "port": 53627,
      "protocol": "http"
    }
  ],
  "outbounds": [
    {
      "protocol": "vless",
      "settings": {
        "vnext": [
          {
            "address": "94.141.123.12",
            "port": 558,
            "users": [
              {
                "id": "be695a55-8ac5-40a1-92c2-cc864651360a",
                "encryption": "none",
                "level": 0
              }
            ]
          }
        ]
      },
      "streamSettings": {
        "network": "tcp",
        "security": "reality"
      }
    }
  ]
}
2026-01-30 18:46:51,198 - Checker-4 - ERROR - Error starting V2Ray: Failed to start V2Ray: V2Ray exited with code 23.
Stdout: Xray 25.8.3 (Xray, Penetrates Everything.) bd86732 (go1.24.5 windows/amd64)
A unified platform for anti-censorship.
Failed to start: main: failed to load config files: [C:\Users\tyca7\AppData\Local\Temp\tmp0q6w0_ja.json] > infra/conf: failed to build outbound config with tag  > infra/conf: failed to build stream settings for outbound detour > infra/conf: REALITY: Empty "realitySettings".

Stderr: 
2026-01-30 18:46:51,199 - Checker-4 - ERROR -   -> ERROR. An exception occurred: Failed to start V2Ray: V2Ray exited with code 23.
Stdout: Xray 25.8.3 (Xray, Penetrates Everything.) bd86732 (go1.24.5 windows/amd64)
A unified platform for anti-censorship.
Failed to start: main: failed to load config files: [C:\Users\tyca7\AppData\Local\Temp\tmp0q6w0_ja.json] > infra/conf: failed to build outbound config with tag  > infra/conf: failed to build stream settings for outbound detour > infra/conf: REALITY: Empty "realitySettings".

Stderr: 
2026-01-30 18:46:51,199 - Checker-4 - INFO - Processing: vless://383e671c-a11d-457d-89f7-830915f0...
2026-01-30 18:46:51,201 - Checker-4 - INFO - V2Ray executable directory not found in environment variable, using default...
2026-01-30 18:46:51,201 - Checker-4 - INFO - V2Ray executables found at C:\Users\tyca7\.v2ray
2026-01-30 18:46:51,202 - Checker-4 - INFO - V2Ray executable found at C:\Users\tyca7\.v2ray\xray.exe
2026-01-30 18:46:51,202 - Checker-4 - INFO - Starting V2Ray with command: C:\Users\tyca7\.v2ray\xray.exe run -config C:\Users\tyca7\AppData\Local\Temp\tmp093sey_h.json
2026-01-30 18:46:51,255 - Checker-4 - ERROR - V2Ray exited with code 23.
Stdout: Xray 25.8.3 (Xray, Penetrates Everything.) bd86732 (go1.24.5 windows/amd64)
A unified platform for anti-censorship.
Failed to start: main: failed to load config files: [C:\Users\tyca7\AppData\Local\Temp\tmp093sey_h.json] > infra/conf: failed to build outbound config with tag  > infra/conf: failed to build stream settings for outbound detour > infra/conf: REALITY: Empty "realitySettings".

Stderr: 
2026-01-30 18:46:51,256 - Checker-4 - ERROR - Config file content: {
  "inbounds": [
    {
      "port": 53632,
      "protocol": "socks",
      "settings": {
        "udp": true
      }
    },
    {
      "port": 53631,
      "protocol": "http"
    }
  ],
  "outbounds": [
    {
      "protocol": "vless",
      "settings": {
        "vnext": [
          {
            "address": "79.133.46.135",
            "port": 443,
            "users": [
              {
                "id": "383e671c-a11d-457d-89f7-830915f005b3",
                "encryption": "none",
                "level": 0
              }
            ]
          }
        ]
      },
      "streamSettings": {
        "network": "tcp",
        "security": "reality"
      }
    }
  ]
}
2026-01-30 18:46:51,256 - Checker-4 - ERROR - Error starting V2Ray: Failed to start V2Ray: V2Ray exited with code 23.
Stdout: Xray 25.8.3 (Xray, Penetrates Everything.) bd86732 (go1.24.5 windows/amd64)
A unified platform for anti-censorship.
Failed to start: main: failed to load config files: [C:\Users\tyca7\AppData\Local\Temp\tmp093sey_h.json] > infra/conf: failed to build outbound config with tag  > infra/conf: failed to build stream settings for outbound detour > infra/conf: REALITY: Empty "realitySettings".

Stderr: 
2026-01-30 18:46:51,257 - Checker-4 - ERROR -   -> ERROR. An exception occurred: Failed to start V2Ray: V2Ray exited with code 23.
Stdout: Xray 25.8.3 (Xray, Penetrates Everything.) bd86732 (go1.24.5 windows/amd64)
A unified platform for anti-censorship.
Failed to start: main: failed to load config files: [C:\Users\tyca7\AppData\Local\Temp\tmp093sey_h.json] > infra/conf: failed to build outbound config with tag  > infra/conf: failed to build stream settings for outbound detour > infra/conf: REALITY: Empty "realitySettings".

Stderr: 
2026-01-30 18:46:51,257 - Checker-4 - INFO - Processing: vless://e3379093-7c89-4c8a-be1f-abb92a33...
2026-01-30 18:46:51,259 - Checker-4 - INFO - V2Ray executable directory not found in environment variable, using default...
2026-01-30 18:46:51,259 - Checker-4 - INFO - V2Ray executables found at C:\Users\tyca7\.v2ray
2026-01-30 18:46:51,260 - Checker-4 - INFO - V2Ray executable found at C:\Users\tyca7\.v2ray\xray.exe
2026-01-30 18:46:51,260 - Checker-4 - INFO - Starting V2Ray with command: C:\Users\tyca7\.v2ray\xray.exe run -config C:\Users\tyca7\AppData\Local\Temp\tmpybdx7a4b.json
2026-01-30 18:46:51,277 - Checker-6 - INFO - V2Ray proxy is ready and accepting connections
2026-01-30 18:46:51,277 - Checker-6 - INFO - V2Ray started successfully on SOCKS port 53630, HTTP port 53629
2026-01-30 18:46:51,277 - Checker-6 - INFO - Testing connectivity via http://127.0.0.1:53629...
2026-01-30 18:46:51,313 - Checker-4 - ERROR - V2Ray exited with code 23.
Stdout: Xray 25.8.3 (Xray, Penetrates Everything.) bd86732 (go1.24.5 windows/amd64)
A unified platform for anti-censorship.
Failed to start: main: failed to load config files: [C:\Users\tyca7\AppData\Local\Temp\tmpybdx7a4b.json] > infra/conf: failed to build outbound config with tag  > infra/conf: failed to build stream settings for outbound detour > infra/conf: REALITY: Empty "realitySettings".

Stderr: 
2026-01-30 18:46:51,313 - Checker-4 - ERROR - Config file content: {
  "inbounds": [
    {
      "port": 53637,
      "protocol": "socks",
      "settings": {
        "udp": true
      }
    },
    {
      "port": 53636,
      "protocol": "http"
    }
  ],
  "outbounds": [
    {
      "protocol": "vless",
      "settings": {
        "vnext": [
          {
            "address": "62.60.229.32",
            "port": 443,
            "users": [
              {
                "id": "e3379093-7c89-4c8a-be1f-abb92a3305a1",
                "encryption": "none",
                "level": 0
              }
            ]
          }
        ]
      },
      "streamSettings": {
        "network": "tcp",
        "security": "reality"
      }
    }
  ]
}
2026-01-30 18:46:51,314 - Checker-4 - ERROR - Error starting V2Ray: Failed to start V2Ray: V2Ray exited with code 23.
Stdout: Xray 25.8.3 (Xray, Penetrates Everything.) bd86732 (go1.24.5 windows/amd64)
A unified platform for anti-censorship.
Failed to start: main: failed to load config files: [C:\Users\tyca7\AppData\Local\Temp\tmpybdx7a4b.json] > infra/conf: failed to build outbound config with tag  > infra/conf: failed to build stream settings for outbound detour > infra/conf: REALITY: Empty "realitySettings".

Stderr: 
2026-01-30 18:46:51,314 - Checker-4 - ERROR -   -> ERROR. An exception occurred: Failed to start V2Ray: V2Ray exited with code 23.
Stdout: Xray 25.8.3 (Xray, Penetrates Everything.) bd86732 (go1.24.5 windows/amd64)
A unified platform for anti-censorship.
Failed to start: main: failed to load config files: [C:\Users\tyca7\AppData\Local\Temp\tmpybdx7a4b.json] > infra/conf: failed to build outbound config with tag  > infra/conf: failed to build stream settings for outbound detour > infra/conf: REALITY: Empty "realitySettings".

Stderr: 
2026-01-30 18:46:51,315 - Checker-4 - INFO - Processing: vless://343cc844-f964-11f0-9840-00163e09...
2026-01-30 18:46:51,316 - Checker-4 - INFO - V2Ray executable directory not found in environment variable, using default...
2026-01-30 18:46:51,317 - Checker-4 - INFO - V2Ray executables found at C:\Users\tyca7\.v2ray
2026-01-30 18:46:51,317 - Checker-4 - INFO - V2Ray executable found at C:\Users\tyca7\.v2ray\xray.exe
2026-01-30 18:46:51,317 - Checker-4 - INFO - Starting V2Ray with command: C:\Users\tyca7\.v2ray\xray.exe run -config C:\Users\tyca7\AppData\Local\Temp\tmp8xknhes1.json
2026-01-30 18:46:51,403 - Checker-4 - INFO - V2Ray proxy is ready and accepting connections
2026-01-30 18:46:51,404 - Checker-4 - INFO - V2Ray started successfully on SOCKS port 53642, HTTP port 53641
2026-01-30 18:46:51,404 - Checker-4 - INFO - Testing connectivity via http://127.0.0.1:53641...
2026-01-30 18:46:51,659 - Checker-5 - WARNING -   -> FAILED. Connection error: ReadTimeout
2026-01-30 18:46:51,665 - Checker-5 - INFO - V2Ray process stopped
2026-01-30 18:46:51,666 - Checker-5 - INFO - Processing: vless://4ed0f31f-a400-4012-be63-b7104ce1...
2026-01-30 18:46:51,668 - Checker-5 - INFO - V2Ray executable directory not found in environment variable, using default...
2026-01-30 18:46:51,668 - Checker-5 - INFO - V2Ray executables found at C:\Users\tyca7\.v2ray
2026-01-30 18:46:51,669 - Checker-5 - INFO - V2Ray executable found at C:\Users\tyca7\.v2ray\xray.exe
2026-01-30 18:46:51,669 - Checker-5 - INFO - Starting V2Ray with command: C:\Users\tyca7\.v2ray\xray.exe run -config C:\Users\tyca7\AppData\Local\Temp\tmpwbc0ylc_.json
2026-01-30 18:46:51,752 - Checker-5 - INFO - V2Ray proxy is ready and accepting connections
2026-01-30 18:46:51,753 - Checker-5 - INFO - V2Ray started successfully on SOCKS port 53651, HTTP port 53650
2026-01-30 18:46:51,753 - Checker-5 - INFO - Testing connectivity via http://127.0.0.1:53650...
2026-01-30 18:46:53,312 - Checker-9 - WARNING -   -> FAILED. Connection error: ReadTimeout
2026-01-30 18:46:53,318 - Checker-9 - INFO - V2Ray process stopped
2026-01-30 18:46:53,318 - Checker-9 - INFO - Processing: vless://e929f51d-5a95-5432-b66f-cfe725ea...
2026-01-30 18:46:53,320 - Checker-9 - INFO - V2Ray executable directory not found in environment variable, using default...
2026-01-30 18:46:53,321 - Checker-9 - INFO - V2Ray executables found at C:\Users\tyca7\.v2ray
2026-01-30 18:46:53,321 - Checker-9 - INFO - V2Ray executable found at C:\Users\tyca7\.v2ray\xray.exe
2026-01-30 18:46:53,322 - Checker-9 - INFO - Starting V2Ray with command: C:\Users\tyca7\.v2ray\xray.exe run -config C:\Users\tyca7\AppData\Local\Temp\tmpil5tk860.json
2026-01-30 18:46:53,375 - Checker-9 - ERROR - V2Ray exited with code 23.
Stdout: Xray 25.8.3 (Xray, Penetrates Everything.) bd86732 (go1.24.5 windows/amd64)
A unified platform for anti-censorship.
Failed to start: main: failed to load config files: [C:\Users\tyca7\AppData\Local\Temp\tmpil5tk860.json] > infra/conf: failed to build outbound config with tag  > infra/conf: failed to build stream settings for outbound detour > infra/conf: REALITY: Empty "realitySettings".

Stderr: 
2026-01-30 18:46:53,375 - Checker-9 - ERROR - Config file content: {
  "inbounds": [
    {
      "port": 53663,
      "protocol": "socks",
      "settings": {
        "udp": true
      }
    },
    {
      "port": 53662,
      "protocol": "http"
    }
  ],
  "outbounds": [
    {
      "protocol": "vless",
      "settings": {
        "vnext": [
          {
            "address": "188.253.26.39",
            "port": 442,
            "users": [
              {
                "id": "e929f51d-5a95-5432-b66f-cfe725ea1f61",
                "encryption": "none",
                "level": 0
              }
            ]
          }
        ]
      },
      "streamSettings": {
        "network": "tcp",
        "security": "reality"
      }
    }
  ]
}
2026-01-30 18:46:53,376 - Checker-9 - ERROR - Error starting V2Ray: Failed to start V2Ray: V2Ray exited with code 23.
Stdout: Xray 25.8.3 (Xray, Penetrates Everything.) bd86732 (go1.24.5 windows/amd64)
A unified platform for anti-censorship.
Failed to start: main: failed to load config files: [C:\Users\tyca7\AppData\Local\Temp\tmpil5tk860.json] > infra/conf: failed to build outbound config with tag  > infra/conf: failed to build stream settings for outbound detour > infra/conf: REALITY: Empty "realitySettings".

Stderr: 
2026-01-30 18:46:53,376 - Checker-9 - ERROR -   -> ERROR. An exception occurred: Failed to start V2Ray: V2Ray exited with code 23.
Stdout: Xray 25.8.3 (Xray, Penetrates Everything.) bd86732 (go1.24.5 windows/amd64)
A unified platform for anti-censorship.
Failed to start: main: failed to load config files: [C:\Users\tyca7\AppData\Local\Temp\tmpil5tk860.json] > infra/conf: failed to build outbound config with tag  > infra/conf: failed to build stream settings for outbound detour > infra/conf: REALITY: Empty "realitySettings".

Stderr: 
2026-01-30 18:46:53,377 - Checker-9 - INFO - Processing: vless://9f6ffb3c-de36-4a48-8cae-34d7e3ed...
2026-01-30 18:46:53,378 - Checker-9 - INFO - V2Ray executable directory not found in environment variable, using default...
2026-01-30 18:46:53,379 - Checker-9 - INFO - V2Ray executables found at C:\Users\tyca7\.v2ray
2026-01-30 18:46:53,379 - Checker-9 - INFO - V2Ray executable found at C:\Users\tyca7\.v2ray\xray.exe
2026-01-30 18:46:53,380 - Checker-9 - INFO - Starting V2Ray with command: C:\Users\tyca7\.v2ray\xray.exe run -config C:\Users\tyca7\AppData\Local\Temp\tmpudsnrf0t.json
2026-01-30 18:46:53,469 - Checker-9 - INFO - V2Ray proxy is ready and accepting connections
2026-01-30 18:46:53,470 - Checker-9 - INFO - V2Ray started successfully on SOCKS port 53665, HTTP port 53664
2026-01-30 18:46:53,470 - Checker-9 - INFO - Testing connectivity via http://127.0.0.1:53664...
2026-01-30 18:46:53,786 - Checker-1 - WARNING -   -> FAILED. Connection error: ReadTimeout
2026-01-30 18:46:53,792 - Checker-1 - INFO - V2Ray process stopped
2026-01-30 18:46:53,793 - Checker-1 - INFO - Processing: vless://772d810c-4886-4475-81b2-2673b682...
2026-01-30 18:46:53,794 - Checker-1 - INFO - V2Ray executable directory not found in environment variable, using default...
2026-01-30 18:46:53,795 - Checker-1 - INFO - V2Ray executables found at C:\Users\tyca7\.v2ray
2026-01-30 18:46:53,795 - Checker-1 - INFO - V2Ray executable found at C:\Users\tyca7\.v2ray\xray.exe
2026-01-30 18:46:53,795 - Checker-1 - INFO - Starting V2Ray with command: C:\Users\tyca7\.v2ray\xray.exe run -config C:\Users\tyca7\AppData\Local\Temp\tmp4rpvnkd8.json
2026-01-30 18:46:53,848 - Checker-1 - ERROR - V2Ray exited with code 23.
Stdout: Xray 25.8.3 (Xray, Penetrates Everything.) bd86732 (go1.24.5 windows/amd64)
A unified platform for anti-censorship.
Failed to start: main: failed to load config files: [C:\Users\tyca7\AppData\Local\Temp\tmp4rpvnkd8.json] > infra/conf: failed to build outbound config with tag  > infra/conf: failed to build stream settings for outbound detour > infra/conf: REALITY: Empty "realitySettings".

Stderr: 
2026-01-30 18:46:53,849 - Checker-1 - ERROR - Config file content: {
  "inbounds": [
    {
      "port": 53674,
      "protocol": "socks",
      "settings": {
        "udp": true
      }
    },
    {
      "port": 53673,
      "protocol": "http"
    }
  ],
  "outbounds": [
    {
      "protocol": "vless",
      "settings": {
        "vnext": [
          {
            "address": "77.91.84.103",
            "port": 443,
            "users": [
              {
                "id": "772d810c-4886-4475-81b2-2673b682c778",
                "encryption": "none",
                "level": 0
              }
            ]
          }
        ]
      },
      "streamSettings": {
        "network": "tcp",
        "security": "reality"
      }
    }
  ]
}
2026-01-30 18:46:53,849 - Checker-1 - ERROR - Error starting V2Ray: Failed to start V2Ray: V2Ray exited with code 23.
Stdout: Xray 25.8.3 (Xray, Penetrates Everything.) bd86732 (go1.24.5 windows/amd64)
A unified platform for anti-censorship.
Failed to start: main: failed to load config files: [C:\Users\tyca7\AppData\Local\Temp\tmp4rpvnkd8.json] > infra/conf: failed to build outbound config with tag  > infra/conf: failed to build stream settings for outbound detour > infra/conf: REALITY: Empty "realitySettings".

Stderr: 
2026-01-30 18:46:53,850 - Checker-1 - ERROR -   -> ERROR. An exception occurred: Failed to start V2Ray: V2Ray exited with code 23.
Stdout: Xray 25.8.3 (Xray, Penetrates Everything.) bd86732 (go1.24.5 windows/amd64)
A unified platform for anti-censorship.
Failed to start: main: failed to load config files: [C:\Users\tyca7\AppData\Local\Temp\tmp4rpvnkd8.json] > infra/conf: failed to build outbound config with tag  > infra/conf: failed to build stream settings for outbound detour > infra/conf: REALITY: Empty "realitySettings".

Stderr: 
2026-01-30 18:46:53,850 - Checker-1 - INFO - Processing: vless://cb33f36c-b531-4318-9be3-568e8d6c...
2026-01-30 18:46:53,852 - Checker-1 - INFO - V2Ray executable directory not found in environment variable, using default...
2026-01-30 18:46:53,853 - Checker-1 - INFO - V2Ray executables found at C:\Users\tyca7\.v2ray
2026-01-30 18:46:53,853 - Checker-1 - INFO - V2Ray executable found at C:\Users\tyca7\.v2ray\xray.exe
2026-01-30 18:46:53,853 - Checker-1 - INFO - Starting V2Ray with command: C:\Users\tyca7\.v2ray\xray.exe run -config C:\Users\tyca7\AppData\Local\Temp\tmp91u4opro.json
2026-01-30 18:46:53,906 - Checker-1 - ERROR - V2Ray exited with code 23.
Stdout: Xray 25.8.3 (Xray, Penetrates Everything.) bd86732 (go1.24.5 windows/amd64)
A unified platform for anti-censorship.
Failed to start: main: failed to load config files: [C:\Users\tyca7\AppData\Local\Temp\tmp91u4opro.json] > infra/conf: failed to build outbound config with tag  > infra/conf: failed to build stream settings for outbound detour > infra/conf: REALITY: Empty "realitySettings".

Stderr: 
2026-01-30 18:46:53,907 - Checker-1 - ERROR - Config file content: {
  "inbounds": [
    {
      "port": 53677,
      "protocol": "socks",
      "settings": {
        "udp": true
      }
    },
    {
      "port": 53676,
      "protocol": "http"
    }
  ],
  "outbounds": [
    {
      "protocol": "vless",
      "settings": {
        "vnext": [
          {
            "address": "149.115.110.173",
            "port": 443,
            "users": [
              {
                "id": "cb33f36c-b531-4318-9be3-568e8d6c56c7",
                "encryption": "none",
                "level": 0
              }
            ]
          }
        ]
      },
      "streamSettings": {
        "network": "tcp",
        "security": "reality"
      }
    }
  ]
}
2026-01-30 18:46:53,907 - Checker-1 - ERROR - Error starting V2Ray: Failed to start V2Ray: V2Ray exited with code 23.
Stdout: Xray 25.8.3 (Xray, Penetrates Everything.) bd86732 (go1.24.5 windows/amd64)
A unified platform for anti-censorship.
Failed to start: main: failed to load config files: [C:\Users\tyca7\AppData\Local\Temp\tmp91u4opro.json] > infra/conf: failed to build outbound config with tag  > infra/conf: failed to build stream settings for outbound detour > infra/conf: REALITY: Empty "realitySettings".

Stderr: 
2026-01-30 18:46:53,908 - Checker-1 - ERROR -   -> ERROR. An exception occurred: Failed to start V2Ray: V2Ray exited with code 23.
Stdout: Xray 25.8.3 (Xray, Penetrates Everything.) bd86732 (go1.24.5 windows/amd64)
A unified platform for anti-censorship.
Failed to start: main: failed to load config files: [C:\Users\tyca7\AppData\Local\Temp\tmp91u4opro.json] > infra/conf: failed to build outbound config with tag  > infra/conf: failed to build stream settings for outbound detour > infra/conf: REALITY: Empty "realitySettings".

Stderr: 
2026-01-30 18:46:53,909 - Checker-1 - INFO - Processing: trojan://nodes-b211f28a@node-tr-1.v2sv.t...
2026-01-30 18:46:53,910 - Checker-1 - INFO - V2Ray executable directory not found in environment variable, using default...
2026-01-30 18:46:53,910 - Checker-1 - INFO - V2Ray executables found at C:\Users\tyca7\.v2ray
2026-01-30 18:46:53,911 - Checker-1 - INFO - V2Ray executable found at C:\Users\tyca7\.v2ray\xray.exe
2026-01-30 18:46:53,911 - Checker-1 - INFO - Starting V2Ray with command: C:\Users\tyca7\.v2ray\xray.exe run -config C:\Users\tyca7\AppData\Local\Temp\tmp6yoff4ze.json
2026-01-30 18:46:53,992 - Checker-1 - INFO - V2Ray proxy is ready and accepting connections
2026-01-30 18:46:53,993 - Checker-1 - INFO - V2Ray started successfully on SOCKS port 53679, HTTP port 53678
2026-01-30 18:46:53,993 - Checker-1 - INFO - Testing connectivity via http://127.0.0.1:53678...
2026-01-30 18:46:54,807 - Checker-9 - INFO -   -> SUCCESS! Proxy is working. Status: 204
2026-01-30 18:46:54,813 - Checker-9 - INFO - V2Ray process stopped
2026-01-30 18:46:54,814 - Checker-9 - INFO - Processing: ss://Y2hhY2hhMjAtaWV0Zi1wb2x5MTMwNTpxc2N...
2026-01-30 18:46:54,816 - Checker-9 - INFO - V2Ray executable directory not found in environment variable, using default...
2026-01-30 18:46:54,816 - Checker-9 - INFO - V2Ray executables found at C:\Users\tyca7\.v2ray
2026-01-30 18:46:54,817 - Checker-9 - INFO - V2Ray executable found at C:\Users\tyca7\.v2ray\xray.exe
2026-01-30 18:46:54,817 - Checker-9 - INFO - Starting V2Ray with command: C:\Users\tyca7\.v2ray\xray.exe run -config C:\Users\tyca7\AppData\Local\Temp\tmp09vi2p_k.json
2026-01-30 18:46:54,898 - Checker-9 - INFO - V2Ray proxy is ready and accepting connections
2026-01-30 18:46:54,899 - Checker-9 - INFO - V2Ray started successfully on SOCKS port 53687, HTTP port 53686
2026-01-30 18:46:54,899 - Checker-9 - INFO - Testing connectivity via http://127.0.0.1:53686...
2026-01-30 18:46:55,351 - Checker-8 - WARNING -   -> FAILED. Received unexpected status code: 503
2026-01-30 18:46:55,357 - Checker-8 - INFO - V2Ray process stopped
2026-01-30 18:46:55,358 - Checker-8 - INFO - Processing: vless://b3aea537-5661-43fb-b753-00aba092...
2026-01-30 18:46:55,359 - Checker-8 - INFO - V2Ray executable directory not found in environment variable, using default...
2026-01-30 18:46:55,360 - Checker-8 - INFO - V2Ray executables found at C:\Users\tyca7\.v2ray
2026-01-30 18:46:55,361 - Checker-8 - INFO - V2Ray executable found at C:\Users\tyca7\.v2ray\xray.exe
2026-01-30 18:46:55,361 - Checker-8 - INFO - Starting V2Ray with command: C:\Users\tyca7\.v2ray\xray.exe run -config C:\Users\tyca7\AppData\Local\Temp\tmpl1sfe8g1.json
2026-01-30 18:46:55,454 - Checker-8 - INFO - V2Ray proxy is ready and accepting connections
2026-01-30 18:46:55,454 - Checker-8 - INFO - V2Ray started successfully on SOCKS port 53695, HTTP port 53694
2026-01-30 18:46:55,454 - Checker-8 - INFO - Testing connectivity via http://127.0.0.1:53694...
2026-01-30 18:46:55,527 - Checker-6 - WARNING -   -> FAILED. Received unexpected status code: 503
2026-01-30 18:46:55,533 - Checker-6 - INFO - V2Ray process stopped
2026-01-30 18:46:55,534 - Checker-6 - INFO - Processing: vless://48ff2b70-e180-582f-8866-d9a2edee...
2026-01-30 18:46:55,536 - Checker-6 - INFO - V2Ray executable directory not found in environment variable, using default...
2026-01-30 18:46:55,536 - Checker-6 - INFO - V2Ray executables found at C:\Users\tyca7\.v2ray
2026-01-30 18:46:55,537 - Checker-6 - INFO - V2Ray executable found at C:\Users\tyca7\.v2ray\xray.exe
2026-01-30 18:46:55,537 - Checker-6 - INFO - Starting V2Ray with command: C:\Users\tyca7\.v2ray\xray.exe run -config C:\Users\tyca7\AppData\Local\Temp\tmpiqj8nlvi.json
2026-01-30 18:46:55,590 - Checker-6 - ERROR - V2Ray exited with code 23.
Stdout: Xray 25.8.3 (Xray, Penetrates Everything.) bd86732 (go1.24.5 windows/amd64)
A unified platform for anti-censorship.
Failed to start: main: failed to load config files: [C:\Users\tyca7\AppData\Local\Temp\tmpiqj8nlvi.json] > infra/conf: failed to build outbound config with tag  > infra/conf: failed to build stream settings for outbound detour > infra/conf: REALITY: Empty "realitySettings".

Stderr: 
2026-01-30 18:46:55,590 - Checker-6 - ERROR - Config file content: {
  "inbounds": [
    {
      "port": 53703,
      "protocol": "socks",
      "settings": {
        "udp": true
      }
    },
    {
      "port": 53702,
      "protocol": "http"
    }
  ],
  "outbounds": [
    {
      "protocol": "vless",
      "settings": {
        "vnext": [
          {
            "address": "51.158.206.19",
            "port": 23576,
            "users": [
              {
                "id": "48ff2b70-e180-582f-8866-d9a2edeed5f5",
                "encryption": "none",
                "level": 0
              }
            ]
          }
        ]
      },
      "streamSettings": {
        "network": "tcp",
        "security": "reality"
      }
    }
  ]
}
2026-01-30 18:46:55,591 - Checker-6 - ERROR - Error starting V2Ray: Failed to start V2Ray: V2Ray exited with code 23.
Stdout: Xray 25.8.3 (Xray, Penetrates Everything.) bd86732 (go1.24.5 windows/amd64)
A unified platform for anti-censorship.
Failed to start: main: failed to load config files: [C:\Users\tyca7\AppData\Local\Temp\tmpiqj8nlvi.json] > infra/conf: failed to build outbound config with tag  > infra/conf: failed to build stream settings for outbound detour > infra/conf: REALITY: Empty "realitySettings".

Stderr: 
2026-01-30 18:46:55,592 - Checker-6 - ERROR -   -> ERROR. An exception occurred: Failed to start V2Ray: V2Ray exited with code 23.
Stdout: Xray 25.8.3 (Xray, Penetrates Everything.) bd86732 (go1.24.5 windows/amd64)
A unified platform for anti-censorship.
Failed to start: main: failed to load config files: [C:\Users\tyca7\AppData\Local\Temp\tmpiqj8nlvi.json] > infra/conf: failed to build outbound config with tag  > infra/conf: failed to build stream settings for outbound detour > infra/conf: REALITY: Empty "realitySettings".

Stderr: 
2026-01-30 18:46:55,592 - Checker-6 - INFO - Processing: vless://c9b0932d-8d1c-43c5-b64b-e9a74719...
2026-01-30 18:46:55,593 - Checker-6 - INFO - V2Ray executable directory not found in environment variable, using default...
2026-01-30 18:46:55,594 - Checker-6 - INFO - V2Ray executables found at C:\Users\tyca7\.v2ray
2026-01-30 18:46:55,594 - Checker-6 - INFO - V2Ray executable found at C:\Users\tyca7\.v2ray\xray.exe
2026-01-30 18:46:55,595 - Checker-6 - INFO - Starting V2Ray with command: C:\Users\tyca7\.v2ray\xray.exe run -config C:\Users\tyca7\AppData\Local\Temp\tmp8lkcumm1.json
2026-01-30 18:46:55,675 - Checker-6 - INFO - V2Ray proxy is ready and accepting connections
2026-01-30 18:46:55,675 - Checker-6 - INFO - V2Ray started successfully on SOCKS port 53705, HTTP port 53704
2026-01-30 18:46:55,676 - Checker-6 - INFO - Testing connectivity via http://127.0.0.1:53704...
2026-01-30 18:46:55,747 - Checker-6 - WARNING -   -> FAILED. Received unexpected status code: 503
2026-01-30 18:46:55,753 - Checker-6 - INFO - V2Ray process stopped
2026-01-30 18:46:55,754 - Checker-6 - INFO - Processing: vmess://eyJhZGQiOiAiMjE2Ljc1LjE0NS4yMzci...
2026-01-30 18:46:55,756 - Checker-6 - INFO - V2Ray executable directory not found in environment variable, using default...
2026-01-30 18:46:55,756 - Checker-6 - INFO - V2Ray executables found at C:\Users\tyca7\.v2ray
2026-01-30 18:46:55,757 - Checker-6 - INFO - V2Ray executable found at C:\Users\tyca7\.v2ray\xray.exe
2026-01-30 18:46:55,757 - Checker-6 - INFO - Starting V2Ray with command: C:\Users\tyca7\.v2ray\xray.exe run -config C:\Users\tyca7\AppData\Local\Temp\tmpcbv3lq29.json
2026-01-30 18:46:55,848 - Checker-8 - WARNING -   -> FAILED. Received unexpected status code: 503
2026-01-30 18:46:55,853 - Checker-6 - INFO - V2Ray proxy is ready and accepting connections
2026-01-30 18:46:55,854 - Checker-6 - INFO - V2Ray started successfully on SOCKS port 53713, HTTP port 53712
2026-01-30 18:46:55,854 - Checker-6 - INFO - Testing connectivity via http://127.0.0.1:53712...
2026-01-30 18:46:55,854 - Checker-8 - INFO - V2Ray process stopped
2026-01-30 18:46:55,856 - Checker-8 - INFO - Processing: vless://2db1793c-48c5-4cc7-b893-02292fd9...
2026-01-30 18:46:55,857 - Checker-8 - INFO - V2Ray executable directory not found in environment variable, using default...
2026-01-30 18:46:55,858 - Checker-8 - INFO - V2Ray executables found at C:\Users\tyca7\.v2ray
2026-01-30 18:46:55,858 - Checker-8 - INFO - V2Ray executable found at C:\Users\tyca7\.v2ray\xray.exe
2026-01-30 18:46:55,859 - Checker-8 - INFO - Starting V2Ray with command: C:\Users\tyca7\.v2ray\xray.exe run -config C:\Users\tyca7\AppData\Local\Temp\tmphdctakdn.json
2026-01-30 18:46:55,912 - Checker-8 - ERROR - V2Ray exited with code 23.
Stdout: Xray 25.8.3 (Xray, Penetrates Everything.) bd86732 (go1.24.5 windows/amd64)
A unified platform for anti-censorship.
Failed to start: main: failed to load config files: [C:\Users\tyca7\AppData\Local\Temp\tmphdctakdn.json] > infra/conf: failed to build outbound config with tag  > infra/conf: failed to build stream settings for outbound detour > infra/conf: REALITY: Empty "realitySettings".

Stderr: 
2026-01-30 18:46:55,912 - Checker-8 - ERROR - Config file content: {
  "inbounds": [
    {
      "port": 53720,
      "protocol": "socks",
      "settings": {
        "udp": true
      }
    },
    {
      "port": 53719,
      "protocol": "http"
    }
  ],
  "outbounds": [
    {
      "protocol": "vless",
      "settings": {
        "vnext": [
          {
            "address": "217.160.189.116",
            "port": 443,
            "users": [
              {
                "id": "2db1793c-48c5-4cc7-b893-02292fd9400b",
                "encryption": "none",
                "level": 0
              }
            ]
          }
        ]
      },
      "streamSettings": {
        "network": "tcp",
        "security": "reality"
      }
    }
  ]
}
2026-01-30 18:46:55,913 - Checker-8 - ERROR - Error starting V2Ray: Failed to start V2Ray: V2Ray exited with code 23.
Stdout: Xray 25.8.3 (Xray, Penetrates Everything.) bd86732 (go1.24.5 windows/amd64)
A unified platform for anti-censorship.
Failed to start: main: failed to load config files: [C:\Users\tyca7\AppData\Local\Temp\tmphdctakdn.json] > infra/conf: failed to build outbound config with tag  > infra/conf: failed to build stream settings for outbound detour > infra/conf: REALITY: Empty "realitySettings".

Stderr: 
2026-01-30 18:46:55,914 - Checker-8 - ERROR -   -> ERROR. An exception occurred: Failed to start V2Ray: V2Ray exited with code 23.
Stdout: Xray 25.8.3 (Xray, Penetrates Everything.) bd86732 (go1.24.5 windows/amd64)
A unified platform for anti-censorship.
Failed to start: main: failed to load config files: [C:\Users\tyca7\AppData\Local\Temp\tmphdctakdn.json] > infra/conf: failed to build outbound config with tag  > infra/conf: failed to build stream settings for outbound detour > infra/conf: REALITY: Empty "realitySettings".

Stderr: 
2026-01-30 18:46:55,914 - Checker-8 - INFO - Processing: trojan://BxceQaOe@219.76.135.98:443?allo...
2026-01-30 18:46:55,915 - Checker-8 - INFO - V2Ray executable directory not found in environment variable, using default...
2026-01-30 18:46:55,916 - Checker-8 - INFO - V2Ray executables found at C:\Users\tyca7\.v2ray
2026-01-30 18:46:55,916 - Checker-8 - INFO - V2Ray executable found at C:\Users\tyca7\.v2ray\xray.exe
2026-01-30 18:46:55,917 - Checker-8 - INFO - Starting V2Ray with command: C:\Users\tyca7\.v2ray\xray.exe run -config C:\Users\tyca7\AppData\Local\Temp\tmpszt8hyl_.json
2026-01-30 18:46:56,007 - Checker-8 - INFO - V2Ray proxy is ready and accepting connections
2026-01-30 18:46:56,008 - Checker-8 - INFO - V2Ray started successfully on SOCKS port 53723, HTTP port 53722
2026-01-30 18:46:56,008 - Checker-8 - INFO - Testing connectivity via http://127.0.0.1:53722...
2026-01-30 18:46:56,252 - Checker-6 - INFO -   -> SUCCESS! Proxy is working. Status: 204
2026-01-30 18:46:56,258 - Checker-6 - INFO - V2Ray process stopped
2026-01-30 18:46:56,259 - Checker-6 - INFO - Processing: vless://1f3b130d-7d29-45d1-b5aa-adc5cd94...
2026-01-30 18:46:56,260 - Checker-6 - INFO - V2Ray executable directory not found in environment variable, using default...
2026-01-30 18:46:56,261 - Checker-6 - INFO - V2Ray executables found at C:\Users\tyca7\.v2ray
2026-01-30 18:46:56,261 - Checker-6 - INFO - V2Ray executable found at C:\Users\tyca7\.v2ray\xray.exe
2026-01-30 18:46:56,262 - Checker-6 - INFO - Starting V2Ray with command: C:\Users\tyca7\.v2ray\xray.exe run -config C:\Users\tyca7\AppData\Local\Temp\tmp593ssb12.json
2026-01-30 18:46:56,315 - Checker-6 - ERROR - V2Ray exited with code 23.
Stdout: Xray 25.8.3 (Xray, Penetrates Everything.) bd86732 (go1.24.5 windows/amd64)
A unified platform for anti-censorship.
Failed to start: main: failed to load config files: [C:\Users\tyca7\AppData\Local\Temp\tmp593ssb12.json] > infra/conf: failed to build outbound config with tag  > infra/conf: failed to build stream settings for outbound detour > infra/conf: REALITY: Empty "realitySettings".

Stderr: 
2026-01-30 18:46:56,316 - Checker-6 - ERROR - Config file content: {
  "inbounds": [
    {
      "port": 53731,
      "protocol": "socks",
      "settings": {
        "udp": true
      }
    },
    {
      "port": 53730,
      "protocol": "http"
    }
  ],
  "outbounds": [
    {
      "protocol": "vless",
      "settings": {
        "vnext": [
          {
            "address": "sktr.berkeart.ir",
            "port": 19702,
            "users": [
              {
                "id": "1f3b130d-7d29-45d1-b5aa-adc5cd94a885",
                "encryption": "none",
                "level": 0
              }
            ]
          }
        ]
      },
      "streamSettings": {
        "network": "grpc",
        "security": "reality"
      }
    }
  ]
}
2026-01-30 18:46:56,316 - Checker-6 - ERROR - Error starting V2Ray: Failed to start V2Ray: V2Ray exited with code 23.
Stdout: Xray 25.8.3 (Xray, Penetrates Everything.) bd86732 (go1.24.5 windows/amd64)
A unified platform for anti-censorship.
Failed to start: main: failed to load config files: [C:\Users\tyca7\AppData\Local\Temp\tmp593ssb12.json] > infra/conf: failed to build outbound config with tag  > infra/conf: failed to build stream settings for outbound detour > infra/conf: REALITY: Empty "realitySettings".

Stderr: 
2026-01-30 18:46:56,317 - Checker-6 - ERROR -   -> ERROR. An exception occurred: Failed to start V2Ray: V2Ray exited with code 23.
Stdout: Xray 25.8.3 (Xray, Penetrates Everything.) bd86732 (go1.24.5 windows/amd64)
A unified platform for anti-censorship.
Failed to start: main: failed to load config files: [C:\Users\tyca7\AppData\Local\Temp\tmp593ssb12.json] > infra/conf: failed to build outbound config with tag  > infra/conf: failed to build stream settings for outbound detour > infra/conf: REALITY: Empty "realitySettings".

Stderr: 
2026-01-30 18:46:56,317 - Checker-6 - INFO - Processing: vless://a5e872dd-8d1d-4d89-83ac-ac1e13d3...
2026-01-30 18:46:56,319 - Checker-6 - INFO - V2Ray executable directory not found in environment variable, using default...
2026-01-30 18:46:56,319 - Checker-6 - INFO - V2Ray executables found at C:\Users\tyca7\.v2ray
2026-01-30 18:46:56,320 - Checker-6 - INFO - V2Ray executable found at C:\Users\tyca7\.v2ray\xray.exe
2026-01-30 18:46:56,320 - Checker-6 - INFO - Starting V2Ray with command: C:\Users\tyca7\.v2ray\xray.exe run -config C:\Users\tyca7\AppData\Local\Temp\tmpef7p1l7w.json
2026-01-30 18:46:56,373 - Checker-6 - ERROR - V2Ray exited with code 23.
Stdout: Xray 25.8.3 (Xray, Penetrates Everything.) bd86732 (go1.24.5 windows/amd64)
A unified platform for anti-censorship.
Failed to start: main: failed to load config files: [C:\Users\tyca7\AppData\Local\Temp\tmpef7p1l7w.json] > infra/conf: failed to build outbound config with tag  > infra/conf: failed to build stream settings for outbound detour > infra/conf: REALITY: Empty "realitySettings".

Stderr: 
2026-01-30 18:46:56,374 - Checker-6 - ERROR - Config file content: {
  "inbounds": [
    {
      "port": 53733,
      "protocol": "socks",
      "settings": {
        "udp": true
      }
    },
    {
      "port": 53732,
      "protocol": "http"
    }
  ],
  "outbounds": [
    {
      "protocol": "vless",
      "settings": {
        "vnext": [
          {
            "address": "8.208.27.141",
            "port": 443,
            "users": [
              {
                "id": "a5e872dd-8d1d-4d89-83ac-ac1e13d38912",
                "encryption": "none",
                "level": 0
              }
            ]
          }
        ]
      },
      "streamSettings": {
        "network": "tcp",
        "security": "reality"
      }
    }
  ]
}
2026-01-30 18:46:56,374 - Checker-6 - ERROR - Error starting V2Ray: Failed to start V2Ray: V2Ray exited with code 23.
Stdout: Xray 25.8.3 (Xray, Penetrates Everything.) bd86732 (go1.24.5 windows/amd64)
A unified platform for anti-censorship.
Failed to start: main: failed to load config files: [C:\Users\tyca7\AppData\Local\Temp\tmpef7p1l7w.json] > infra/conf: failed to build outbound config with tag  > infra/conf: failed to build stream settings for outbound detour > infra/conf: REALITY: Empty "realitySettings".

Stderr: 
2026-01-30 18:46:56,375 - Checker-6 - ERROR -   -> ERROR. An exception occurred: Failed to start V2Ray: V2Ray exited with code 23.
Stdout: Xray 25.8.3 (Xray, Penetrates Everything.) bd86732 (go1.24.5 windows/amd64)
A unified platform for anti-censorship.
Failed to start: main: failed to load config files: [C:\Users\tyca7\AppData\Local\Temp\tmpef7p1l7w.json] > infra/conf: failed to build outbound config with tag  > infra/conf: failed to build stream settings for outbound detour > infra/conf: REALITY: Empty "realitySettings".

Stderr: 
2026-01-30 18:46:56,375 - Checker-6 - INFO - Processing: vless://53cd8178-2ee6-43d9-a2a7-881f287f...
2026-01-30 18:46:56,377 - Checker-6 - INFO - V2Ray executable directory not found in environment variable, using default...
2026-01-30 18:46:56,377 - Checker-6 - INFO - V2Ray executables found at C:\Users\tyca7\.v2ray
2026-01-30 18:46:56,377 - Checker-6 - INFO - V2Ray executable found at C:\Users\tyca7\.v2ray\xray.exe
2026-01-30 18:46:56,378 - Checker-6 - INFO - Starting V2Ray with command: C:\Users\tyca7\.v2ray\xray.exe run -config C:\Users\tyca7\AppData\Local\Temp\tmp1agureb1.json
2026-01-30 18:46:56,431 - Checker-6 - ERROR - V2Ray exited with code 23.
Stdout: Xray 25.8.3 (Xray, Penetrates Everything.) bd86732 (go1.24.5 windows/amd64)
A unified platform for anti-censorship.
Failed to start: main: failed to load config files: [C:\Users\tyca7\AppData\Local\Temp\tmp1agureb1.json] > infra/conf: failed to build outbound config with tag  > infra/conf: failed to build stream settings for outbound detour > infra/conf: REALITY: Empty "realitySettings".

Stderr: 
2026-01-30 18:46:56,431 - Checker-6 - ERROR - Config file content: {
  "inbounds": [
    {
      "port": 53735,
      "protocol": "socks",
      "settings": {
        "udp": true
      }
    },
    {
      "port": 53734,
      "protocol": "http"
    }
  ],
  "outbounds": [
    {
      "protocol": "vless",
      "settings": {
        "vnext": [
          {
            "address": "172.234.130.82",
            "port": 10001,
            "users": [
              {
                "id": "53cd8178-2ee6-43d9-a2a7-881f287fd408",
                "encryption": "none",
                "level": 0
              }
            ]
          }
        ]
      },
      "streamSettings": {
        "network": "tcp",
        "security": "reality"
      }
    }
  ]
}
2026-01-30 18:46:56,432 - Checker-6 - ERROR - Error starting V2Ray: Failed to start V2Ray: V2Ray exited with code 23.
Stdout: Xray 25.8.3 (Xray, Penetrates Everything.) bd86732 (go1.24.5 windows/amd64)
A unified platform for anti-censorship.
Failed to start: main: failed to load config files: [C:\Users\tyca7\AppData\Local\Temp\tmp1agureb1.json] > infra/conf: failed to build outbound config with tag  > infra/conf: failed to build stream settings for outbound detour > infra/conf: REALITY: Empty "realitySettings".

Stderr: 
2026-01-30 18:46:56,432 - Checker-6 - ERROR -   -> ERROR. An exception occurred: Failed to start V2Ray: V2Ray exited with code 23.
Stdout: Xray 25.8.3 (Xray, Penetrates Everything.) bd86732 (go1.24.5 windows/amd64)
A unified platform for anti-censorship.
Failed to start: main: failed to load config files: [C:\Users\tyca7\AppData\Local\Temp\tmp1agureb1.json] > infra/conf: failed to build outbound config with tag  > infra/conf: failed to build stream settings for outbound detour > infra/conf: REALITY: Empty "realitySettings".

Stderr: 
2026-01-30 18:46:56,433 - Checker-6 - INFO - Processing: vless://6c49485f-843c-4e96-abfe-046bc473...
2026-01-30 18:46:56,434 - Checker-6 - INFO - V2Ray executable directory not found in environment variable, using default...
2026-01-30 18:46:56,435 - Checker-6 - INFO - V2Ray executables found at C:\Users\tyca7\.v2ray
2026-01-30 18:46:56,435 - Checker-6 - INFO - V2Ray executable found at C:\Users\tyca7\.v2ray\xray.exe
2026-01-30 18:46:56,436 - Checker-6 - INFO - Starting V2Ray with command: C:\Users\tyca7\.v2ray\xray.exe run -config C:\Users\tyca7\AppData\Local\Temp\tmpyvlaf_cq.json
2026-01-30 18:46:56,489 - Checker-6 - ERROR - V2Ray exited with code 23.
Stdout: Xray 25.8.3 (Xray, Penetrates Everything.) bd86732 (go1.24.5 windows/amd64)
A unified platform for anti-censorship.
Failed to start: main: failed to load config files: [C:\Users\tyca7\AppData\Local\Temp\tmpyvlaf_cq.json] > infra/conf: failed to build outbound config with tag  > infra/conf: failed to build stream settings for outbound detour > infra/conf: REALITY: Empty "realitySettings".

Stderr: 
2026-01-30 18:46:56,489 - Checker-6 - ERROR - Config file content: {
  "inbounds": [
    {
      "port": 53738,
      "protocol": "socks",
      "settings": {
        "udp": true
      }
    },
    {
      "port": 53737,
      "protocol": "http"
    }
  ],
  "outbounds": [
    {
      "protocol": "vless",
      "settings": {
        "vnext": [
          {
            "address": "45.144.51.22",
            "port": 443,
            "users": [
              {
                "id": "6c49485f-843c-4e96-abfe-046bc473c7b0",
                "encryption": "none",
                "level": 0
              }
            ]
          }
        ]
      },
      "streamSettings": {
        "network": "tcp",
        "security": "reality"
      }
    }
  ]
}
2026-01-30 18:46:56,490 - Checker-6 - ERROR - Error starting V2Ray: Failed to start V2Ray: V2Ray exited with code 23.
Stdout: Xray 25.8.3 (Xray, Penetrates Everything.) bd86732 (go1.24.5 windows/amd64)
A unified platform for anti-censorship.
Failed to start: main: failed to load config files: [C:\Users\tyca7\AppData\Local\Temp\tmpyvlaf_cq.json] > infra/conf: failed to build outbound config with tag  > infra/conf: failed to build stream settings for outbound detour > infra/conf: REALITY: Empty "realitySettings".

Stderr: 
2026-01-30 18:46:56,491 - Checker-6 - ERROR -   -> ERROR. An exception occurred: Failed to start V2Ray: V2Ray exited with code 23.
Stdout: Xray 25.8.3 (Xray, Penetrates Everything.) bd86732 (go1.24.5 windows/amd64)
A unified platform for anti-censorship.
Failed to start: main: failed to load config files: [C:\Users\tyca7\AppData\Local\Temp\tmpyvlaf_cq.json] > infra/conf: failed to build outbound config with tag  > infra/conf: failed to build stream settings for outbound detour > infra/conf: REALITY: Empty "realitySettings".

Stderr: 
2026-01-30 18:46:56,491 - Checker-6 - INFO - Processing: vmess://eyJhZGQiOiAibjE3NjEyMTQ5MDIud3Bn...
2026-01-30 18:46:56,492 - Checker-6 - INFO - V2Ray executable directory not found in environment variable, using default...
2026-01-30 18:46:56,493 - Checker-6 - INFO - V2Ray executables found at C:\Users\tyca7\.v2ray
2026-01-30 18:46:56,493 - Checker-6 - INFO - V2Ray executable found at C:\Users\tyca7\.v2ray\xray.exe
2026-01-30 18:46:56,494 - Checker-6 - INFO - Starting V2Ray with command: C:\Users\tyca7\.v2ray\xray.exe run -config C:\Users\tyca7\AppData\Local\Temp\tmpt4de7nl_.json
2026-01-30 18:46:56,576 - Checker-6 - INFO - V2Ray proxy is ready and accepting connections
2026-01-30 18:46:56,577 - Checker-6 - INFO - V2Ray started successfully on SOCKS port 53740, HTTP port 53739
2026-01-30 18:46:56,577 - Checker-6 - INFO - Testing connectivity via http://127.0.0.1:53739...
2026-01-30 18:46:56,957 - Checker-3 - WARNING -   -> FAILED. Connection error: ReadTimeout
2026-01-30 18:46:56,963 - Checker-3 - INFO - V2Ray process stopped
2026-01-30 18:46:56,964 - Checker-3 - INFO - Processing: vless://ec77b9ff-ba31-4b1d-8a81-ee9de133...
2026-01-30 18:46:56,966 - Checker-3 - INFO - V2Ray executable directory not found in environment variable, using default...
2026-01-30 18:46:56,966 - Checker-3 - INFO - V2Ray executables found at C:\Users\tyca7\.v2ray
2026-01-30 18:46:56,967 - Checker-3 - INFO - V2Ray executable found at C:\Users\tyca7\.v2ray\xray.exe
2026-01-30 18:46:56,967 - Checker-3 - INFO - Starting V2Ray with command: C:\Users\tyca7\.v2ray\xray.exe run -config C:\Users\tyca7\AppData\Local\Temp\tmpaolmpky5.json
2026-01-30 18:46:57,052 - Checker-3 - INFO - V2Ray proxy is ready and accepting connections
2026-01-30 18:46:57,052 - Checker-3 - INFO - V2Ray started successfully on SOCKS port 53749, HTTP port 53748
2026-01-30 18:46:57,052 - Checker-3 - INFO - Testing connectivity via http://127.0.0.1:53748...
2026-01-30 18:46:57,276 - Checker-10 - WARNING -   -> FAILED. Connection error: ReadTimeout
2026-01-30 18:46:57,283 - Checker-10 - INFO - V2Ray process stopped
2026-01-30 18:46:57,283 - Checker-10 - INFO - Processing: vless://85571fb3-6d15-49b0-e1d6-cf8b6dbd...
2026-01-30 18:46:57,285 - Checker-10 - INFO - V2Ray executable directory not found in environment variable, using default...
2026-01-30 18:46:57,286 - Checker-10 - INFO - V2Ray executables found at C:\Users\tyca7\.v2ray
2026-01-30 18:46:57,286 - Checker-10 - INFO - V2Ray executable found at C:\Users\tyca7\.v2ray\xray.exe
2026-01-30 18:46:57,286 - Checker-10 - INFO - Starting V2Ray with command: C:\Users\tyca7\.v2ray\xray.exe run -config C:\Users\tyca7\AppData\Local\Temp\tmpg38aqlu1.json
2026-01-30 18:46:57,369 - Checker-10 - INFO - V2Ray proxy is ready and accepting connections
2026-01-30 18:46:57,370 - Checker-10 - INFO - V2Ray started successfully on SOCKS port 53757, HTTP port 53756
2026-01-30 18:46:57,370 - Checker-10 - INFO - Testing connectivity via http://127.0.0.1:53756...
2026-01-30 18:46:58,788 - Checker-7 - WARNING -   -> FAILED. Connection error: ReadTimeout
2026-01-30 18:46:58,793 - Checker-7 - INFO - V2Ray process stopped
2026-01-30 18:46:58,794 - Checker-7 - INFO - Processing: vless://057b649c-54b1-4f68-86b1-90381637...
2026-01-30 18:46:58,796 - Checker-7 - INFO - V2Ray executable directory not found in environment variable, using default...
2026-01-30 18:46:58,797 - Checker-7 - INFO - V2Ray executables found at C:\Users\tyca7\.v2ray
2026-01-30 18:46:58,797 - Checker-7 - INFO - V2Ray executable found at C:\Users\tyca7\.v2ray\xray.exe
2026-01-30 18:46:58,798 - Checker-7 - INFO - Starting V2Ray with command: C:\Users\tyca7\.v2ray\xray.exe run -config C:\Users\tyca7\AppData\Local\Temp\tmp13gn2gm4.json
2026-01-30 18:46:58,877 - Checker-8 - WARNING -   -> FAILED. Received unexpected status code: 503
2026-01-30 18:46:58,882 - Checker-7 - INFO - V2Ray proxy is ready and accepting connections
2026-01-30 18:46:58,883 - Checker-7 - INFO - V2Ray started successfully on SOCKS port 53767, HTTP port 53766
2026-01-30 18:46:58,883 - Checker-7 - INFO - Testing connectivity via http://127.0.0.1:53766...
2026-01-30 18:46:58,883 - Checker-8 - INFO - V2Ray process stopped
2026-01-30 18:46:58,885 - Checker-8 - INFO - Processing: vless://3bc9c90e-dd6c-400d-bfb0-1d06b13f...
2026-01-30 18:46:58,886 - Checker-8 - INFO - V2Ray executable directory not found in environment variable, using default...
2026-01-30 18:46:58,887 - Checker-8 - INFO - V2Ray executables found at C:\Users\tyca7\.v2ray
2026-01-30 18:46:58,887 - Checker-8 - INFO - V2Ray executable found at C:\Users\tyca7\.v2ray\xray.exe
2026-01-30 18:46:58,888 - Checker-8 - INFO - Starting V2Ray with command: C:\Users\tyca7\.v2ray\xray.exe run -config C:\Users\tyca7\AppData\Local\Temp\tmpq46jip1q.json
2026-01-30 18:46:58,930 - Checker-2 - WARNING -   -> FAILED. Connection error: ReadTimeout
2026-01-30 18:46:58,936 - Checker-2 - INFO - V2Ray process stopped
2026-01-30 18:46:58,936 - Checker-2 - INFO - Processing: trojan://humanity@172.64.152.23:443?path...
2026-01-30 18:46:58,938 - Checker-2 - INFO - V2Ray executable directory not found in environment variable, using default...
2026-01-30 18:46:58,938 - Checker-2 - INFO - V2Ray executables found at C:\Users\tyca7\.v2ray
2026-01-30 18:46:58,939 - Checker-2 - INFO - V2Ray executable found at C:\Users\tyca7\.v2ray\xray.exe
2026-01-30 18:46:58,939 - Checker-2 - INFO - Starting V2Ray with command: C:\Users\tyca7\.v2ray\xray.exe run -config C:\Users\tyca7\AppData\Local\Temp\tmp4_gzfbp5.json
2026-01-30 18:46:58,940 - Checker-8 - ERROR - V2Ray exited with code 23.
Stdout: Xray 25.8.3 (Xray, Penetrates Everything.) bd86732 (go1.24.5 windows/amd64)
A unified platform for anti-censorship.
Failed to start: main: failed to load config files: [C:\Users\tyca7\AppData\Local\Temp\tmpq46jip1q.json] > infra/conf: failed to build outbound config with tag  > infra/conf: failed to build stream settings for outbound detour > infra/conf: REALITY: Empty "realitySettings".

Stderr: 
2026-01-30 18:46:58,941 - Checker-8 - ERROR - Config file content: {
  "inbounds": [
    {
      "port": 53774,
      "protocol": "socks",
      "settings": {
        "udp": true
      }
    },
    {
      "port": 53773,
      "protocol": "http"
    }
  ],
  "outbounds": [
    {
      "protocol": "vless",
      "settings": {
        "vnext": [
          {
            "address": "170.39.216.61",
            "port": 50511,
            "users": [
              {
                "id": "3bc9c90e-dd6c-400d-bfb0-1d06b13fe46c",
                "encryption": "none",
                "level": 0
              }
            ]
          }
        ]
      },
      "streamSettings": {
        "network": "tcp",
        "security": "reality"
      }
    }
  ]
}
2026-01-30 18:46:58,941 - Checker-8 - ERROR - Error starting V2Ray: Failed to start V2Ray: V2Ray exited with code 23.
Stdout: Xray 25.8.3 (Xray, Penetrates Everything.) bd86732 (go1.24.5 windows/amd64)
A unified platform for anti-censorship.
Failed to start: main: failed to load config files: [C:\Users\tyca7\AppData\Local\Temp\tmpq46jip1q.json] > infra/conf: failed to build outbound config with tag  > infra/conf: failed to build stream settings for outbound detour > infra/conf: REALITY: Empty "realitySettings".

Stderr: 
2026-01-30 18:46:58,942 - Checker-8 - ERROR -   -> ERROR. An exception occurred: Failed to start V2Ray: V2Ray exited with code 23.
Stdout: Xray 25.8.3 (Xray, Penetrates Everything.) bd86732 (go1.24.5 windows/amd64)
A unified platform for anti-censorship.
Failed to start: main: failed to load config files: [C:\Users\tyca7\AppData\Local\Temp\tmpq46jip1q.json] > infra/conf: failed to build outbound config with tag  > infra/conf: failed to build stream settings for outbound detour > infra/conf: REALITY: Empty "realitySettings".

Stderr: 
2026-01-30 18:46:58,942 - Checker-8 - INFO - Processing: vless://3a4ddfac-e7da-48c9-9648-4a366109...
2026-01-30 18:46:58,944 - Checker-8 - INFO - V2Ray executable directory not found in environment variable, using default...
2026-01-30 18:46:58,944 - Checker-8 - INFO - V2Ray executables found at C:\Users\tyca7\.v2ray
2026-01-30 18:46:58,945 - Checker-8 - INFO - V2Ray executable found at C:\Users\tyca7\.v2ray\xray.exe
2026-01-30 18:46:58,945 - Checker-8 - INFO - Starting V2Ray with command: C:\Users\tyca7\.v2ray\xray.exe run -config C:\Users\tyca7\AppData\Local\Temp\tmpddx2rafl.json
2026-01-30 18:46:59,008 - Checker-8 - INFO - V2Ray proxy is ready and accepting connections
2026-01-30 18:46:59,008 - Checker-8 - INFO - V2Ray started successfully on SOCKS port 53779, HTTP port 53778
2026-01-30 18:46:59,009 - Checker-8 - INFO - Testing connectivity via http://127.0.0.1:53778...
2026-01-30 18:46:59,024 - Checker-2 - INFO - V2Ray proxy is ready and accepting connections
2026-01-30 18:46:59,024 - Checker-2 - INFO - V2Ray started successfully on SOCKS port 53777, HTTP port 53776
2026-01-30 18:46:59,024 - Checker-2 - INFO - Testing connectivity via http://127.0.0.1:53776...
2026-01-30 18:46:59,422 - Checker-4 - WARNING -   -> FAILED. Connection error: ReadTimeout
2026-01-30 18:46:59,428 - Checker-4 - INFO - V2Ray process stopped
2026-01-30 18:46:59,429 - Checker-4 - INFO - Processing: ss://Y2hhY2hhMjAtaWV0Zi1wb2x5MTMwNTo4YWZ...
2026-01-30 18:46:59,431 - Checker-4 - INFO - V2Ray executable directory not found in environment variable, using default...
2026-01-30 18:46:59,432 - Checker-4 - INFO - V2Ray executables found at C:\Users\tyca7\.v2ray
2026-01-30 18:46:59,432 - Checker-4 - INFO - V2Ray executable found at C:\Users\tyca7\.v2ray\xray.exe
2026-01-30 18:46:59,432 - Checker-4 - INFO - Starting V2Ray with command: C:\Users\tyca7\.v2ray\xray.exe run -config C:\Users\tyca7\AppData\Local\Temp\tmpihk2kmow.json
2026-01-30 18:46:59,501 - Checker-4 - INFO - V2Ray proxy is ready and accepting connections
2026-01-30 18:46:59,502 - Checker-4 - INFO - V2Ray started successfully on SOCKS port 53793, HTTP port 53792
2026-01-30 18:46:59,502 - Checker-4 - INFO - Testing connectivity via http://127.0.0.1:53792...
2026-01-30 18:46:59,570 - Checker-8 - INFO -   -> SUCCESS! Proxy is working. Status: 204
2026-01-30 18:46:59,576 - Checker-8 - INFO - V2Ray process stopped
2026-01-30 18:46:59,577 - Checker-8 - INFO - Processing: vmess://eyJhZGQiOiAiY2hhdGdwdC5jb20iLCAi...
2026-01-30 18:46:59,579 - Checker-8 - INFO - V2Ray executable directory not found in environment variable, using default...
2026-01-30 18:46:59,579 - Checker-8 - INFO - V2Ray executables found at C:\Users\tyca7\.v2ray
2026-01-30 18:46:59,580 - Checker-8 - INFO - V2Ray executable found at C:\Users\tyca7\.v2ray\xray.exe
2026-01-30 18:46:59,580 - Checker-8 - INFO - Starting V2Ray with command: C:\Users\tyca7\.v2ray\xray.exe run -config C:\Users\tyca7\AppData\Local\Temp\tmpq_ot8qkq.json
2026-01-30 18:46:59,658 - Checker-8 - INFO - V2Ray proxy is ready and accepting connections
2026-01-30 18:46:59,658 - Checker-8 - INFO - V2Ray started successfully on SOCKS port 53801, HTTP port 53800
2026-01-30 18:46:59,658 - Checker-8 - INFO - Testing connectivity via http://127.0.0.1:53800...
2026-01-30 18:46:59,784 - Checker-5 - WARNING -   -> FAILED. Connection error: ReadTimeout
2026-01-30 18:46:59,790 - Checker-5 - INFO - V2Ray process stopped
2026-01-30 18:46:59,791 - Checker-5 - INFO - Processing: vless://c249ca6f-1bde-479b-af96-da0e948a...
2026-01-30 18:46:59,792 - Checker-5 - INFO - V2Ray executable directory not found in environment variable, using default...
2026-01-30 18:46:59,793 - Checker-5 - INFO - V2Ray executables found at C:\Users\tyca7\.v2ray
2026-01-30 18:46:59,793 - Checker-5 - INFO - V2Ray executable found at C:\Users\tyca7\.v2ray\xray.exe
2026-01-30 18:46:59,793 - Checker-5 - INFO - Starting V2Ray with command: C:\Users\tyca7\.v2ray\xray.exe run -config C:\Users\tyca7\AppData\Local\Temp\tmpgyek4uz2.json
2026-01-30 18:46:59,878 - Checker-5 - INFO - V2Ray proxy is ready and accepting connections
2026-01-30 18:46:59,878 - Checker-5 - INFO - V2Ray started successfully on SOCKS port 53809, HTTP port 53808
2026-01-30 18:46:59,879 - Checker-5 - INFO - Testing connectivity via http://127.0.0.1:53808...
2026-01-30 18:47:00,004 - Checker-5 - WARNING -   -> FAILED. Received unexpected status code: 503
2026-01-30 18:47:00,012 - Checker-6 - INFO -   -> SUCCESS! Proxy is working. Status: 204
2026-01-30 18:47:00,018 - Checker-5 - INFO - V2Ray process stopped
2026-01-30 18:47:00,019 - Checker-5 - INFO - Processing: trojan://humanity@172.64.152.23:443?path...
2026-01-30 18:47:00,020 - Checker-6 - INFO - V2Ray process stopped
2026-01-30 18:47:00,021 - Checker-6 - INFO - Processing: ss://Y2hhY2hhMjAtaWV0Zi1wb2x5MTMwNTpjYTV...
2026-01-30 18:47:00,022 - Checker-5 - INFO - V2Ray executable directory not found in environment variable, using default...
2026-01-30 18:47:00,022 - Checker-5 - INFO - V2Ray executables found at C:\Users\tyca7\.v2ray
2026-01-30 18:47:00,022 - Checker-5 - INFO - V2Ray executable found at C:\Users\tyca7\.v2ray\xray.exe
2026-01-30 18:47:00,023 - Checker-6 - INFO - V2Ray executable directory not found in environment variable, using default...
2026-01-30 18:47:00,023 - Checker-5 - INFO - Starting V2Ray with command: C:\Users\tyca7\.v2ray\xray.exe run -config C:\Users\tyca7\AppData\Local\Temp\tmp5p0r20ln.json
2026-01-30 18:47:00,023 - Checker-6 - INFO - V2Ray executables found at C:\Users\tyca7\.v2ray
2026-01-30 18:47:00,024 - Checker-6 - INFO - V2Ray executable found at C:\Users\tyca7\.v2ray\xray.exe
2026-01-30 18:47:00,024 - Checker-6 - INFO - Starting V2Ray with command: C:\Users\tyca7\.v2ray\xray.exe run -config C:\Users\tyca7\AppData\Local\Temp\tmpps6_bvl5.json
2026-01-30 18:47:00,099 - Checker-5 - INFO - V2Ray proxy is ready and accepting connections
2026-01-30 18:47:00,099 - Checker-5 - INFO - V2Ray started successfully on SOCKS port 53817, HTTP port 53816
2026-01-30 18:47:00,100 - Checker-5 - INFO - Testing connectivity via http://127.0.0.1:53816...
2026-01-30 18:47:00,115 - Checker-6 - INFO - V2Ray proxy is ready and accepting connections
2026-01-30 18:47:00,115 - Checker-6 - INFO - V2Ray started successfully on SOCKS port 53819, HTTP port 53818
2026-01-30 18:47:00,116 - Checker-6 - INFO - Testing connectivity via http://127.0.0.1:53818...
2026-01-30 18:47:01,508 - Checker-1 - INFO -   -> SUCCESS! Proxy is working. Status: 204
2026-01-30 18:47:01,514 - Checker-1 - INFO - V2Ray process stopped
2026-01-30 18:47:01,515 - Checker-1 - INFO - Processing: trojan://x.8ur1QiCyzlRHXeaB5UwoDfgZ04s@4...
2026-01-30 18:47:01,517 - Checker-1 - INFO - V2Ray executable directory not found in environment variable, using default...
2026-01-30 18:47:01,517 - Checker-1 - INFO - V2Ray executables found at C:\Users\tyca7\.v2ray
2026-01-30 18:47:01,518 - Checker-1 - INFO - V2Ray executable found at C:\Users\tyca7\.v2ray\xray.exe
2026-01-30 18:47:01,518 - Checker-1 - INFO - Starting V2Ray with command: C:\Users\tyca7\.v2ray\xray.exe run -config C:\Users\tyca7\AppData\Local\Temp\tmp_e2itydu.json
2026-01-30 18:47:01,601 - Checker-1 - INFO - V2Ray proxy is ready and accepting connections
2026-01-30 18:47:01,601 - Checker-1 - INFO - V2Ray started successfully on SOCKS port 53833, HTTP port 53832
2026-01-30 18:47:01,601 - Checker-1 - INFO - Testing connectivity via http://127.0.0.1:53832...
2026-01-30 18:47:02,929 - Checker-9 - WARNING -   -> FAILED. Connection error: ReadTimeout
2026-01-30 18:47:02,936 - Checker-9 - INFO - V2Ray process stopped
2026-01-30 18:47:02,937 - Checker-9 - INFO - Processing: vmess://eyJhZGQiOiAiMjAyLjg1LjUzLjE3OSIs...
2026-01-30 18:47:02,938 - Checker-9 - INFO - V2Ray executable directory not found in environment variable, using default...
2026-01-30 18:47:02,939 - Checker-9 - INFO - V2Ray executables found at C:\Users\tyca7\.v2ray
2026-01-30 18:47:02,939 - Checker-9 - INFO - V2Ray executable found at C:\Users\tyca7\.v2ray\xray.exe
2026-01-30 18:47:02,940 - Checker-9 - INFO - Starting V2Ray with command: C:\Users\tyca7\.v2ray\xray.exe run -config C:\Users\tyca7\AppData\Local\Temp\tmp6bpsqs0q.json
2026-01-30 18:47:03,024 - Checker-9 - INFO - V2Ray proxy is ready and accepting connections
2026-01-30 18:47:03,024 - Checker-9 - INFO - V2Ray started successfully on SOCKS port 53845, HTTP port 53844
2026-01-30 18:47:03,025 - Checker-9 - INFO - Testing connectivity via http://127.0.0.1:53844...
2026-01-30 18:47:03,195 - Checker-1 - WARNING -   -> FAILED. Received unexpected status code: 503
2026-01-30 18:47:03,201 - Checker-1 - INFO - V2Ray process stopped
2026-01-30 18:47:03,202 - Checker-1 - INFO - Processing: ss://Y2hhY2hhMjAtaWV0Zi1wb2x5MTMwNTo5MzJ...
2026-01-30 18:47:03,204 - Checker-1 - INFO - V2Ray executable directory not found in environment variable, using default...
2026-01-30 18:47:03,205 - Checker-1 - INFO - V2Ray executables found at C:\Users\tyca7\.v2ray
2026-01-30 18:47:03,205 - Checker-1 - INFO - V2Ray executable found at C:\Users\tyca7\.v2ray\xray.exe
2026-01-30 18:47:03,205 - Checker-1 - INFO - Starting V2Ray with command: C:\Users\tyca7\.v2ray\xray.exe run -config C:\Users\tyca7\AppData\Local\Temp\tmpvys5b2ud.json
2026-01-30 18:47:03,291 - Checker-1 - INFO - V2Ray proxy is ready and accepting connections
2026-01-30 18:47:03,292 - Checker-1 - INFO - V2Ray started successfully on SOCKS port 53853, HTTP port 53852
2026-01-30 18:47:03,292 - Checker-1 - INFO - Testing connectivity via http://127.0.0.1:53852...
2026-01-30 18:47:05,080 - Checker-3 - WARNING -   -> FAILED. Connection error: ReadTimeout
2026-01-30 18:47:05,086 - Checker-3 - INFO - V2Ray process stopped
2026-01-30 18:47:05,086 - Checker-3 - INFO - Processing: trojan://wp9IsiY82uQhcmgNC1eoBM@80.173.2...
2026-01-30 18:47:05,088 - Checker-3 - INFO - V2Ray executable directory not found in environment variable, using default...
2026-01-30 18:47:05,089 - Checker-3 - INFO - V2Ray executables found at C:\Users\tyca7\.v2ray
2026-01-30 18:47:05,089 - Checker-3 - INFO - V2Ray executable found at C:\Users\tyca7\.v2ray\xray.exe
2026-01-30 18:47:05,089 - Checker-3 - INFO - Starting V2Ray with command: C:\Users\tyca7\.v2ray\xray.exe run -config C:\Users\tyca7\AppData\Local\Temp\tmp0ssgupal.json
2026-01-30 18:47:05,173 - Checker-3 - INFO - V2Ray proxy is ready and accepting connections
2026-01-30 18:47:05,174 - Checker-3 - INFO - V2Ray started successfully on SOCKS port 53862, HTTP port 53861
2026-01-30 18:47:05,174 - Checker-3 - INFO - Testing connectivity via http://127.0.0.1:53861...
2026-01-30 18:47:05,396 - Checker-10 - WARNING -   -> FAILED. Connection error: ReadTimeout
2026-01-30 18:47:05,403 - Checker-10 - INFO - V2Ray process stopped
2026-01-30 18:47:05,404 - Checker-10 - INFO - Processing: vmess://eyJhZGQiOiAibjE3NjEyMTQ5MTAuNzRx...
2026-01-30 18:47:05,405 - Checker-10 - INFO - V2Ray executable directory not found in environment variable, using default...
2026-01-30 18:47:05,406 - Checker-10 - INFO - V2Ray executables found at C:\Users\tyca7\.v2ray
2026-01-30 18:47:05,406 - Checker-10 - INFO - V2Ray executable found at C:\Users\tyca7\.v2ray\xray.exe
2026-01-30 18:47:05,407 - Checker-10 - INFO - Starting V2Ray with command: C:\Users\tyca7\.v2ray\xray.exe run -config C:\Users\tyca7\AppData\Local\Temp\tmp7lio8qop.json
2026-01-30 18:47:05,490 - Checker-10 - INFO - V2Ray proxy is ready and accepting connections
2026-01-30 18:47:05,491 - Checker-10 - INFO - V2Ray started successfully on SOCKS port 53870, HTTP port 53869
2026-01-30 18:47:05,491 - Checker-10 - INFO - Testing connectivity via http://127.0.0.1:53869...
2026-01-30 18:47:05,915 - Checker-3 - INFO -   -> SUCCESS! Proxy is working. Status: 204
2026-01-30 18:47:05,921 - Checker-3 - INFO - V2Ray process stopped
2026-01-30 18:47:05,922 - Checker-3 - INFO - Processing: vless://0e8a6896-ad90-4a3b-89a3-77d64aa4...
2026-01-30 18:47:05,924 - Checker-3 - INFO - V2Ray executable directory not found in environment variable, using default...
2026-01-30 18:47:05,924 - Checker-3 - INFO - V2Ray executables found at C:\Users\tyca7\.v2ray
2026-01-30 18:47:05,925 - Checker-3 - INFO - V2Ray executable found at C:\Users\tyca7\.v2ray\xray.exe
2026-01-30 18:47:05,925 - Checker-3 - INFO - Starting V2Ray with command: C:\Users\tyca7\.v2ray\xray.exe run -config C:\Users\tyca7\AppData\Local\Temp\tmplg4s4thp.json
2026-01-30 18:47:05,978 - Checker-3 - ERROR - V2Ray exited with code 23.
Stdout: Xray 25.8.3 (Xray, Penetrates Everything.) bd86732 (go1.24.5 windows/amd64)
A unified platform for anti-censorship.
Failed to start: main: failed to load config files: [C:\Users\tyca7\AppData\Local\Temp\tmplg4s4thp.json] > infra/conf: failed to build outbound config with tag  > infra/conf: failed to build stream settings for outbound detour > infra/conf: REALITY: Empty "realitySettings".

Stderr: 
2026-01-30 18:47:05,978 - Checker-3 - ERROR - Config file content: {
  "inbounds": [
    {
      "port": 53878,
      "protocol": "socks",
      "settings": {
        "udp": true
      }
    },
    {
      "port": 53877,
      "protocol": "http"
    }
  ],
  "outbounds": [
    {
      "protocol": "vless",
      "settings": {
        "vnext": [
          {
            "address": "ilta-wzxrxkdhbjpnprhkkpplsjwawhssvollvxzdhqshiqckwdgrdm.orbnet.xyz",
            "port": 443,
            "users": [
              {
                "id": "0e8a6896-ad90-4a3b-89a3-77d64aa409e2",
                "encryption": "none",
                "level": 0
              }
            ]
          }
        ]
      },
      "streamSettings": {
        "network": "tcp",
        "security": "reality"
      }
    }
  ]
}
2026-01-30 18:47:05,979 - Checker-3 - ERROR - Error starting V2Ray: Failed to start V2Ray: V2Ray exited with code 23.
Stdout: Xray 25.8.3 (Xray, Penetrates Everything.) bd86732 (go1.24.5 windows/amd64)
A unified platform for anti-censorship.
Failed to start: main: failed to load config files: [C:\Users\tyca7\AppData\Local\Temp\tmplg4s4thp.json] > infra/conf: failed to build outbound config with tag  > infra/conf: failed to build stream settings for outbound detour > infra/conf: REALITY: Empty "realitySettings".

Stderr: 
2026-01-30 18:47:05,980 - Checker-3 - ERROR -   -> ERROR. An exception occurred: Failed to start V2Ray: V2Ray exited with code 23.
Stdout: Xray 25.8.3 (Xray, Penetrates Everything.) bd86732 (go1.24.5 windows/amd64)
A unified platform for anti-censorship.
Failed to start: main: failed to load config files: [C:\Users\tyca7\AppData\Local\Temp\tmplg4s4thp.json] > infra/conf: failed to build outbound config with tag  > infra/conf: failed to build stream settings for outbound detour > infra/conf: REALITY: Empty "realitySettings".

Stderr: 
2026-01-30 18:47:05,980 - Checker-3 - INFO - Processing: ss://Y2hhY2hhMjAtaWV0Zi1wb2x5MTMwNTo1Yjk...
2026-01-30 18:47:05,982 - Checker-3 - INFO - V2Ray executable directory not found in environment variable, using default...
2026-01-30 18:47:05,982 - Checker-3 - INFO - V2Ray executables found at C:\Users\tyca7\.v2ray
2026-01-30 18:47:05,983 - Checker-3 - INFO - V2Ray executable found at C:\Users\tyca7\.v2ray\xray.exe
2026-01-30 18:47:05,983 - Checker-3 - INFO - Starting V2Ray with command: C:\Users\tyca7\.v2ray\xray.exe run -config C:\Users\tyca7\AppData\Local\Temp\tmp0fdfv7r8.json
2026-01-30 18:47:06,073 - Checker-3 - INFO - V2Ray proxy is ready and accepting connections
2026-01-30 18:47:06,074 - Checker-3 - INFO - V2Ray started successfully on SOCKS port 53880, HTTP port 53879
2026-01-30 18:47:06,074 - Checker-3 - INFO - Testing connectivity via http://127.0.0.1:53879...
2026-01-30 18:47:06,898 - Checker-7 - WARNING -   -> FAILED. Connection error: ReadTimeout
2026-01-30 18:47:06,904 - Checker-7 - INFO - V2Ray process stopped
2026-01-30 18:47:06,905 - Checker-7 - INFO - Processing: vless://63f92f3c-447c-4283-80b9-0af8e164...
2026-01-30 18:47:06,906 - Checker-7 - INFO - V2Ray executable directory not found in environment variable, using default...
2026-01-30 18:47:06,907 - Checker-7 - INFO - V2Ray executables found at C:\Users\tyca7\.v2ray
2026-01-30 18:47:06,907 - Checker-7 - INFO - V2Ray executable found at C:\Users\tyca7\.v2ray\xray.exe
2026-01-30 18:47:06,908 - Checker-7 - INFO - Starting V2Ray with command: C:\Users\tyca7\.v2ray\xray.exe run -config C:\Users\tyca7\AppData\Local\Temp\tmpqid3eg0c.json
2026-01-30 18:47:06,961 - Checker-7 - ERROR - V2Ray exited with code 23.
Stdout: Xray 25.8.3 (Xray, Penetrates Everything.) bd86732 (go1.24.5 windows/amd64)
A unified platform for anti-censorship.
Failed to start: main: failed to load config files: [C:\Users\tyca7\AppData\Local\Temp\tmpqid3eg0c.json] > infra/conf: failed to build outbound config with tag  > infra/conf: failed to build stream settings for outbound detour > infra/conf: REALITY: Empty "realitySettings".

Stderr: 
2026-01-30 18:47:06,961 - Checker-7 - ERROR - Config file content: {
  "inbounds": [
    {
      "port": 53888,
      "protocol": "socks",
      "settings": {
        "udp": true
      }
    },
    {
      "port": 53887,
      "protocol": "http"
    }
  ],
  "outbounds": [
    {
      "protocol": "vless",
      "settings": {
        "vnext": [
          {
            "address": "dfg.octopusss.net",
            "port": 22955,
            "users": [
              {
                "id": "63f92f3c-447c-4283-80b9-0af8e164cdad",
                "encryption": "none",
                "level": 0
              }
            ]
          }
        ]
      },
      "streamSettings": {
        "network": "grpc",
        "security": "reality"
      }
    }
  ]
}
2026-01-30 18:47:06,962 - Checker-7 - ERROR - Error starting V2Ray: Failed to start V2Ray: V2Ray exited with code 23.
Stdout: Xray 25.8.3 (Xray, Penetrates Everything.) bd86732 (go1.24.5 windows/amd64)
A unified platform for anti-censorship.
Failed to start: main: failed to load config files: [C:\Users\tyca7\AppData\Local\Temp\tmpqid3eg0c.json] > infra/conf: failed to build outbound config with tag  > infra/conf: failed to build stream settings for outbound detour > infra/conf: REALITY: Empty "realitySettings".

Stderr: 
2026-01-30 18:47:06,963 - Checker-7 - ERROR -   -> ERROR. An exception occurred: Failed to start V2Ray: V2Ray exited with code 23.
Stdout: Xray 25.8.3 (Xray, Penetrates Everything.) bd86732 (go1.24.5 windows/amd64)
A unified platform for anti-censorship.
Failed to start: main: failed to load config files: [C:\Users\tyca7\AppData\Local\Temp\tmpqid3eg0c.json] > infra/conf: failed to build outbound config with tag  > infra/conf: failed to build stream settings for outbound detour > infra/conf: REALITY: Empty "realitySettings".

Stderr: 
2026-01-30 18:47:06,963 - Checker-7 - INFO - Processing: vless://d7a84b8a-66c3-4b9c-b1b7-d576058c...
2026-01-30 18:47:06,964 - Checker-7 - INFO - V2Ray executable directory not found in environment variable, using default...
2026-01-30 18:47:06,965 - Checker-7 - INFO - V2Ray executables found at C:\Users\tyca7\.v2ray
2026-01-30 18:47:06,965 - Checker-7 - INFO - V2Ray executable found at C:\Users\tyca7\.v2ray\xray.exe
2026-01-30 18:47:06,966 - Checker-7 - INFO - Starting V2Ray with command: C:\Users\tyca7\.v2ray\xray.exe run -config C:\Users\tyca7\AppData\Local\Temp\tmpmlwm0_ga.json
2026-01-30 18:47:07,040 - Checker-2 - WARNING -   -> FAILED. Connection error: ReadTimeout
2026-01-30 18:47:07,040 - Checker-7 - INFO - V2Ray proxy is ready and accepting connections
2026-01-30 18:47:07,045 - Checker-7 - INFO - V2Ray started successfully on SOCKS port 53890, HTTP port 53889
2026-01-30 18:47:07,045 - Checker-7 - INFO - Testing connectivity via http://127.0.0.1:53889...
2026-01-30 18:47:07,046 - Checker-2 - INFO - V2Ray process stopped
2026-01-30 18:47:07,047 - Checker-2 - INFO - Processing: ss://Y2hhY2hhMjAtaWV0Zi1wb2x5MTMwNTo0MzF...
2026-01-30 18:47:07,049 - Checker-2 - INFO - V2Ray executable directory not found in environment variable, using default...
2026-01-30 18:47:07,049 - Checker-2 - INFO - V2Ray executables found at C:\Users\tyca7\.v2ray
2026-01-30 18:47:07,050 - Checker-2 - INFO - V2Ray executable found at C:\Users\tyca7\.v2ray\xray.exe
2026-01-30 18:47:07,050 - Checker-2 - INFO - Starting V2Ray with command: C:\Users\tyca7\.v2ray\xray.exe run -config C:\Users\tyca7\AppData\Local\Temp\tmpgu2nze0l.json
2026-01-30 18:47:07,134 - Checker-2 - INFO - V2Ray proxy is ready and accepting connections
2026-01-30 18:47:07,134 - Checker-2 - INFO - V2Ray started successfully on SOCKS port 53897, HTTP port 53896
2026-01-30 18:47:07,135 - Checker-2 - INFO - Testing connectivity via http://127.0.0.1:53896...
2026-01-30 18:47:07,529 - Checker-4 - WARNING -   -> FAILED. Connection error: ReadTimeout
2026-01-30 18:47:07,536 - Checker-4 - INFO - V2Ray process stopped
2026-01-30 18:47:07,536 - Checker-4 - INFO - Processing: vmess://eyJhZGQiOiAibjE3NjEyMTQ5MTkubXY3...
2026-01-30 18:47:07,538 - Checker-4 - INFO - V2Ray executable directory not found in environment variable, using default...
2026-01-30 18:47:07,539 - Checker-4 - INFO - V2Ray executables found at C:\Users\tyca7\.v2ray
2026-01-30 18:47:07,539 - Checker-4 - INFO - V2Ray executable found at C:\Users\tyca7\.v2ray\xray.exe
2026-01-30 18:47:07,539 - Checker-4 - INFO - Starting V2Ray with command: C:\Users\tyca7\.v2ray\xray.exe run -config C:\Users\tyca7\AppData\Local\Temp\tmprfwypkhe.json
2026-01-30 18:47:07,623 - Checker-4 - INFO - V2Ray proxy is ready and accepting connections
2026-01-30 18:47:07,624 - Checker-4 - INFO - V2Ray started successfully on SOCKS port 53906, HTTP port 53905
2026-01-30 18:47:07,624 - Checker-4 - INFO - Testing connectivity via http://127.0.0.1:53905...
2026-01-30 18:47:07,687 - Checker-8 - WARNING -   -> FAILED. Connection error: ReadTimeout
2026-01-30 18:47:07,692 - Checker-8 - INFO - V2Ray process stopped
2026-01-30 18:47:07,693 - Checker-8 - INFO - Processing: trojan://c1d83c0c7d57cead4379ba14a82df69...
2026-01-30 18:47:07,694 - Checker-8 - INFO - V2Ray executable directory not found in environment variable, using default...
2026-01-30 18:47:07,695 - Checker-8 - INFO - V2Ray executables found at C:\Users\tyca7\.v2ray
2026-01-30 18:47:07,695 - Checker-8 - INFO - V2Ray executable found at C:\Users\tyca7\.v2ray\xray.exe
2026-01-30 18:47:07,696 - Checker-8 - INFO - Starting V2Ray with command: C:\Users\tyca7\.v2ray\xray.exe run -config C:\Users\tyca7\AppData\Local\Temp\tmphept_pru.json
2026-01-30 18:47:07,779 - Checker-8 - INFO - V2Ray proxy is ready and accepting connections
2026-01-30 18:47:07,780 - Checker-8 - INFO - V2Ray started successfully on SOCKS port 53914, HTTP port 53913
2026-01-30 18:47:07,780 - Checker-8 - INFO - Testing connectivity via http://127.0.0.1:53913...
2026-01-30 18:47:08,130 - Checker-5 - WARNING -   -> FAILED. Connection error: ReadTimeout
2026-01-30 18:47:08,136 - Checker-5 - INFO - V2Ray process stopped
2026-01-30 18:47:08,137 - Checker-5 - INFO - Processing: vmess://eyJ2IjogIjIiLCAicHMiOiAidm1lc3Mt...
2026-01-30 18:47:08,138 - Checker-5 - INFO - V2Ray executable directory not found in environment variable, using default...
2026-01-30 18:47:08,139 - Checker-5 - INFO - V2Ray executables found at C:\Users\tyca7\.v2ray
2026-01-30 18:47:08,139 - Checker-5 - INFO - V2Ray executable found at C:\Users\tyca7\.v2ray\xray.exe
2026-01-30 18:47:08,140 - Checker-5 - INFO - Starting V2Ray with command: C:\Users\tyca7\.v2ray\xray.exe run -config C:\Users\tyca7\AppData\Local\Temp\tmp7g81bjon.json
2026-01-30 18:47:08,145 - Checker-6 - WARNING -   -> FAILED. Connection error: ReadTimeout
2026-01-30 18:47:08,151 - Checker-6 - INFO - V2Ray process stopped
2026-01-30 18:47:08,152 - Checker-6 - INFO - Processing: vmess://eyJhZGQiOiAibjE3NjEyMTQ5MTIud3Bn...
2026-01-30 18:47:08,154 - Checker-6 - INFO - V2Ray executable directory not found in environment variable, using default...
2026-01-30 18:47:08,155 - Checker-6 - INFO - V2Ray executables found at C:\Users\tyca7\.v2ray
2026-01-30 18:47:08,155 - Checker-6 - INFO - V2Ray executable found at C:\Users\tyca7\.v2ray\xray.exe
2026-01-30 18:47:08,155 - Checker-6 - INFO - Starting V2Ray with command: C:\Users\tyca7\.v2ray\xray.exe run -config C:\Users\tyca7\AppData\Local\Temp\tmp2mr4vfag.json
2026-01-30 18:47:08,208 - Checker-5 - INFO - V2Ray proxy is ready and accepting connections
2026-01-30 18:47:08,209 - Checker-6 - INFO - V2Ray proxy is ready and accepting connections
2026-01-30 18:47:08,209 - Checker-5 - INFO - V2Ray started successfully on SOCKS port 53922, HTTP port 53921
2026-01-30 18:47:08,209 - Checker-6 - INFO - V2Ray started successfully on SOCKS port 53924, HTTP port 53923
2026-01-30 18:47:08,209 - Checker-5 - INFO - Testing connectivity via http://127.0.0.1:53921...
2026-01-30 18:47:08,209 - Checker-6 - INFO - Testing connectivity via http://127.0.0.1:53923...
2026-01-30 18:47:08,324 - Checker-7 - INFO -   -> SUCCESS! Proxy is working. Status: 204
2026-01-30 18:47:08,330 - Checker-7 - INFO - V2Ray process stopped
2026-01-30 18:47:08,331 - Checker-7 - INFO - Processing: vmess://eyJhZGQiOiAibjE3NjEyMTQ5MDQud3Bn...
2026-01-30 18:47:08,332 - Checker-7 - INFO - V2Ray executable directory not found in environment variable, using default...
2026-01-30 18:47:08,333 - Checker-7 - INFO - V2Ray executables found at C:\Users\tyca7\.v2ray
2026-01-30 18:47:08,333 - Checker-7 - INFO - V2Ray executable found at C:\Users\tyca7\.v2ray\xray.exe
2026-01-30 18:47:08,334 - Checker-7 - INFO - Starting V2Ray with command: C:\Users\tyca7\.v2ray\xray.exe run -config C:\Users\tyca7\AppData\Local\Temp\tmpuho368wz.json
2026-01-30 18:47:08,413 - Checker-7 - INFO - V2Ray proxy is ready and accepting connections
2026-01-30 18:47:08,413 - Checker-7 - INFO - V2Ray started successfully on SOCKS port 53936, HTTP port 53935
2026-01-30 18:47:08,414 - Checker-7 - INFO - Testing connectivity via http://127.0.0.1:53935...
2026-01-30 18:47:08,868 - Checker-8 - INFO -   -> SUCCESS! Proxy is working. Status: 204
2026-01-30 18:47:08,874 - Checker-8 - INFO - V2Ray process stopped
2026-01-30 18:47:08,875 - Checker-8 - INFO - Processing: vless://63f92f3c-447c-4283-80b9-0af8e164...
2026-01-30 18:47:08,876 - Checker-8 - INFO - V2Ray executable directory not found in environment variable, using default...
2026-01-30 18:47:08,877 - Checker-8 - INFO - V2Ray executables found at C:\Users\tyca7\.v2ray
2026-01-30 18:47:08,877 - Checker-8 - INFO - V2Ray executable found at C:\Users\tyca7\.v2ray\xray.exe
2026-01-30 18:47:08,878 - Checker-8 - INFO - Starting V2Ray with command: C:\Users\tyca7\.v2ray\xray.exe run -config C:\Users\tyca7\AppData\Local\Temp\tmpcdp35kv_.json
2026-01-30 18:47:08,931 - Checker-8 - ERROR - V2Ray exited with code 23.
Stdout: Xray 25.8.3 (Xray, Penetrates Everything.) bd86732 (go1.24.5 windows/amd64)
A unified platform for anti-censorship.
Failed to start: main: failed to load config files: [C:\Users\tyca7\AppData\Local\Temp\tmpcdp35kv_.json] > infra/conf: failed to build outbound config with tag  > infra/conf: failed to build stream settings for outbound detour > infra/conf: REALITY: Empty "realitySettings".

Stderr: 
2026-01-30 18:47:08,931 - Checker-8 - ERROR - Config file content: {
  "inbounds": [
    {
      "port": 53946,
      "protocol": "socks",
      "settings": {
        "udp": true
      }
    },
    {
      "port": 53945,
      "protocol": "http"
    }
  ],
  "outbounds": [
    {
      "protocol": "vless",
      "settings": {
        "vnext": [
          {
            "address": "octopusss5.info",
            "port": 22955,
            "users": [
              {
                "id": "63f92f3c-447c-4283-80b9-0af8e164cdad",
                "encryption": "none",
                "level": 0
              }
            ]
          }
        ]
      },
      "streamSettings": {
        "network": "grpc",
        "security": "reality"
      }
    }
  ]
}
2026-01-30 18:47:08,932 - Checker-8 - ERROR - Error starting V2Ray: Failed to start V2Ray: V2Ray exited with code 23.
Stdout: Xray 25.8.3 (Xray, Penetrates Everything.) bd86732 (go1.24.5 windows/amd64)
A unified platform for anti-censorship.
Failed to start: main: failed to load config files: [C:\Users\tyca7\AppData\Local\Temp\tmpcdp35kv_.json] > infra/conf: failed to build outbound config with tag  > infra/conf: failed to build stream settings for outbound detour > infra/conf: REALITY: Empty "realitySettings".

Stderr: 
2026-01-30 18:47:08,932 - Checker-8 - ERROR -   -> ERROR. An exception occurred: Failed to start V2Ray: V2Ray exited with code 23.
Stdout: Xray 25.8.3 (Xray, Penetrates Everything.) bd86732 (go1.24.5 windows/amd64)
A unified platform for anti-censorship.
Failed to start: main: failed to load config files: [C:\Users\tyca7\AppData\Local\Temp\tmpcdp35kv_.json] > infra/conf: failed to build outbound config with tag  > infra/conf: failed to build stream settings for outbound detour > infra/conf: REALITY: Empty "realitySettings".

Stderr: 
2026-01-30 18:47:08,933 - Checker-8 - INFO - Processing: vless://63f92f3c-447c-4283-80b9-0af8e164...
2026-01-30 18:47:08,934 - Checker-8 - INFO - V2Ray executable directory not found in environment variable, using default...
2026-01-30 18:47:08,935 - Checker-8 - INFO - V2Ray executables found at C:\Users\tyca7\.v2ray
2026-01-30 18:47:08,935 - Checker-8 - INFO - V2Ray executable found at C:\Users\tyca7\.v2ray\xray.exe
2026-01-30 18:47:08,936 - Checker-8 - INFO - Starting V2Ray with command: C:\Users\tyca7\.v2ray\xray.exe run -config C:\Users\tyca7\AppData\Local\Temp\tmpi5pf3dhs.json
2026-01-30 18:47:08,989 - Checker-8 - ERROR - V2Ray exited with code 23.
Stdout: Xray 25.8.3 (Xray, Penetrates Everything.) bd86732 (go1.24.5 windows/amd64)
A unified platform for anti-censorship.
Failed to start: main: failed to load config files: [C:\Users\tyca7\AppData\Local\Temp\tmpi5pf3dhs.json] > infra/conf: failed to build outbound config with tag  > infra/conf: failed to build stream settings for outbound detour > infra/conf: REALITY: Empty "realitySettings".

Stderr: 
2026-01-30 18:47:08,989 - Checker-8 - ERROR - Config file content: {
  "inbounds": [
    {
      "port": 53948,
      "protocol": "socks",
      "settings": {
        "udp": true
      }
    },
    {
      "port": 53947,
      "protocol": "http"
    }
  ],
  "outbounds": [
    {
      "protocol": "vless",
      "settings": {
        "vnext": [
          {
            "address": "dfg.octopusss.net",
            "port": 22955,
            "users": [
              {
                "id": "63f92f3c-447c-4283-80b9-0af8e164cdad",
                "encryption": "none",
                "level": 0
              }
            ]
          }
        ]
      },
      "streamSettings": {
        "network": "grpc",
        "security": "reality"
      }
    }
  ]
}
2026-01-30 18:47:08,990 - Checker-8 - ERROR - Error starting V2Ray: Failed to start V2Ray: V2Ray exited with code 23.
Stdout: Xray 25.8.3 (Xray, Penetrates Everything.) bd86732 (go1.24.5 windows/amd64)
A unified platform for anti-censorship.
Failed to start: main: failed to load config files: [C:\Users\tyca7\AppData\Local\Temp\tmpi5pf3dhs.json] > infra/conf: failed to build outbound config with tag  > infra/conf: failed to build stream settings for outbound detour > infra/conf: REALITY: Empty "realitySettings".

Stderr: 
2026-01-30 18:47:08,990 - Checker-8 - ERROR -   -> ERROR. An exception occurred: Failed to start V2Ray: V2Ray exited with code 23.
Stdout: Xray 25.8.3 (Xray, Penetrates Everything.) bd86732 (go1.24.5 windows/amd64)
A unified platform for anti-censorship.
Failed to start: main: failed to load config files: [C:\Users\tyca7\AppData\Local\Temp\tmpi5pf3dhs.json] > infra/conf: failed to build outbound config with tag  > infra/conf: failed to build stream settings for outbound detour > infra/conf: REALITY: Empty "realitySettings".

Stderr: 
2026-01-30 18:47:08,991 - Checker-8 - INFO - Processing: vless://636728f4-c7b1-47a3-91b0-243b258f...
2026-01-30 18:47:08,992 - Checker-8 - INFO - V2Ray executable directory not found in environment variable, using default...
2026-01-30 18:47:08,993 - Checker-8 - INFO - V2Ray executables found at C:\Users\tyca7\.v2ray
2026-01-30 18:47:08,993 - Checker-8 - INFO - V2Ray executable found at C:\Users\tyca7\.v2ray\xray.exe
2026-01-30 18:47:08,993 - Checker-8 - INFO - Starting V2Ray with command: C:\Users\tyca7\.v2ray\xray.exe run -config C:\Users\tyca7\AppData\Local\Temp\tmphyvpj0bd.json
2026-01-30 18:47:09,076 - Checker-8 - INFO - V2Ray proxy is ready and accepting connections
2026-01-30 18:47:09,077 - Checker-8 - INFO - V2Ray started successfully on SOCKS port 53950, HTTP port 53949
2026-01-30 18:47:09,077 - Checker-8 - INFO - Testing connectivity via http://127.0.0.1:53949...
2026-01-30 18:47:09,906 - Checker-9 - INFO -   -> SUCCESS! Proxy is working. Status: 204
2026-01-30 18:47:09,912 - Checker-9 - INFO - V2Ray process stopped
2026-01-30 18:47:09,913 - Checker-9 - INFO - Processing: vless://63f92f3c-447c-4283-80b9-0af8e164...
2026-01-30 18:47:09,914 - Checker-9 - INFO - V2Ray executable directory not found in environment variable, using default...
2026-01-30 18:47:09,915 - Checker-9 - INFO - V2Ray executables found at C:\Users\tyca7\.v2ray
2026-01-30 18:47:09,915 - Checker-9 - INFO - V2Ray executable found at C:\Users\tyca7\.v2ray\xray.exe
2026-01-30 18:47:09,916 - Checker-9 - INFO - Starting V2Ray with command: C:\Users\tyca7\.v2ray\xray.exe run -config C:\Users\tyca7\AppData\Local\Temp\tmp7ecc5ky3.json
2026-01-30 18:47:09,968 - Checker-9 - ERROR - V2Ray exited with code 23.
Stdout: Xray 25.8.3 (Xray, Penetrates Everything.) bd86732 (go1.24.5 windows/amd64)
A unified platform for anti-censorship.
Failed to start: main: failed to load config files: [C:\Users\tyca7\AppData\Local\Temp\tmp7ecc5ky3.json] > infra/conf: failed to build outbound config with tag  > infra/conf: failed to build stream settings for outbound detour > infra/conf: REALITY: Empty "realitySettings".

Stderr: 
2026-01-30 18:47:09,969 - Checker-9 - ERROR - Config file content: {
  "inbounds": [
    {
      "port": 53958,
      "protocol": "socks",
      "settings": {
        "udp": true
      }
    },
    {
      "port": 53957,
      "protocol": "http"
    }
  ],
  "outbounds": [
    {
      "protocol": "vless",
      "settings": {
        "vnext": [
          {
            "address": "dfg.octopusss.net",
            "port": 22955,
            "users": [
              {
                "id": "63f92f3c-447c-4283-80b9-0af8e164cdad",
                "encryption": "none",
                "level": 0
              }
            ]
          }
        ]
      },
      "streamSettings": {
        "network": "grpc",
        "security": "reality"
      }
    }
  ]
}
2026-01-30 18:47:09,970 - Checker-9 - ERROR - Error starting V2Ray: Failed to start V2Ray: V2Ray exited with code 23.
Stdout: Xray 25.8.3 (Xray, Penetrates Everything.) bd86732 (go1.24.5 windows/amd64)
A unified platform for anti-censorship.
Failed to start: main: failed to load config files: [C:\Users\tyca7\AppData\Local\Temp\tmp7ecc5ky3.json] > infra/conf: failed to build outbound config with tag  > infra/conf: failed to build stream settings for outbound detour > infra/conf: REALITY: Empty "realitySettings".

Stderr: 
2026-01-30 18:47:09,970 - Checker-9 - ERROR -   -> ERROR. An exception occurred: Failed to start V2Ray: V2Ray exited with code 23.
Stdout: Xray 25.8.3 (Xray, Penetrates Everything.) bd86732 (go1.24.5 windows/amd64)
A unified platform for anti-censorship.
Failed to start: main: failed to load config files: [C:\Users\tyca7\AppData\Local\Temp\tmp7ecc5ky3.json] > infra/conf: failed to build outbound config with tag  > infra/conf: failed to build stream settings for outbound detour > infra/conf: REALITY: Empty "realitySettings".

Stderr: 
2026-01-30 18:47:09,971 - Checker-9 - INFO - Processing: ss://Y2hhY2hhMjAtaWV0Zi1wb2x5MTMwNTo2Yjk...
2026-01-30 18:47:09,972 - Checker-9 - INFO - V2Ray executable directory not found in environment variable, using default...
2026-01-30 18:47:09,972 - Checker-9 - INFO - V2Ray executables found at C:\Users\tyca7\.v2ray
2026-01-30 18:47:09,973 - Checker-9 - INFO - V2Ray executable found at C:\Users\tyca7\.v2ray\xray.exe
2026-01-30 18:47:09,973 - Checker-9 - INFO - Starting V2Ray with command: C:\Users\tyca7\.v2ray\xray.exe run -config C:\Users\tyca7\AppData\Local\Temp\tmpcww0f9zg.json
2026-01-30 18:47:10,041 - Checker-9 - INFO - V2Ray proxy is ready and accepting connections
2026-01-30 18:47:10,042 - Checker-9 - INFO - V2Ray started successfully on SOCKS port 53960, HTTP port 53959
2026-01-30 18:47:10,042 - Checker-9 - INFO - Testing connectivity via http://127.0.0.1:53959...
2026-01-30 18:47:10,709 - Checker-10 - INFO -   -> SUCCESS! Proxy is working. Status: 204
2026-01-30 18:47:10,715 - Checker-10 - INFO - V2Ray process stopped
2026-01-30 18:47:10,716 - Checker-10 - INFO - Processing: ss://Y2hhY2hhMjAtaWV0Zi1wb2x5MTMwNTo2Mzh...
2026-01-30 18:47:10,717 - Checker-10 - INFO - V2Ray executable directory not found in environment variable, using default...
2026-01-30 18:47:10,718 - Checker-10 - INFO - V2Ray executables found at C:\Users\tyca7\.v2ray
2026-01-30 18:47:10,718 - Checker-10 - INFO - V2Ray executable found at C:\Users\tyca7\.v2ray\xray.exe
2026-01-30 18:47:10,719 - Checker-10 - INFO - Starting V2Ray with command: C:\Users\tyca7\.v2ray\xray.exe run -config C:\Users\tyca7\AppData\Local\Temp\tmp92qsc9h0.json
2026-01-30 18:47:10,799 - Checker-10 - INFO - V2Ray proxy is ready and accepting connections
2026-01-30 18:47:10,799 - Checker-10 - INFO - V2Ray started successfully on SOCKS port 53968, HTTP port 53967
2026-01-30 18:47:10,800 - Checker-10 - INFO - Testing connectivity via http://127.0.0.1:53967...
2026-01-30 18:47:11,159 - Checker-7 - INFO -   -> SUCCESS! Proxy is working. Status: 204
2026-01-30 18:47:11,165 - Checker-7 - INFO - V2Ray process stopped
2026-01-30 18:47:11,166 - Checker-7 - INFO - Processing: ss://Y2hhY2hhMjAtaWV0Zi1wb2x5MTMwNTozMTV...
2026-01-30 18:47:11,168 - Checker-7 - INFO - V2Ray executable directory not found in environment variable, using default...
2026-01-30 18:47:11,168 - Checker-7 - INFO - V2Ray executables found at C:\Users\tyca7\.v2ray
2026-01-30 18:47:11,169 - Checker-7 - INFO - V2Ray executable found at C:\Users\tyca7\.v2ray\xray.exe
2026-01-30 18:47:11,169 - Checker-7 - INFO - Starting V2Ray with command: C:\Users\tyca7\.v2ray\xray.exe run -config C:\Users\tyca7\AppData\Local\Temp\tmpurgqsdot.json
2026-01-30 18:47:11,257 - Checker-7 - INFO - V2Ray proxy is ready and accepting connections
2026-01-30 18:47:11,258 - Checker-7 - INFO - V2Ray started successfully on SOCKS port 53976, HTTP port 53975
2026-01-30 18:47:11,258 - Checker-7 - INFO - Testing connectivity via http://127.0.0.1:53975...
2026-01-30 18:47:11,321 - Checker-1 - WARNING -   -> FAILED. Connection error: ReadTimeout
2026-01-30 18:47:11,326 - Checker-1 - INFO - V2Ray process stopped
2026-01-30 18:47:11,327 - Checker-1 - INFO - Processing: vless://7a30b7fc-4868-4d1d-84b8-16a3d3df...
2026-01-30 18:47:11,329 - Checker-1 - INFO - V2Ray executable directory not found in environment variable, using default...
2026-01-30 18:47:11,329 - Checker-1 - INFO - V2Ray executables found at C:\Users\tyca7\.v2ray
2026-01-30 18:47:11,330 - Checker-1 - INFO - V2Ray executable found at C:\Users\tyca7\.v2ray\xray.exe
2026-01-30 18:47:11,330 - Checker-1 - INFO - Starting V2Ray with command: C:\Users\tyca7\.v2ray\xray.exe run -config C:\Users\tyca7\AppData\Local\Temp\tmp56hdtinz.json
2026-01-30 18:47:11,383 - Checker-1 - ERROR - V2Ray exited with code 23.
Stdout: Xray 25.8.3 (Xray, Penetrates Everything.) bd86732 (go1.24.5 windows/amd64)
A unified platform for anti-censorship.
Failed to start: main: failed to load config files: [C:\Users\tyca7\AppData\Local\Temp\tmp56hdtinz.json] > infra/conf: failed to build outbound config with tag  > infra/conf: failed to build stream settings for outbound detour > infra/conf: REALITY: Empty "realitySettings".

Stderr: 
2026-01-30 18:47:11,384 - Checker-1 - ERROR - Config file content: {
  "inbounds": [
    {
      "port": 53984,
      "protocol": "socks",
      "settings": {
        "udp": true
      }
    },
    {
      "port": 53983,
      "protocol": "http"
    }
  ],
  "outbounds": [
    {
      "protocol": "vless",
      "settings": {
        "vnext": [
          {
            "address": "45.89.109.25",
            "port": 18278,
            "users": [
              {
                "id": "7a30b7fc-4868-4d1d-84b8-16a3d3df0139",
                "encryption": "none",
                "level": 0
              }
            ]
          }
        ]
      },
      "streamSettings": {
        "network": "tcp",
        "security": "reality"
      }
    }
  ]
}
2026-01-30 18:47:11,384 - Checker-1 - ERROR - Error starting V2Ray: Failed to start V2Ray: V2Ray exited with code 23.
Stdout: Xray 25.8.3 (Xray, Penetrates Everything.) bd86732 (go1.24.5 windows/amd64)
A unified platform for anti-censorship.
Failed to start: main: failed to load config files: [C:\Users\tyca7\AppData\Local\Temp\tmp56hdtinz.json] > infra/conf: failed to build outbound config with tag  > infra/conf: failed to build stream settings for outbound detour > infra/conf: REALITY: Empty "realitySettings".

Stderr: 
2026-01-30 18:47:11,385 - Checker-1 - ERROR -   -> ERROR. An exception occurred: Failed to start V2Ray: V2Ray exited with code 23.
Stdout: Xray 25.8.3 (Xray, Penetrates Everything.) bd86732 (go1.24.5 windows/amd64)
A unified platform for anti-censorship.
Failed to start: main: failed to load config files: [C:\Users\tyca7\AppData\Local\Temp\tmp56hdtinz.json] > infra/conf: failed to build outbound config with tag  > infra/conf: failed to build stream settings for outbound detour > infra/conf: REALITY: Empty "realitySettings".

Stderr: 
2026-01-30 18:47:11,385 - Checker-1 - INFO - Processing: trojan://tSk5LQoJr7F.WnRsUM4hT@45.15.140...
2026-01-30 18:47:11,387 - Checker-1 - INFO - V2Ray executable directory not found in environment variable, using default...
2026-01-30 18:47:11,387 - Checker-1 - INFO - V2Ray executables found at C:\Users\tyca7\.v2ray
2026-01-30 18:47:11,387 - Checker-1 - INFO - V2Ray executable found at C:\Users\tyca7\.v2ray\xray.exe
2026-01-30 18:47:11,388 - Checker-1 - INFO - Starting V2Ray with command: C:\Users\tyca7\.v2ray\xray.exe run -config C:\Users\tyca7\AppData\Local\Temp\tmp6lk5lzzt.json
2026-01-30 18:47:11,478 - Checker-1 - INFO - V2Ray proxy is ready and accepting connections
2026-01-30 18:47:11,479 - Checker-1 - INFO - V2Ray started successfully on SOCKS port 53986, HTTP port 53985
2026-01-30 18:47:11,479 - Checker-1 - INFO - Testing connectivity via http://127.0.0.1:53985...
2026-01-30 18:47:14,105 - Checker-3 - WARNING -   -> FAILED. Connection error: ReadTimeout
2026-01-30 18:47:14,111 - Checker-3 - INFO - V2Ray process stopped
2026-01-30 18:47:14,112 - Checker-3 - INFO - Processing: ss://Y2hhY2hhMjAtaWV0Zi1wb2x5MTMwNTo2NTJ...
2026-01-30 18:47:14,114 - Checker-3 - INFO - V2Ray executable directory not found in environment variable, using default...
2026-01-30 18:47:14,114 - Checker-3 - INFO - V2Ray executables found at C:\Users\tyca7\.v2ray
2026-01-30 18:47:14,115 - Checker-3 - INFO - V2Ray executable found at C:\Users\tyca7\.v2ray\xray.exe
2026-01-30 18:47:14,115 - Checker-3 - INFO - Starting V2Ray with command: C:\Users\tyca7\.v2ray\xray.exe run -config C:\Users\tyca7\AppData\Local\Temp\tmpm08zzy4m.json
2026-01-30 18:47:14,183 - Checker-3 - INFO - V2Ray proxy is ready and accepting connections
2026-01-30 18:47:14,183 - Checker-3 - INFO - V2Ray started successfully on SOCKS port 53995, HTTP port 53994
2026-01-30 18:47:14,184 - Checker-3 - INFO - Testing connectivity via http://127.0.0.1:53994...
2026-01-30 18:47:14,681 - Checker-5 - INFO -   -> SUCCESS! Proxy is working. Status: 204
2026-01-30 18:47:14,687 - Checker-5 - INFO - V2Ray process stopped
2026-01-30 18:47:14,688 - Checker-5 - INFO - Processing: vless://8443822d-6b68-4af2-d096-c03207ed...
2026-01-30 18:47:14,690 - Checker-5 - INFO - V2Ray executable directory not found in environment variable, using default...
2026-01-30 18:47:14,690 - Checker-5 - INFO - V2Ray executables found at C:\Users\tyca7\.v2ray
2026-01-30 18:47:14,691 - Checker-5 - INFO - V2Ray executable found at C:\Users\tyca7\.v2ray\xray.exe
2026-01-30 18:47:14,691 - Checker-5 - INFO - Starting V2Ray with command: C:\Users\tyca7\.v2ray\xray.exe run -config C:\Users\tyca7\AppData\Local\Temp\tmpkm51m9bl.json
2026-01-30 18:47:14,782 - Checker-5 - INFO - V2Ray proxy is ready and accepting connections
2026-01-30 18:47:14,782 - Checker-5 - INFO - V2Ray started successfully on SOCKS port 54003, HTTP port 54002
2026-01-30 18:47:14,783 - Checker-5 - INFO - Testing connectivity via http://127.0.0.1:54002...
2026-01-30 18:47:14,854 - Checker-5 - WARNING -   -> FAILED. Received unexpected status code: 503
2026-01-30 18:47:14,860 - Checker-5 - INFO - V2Ray process stopped
2026-01-30 18:47:14,861 - Checker-5 - INFO - Processing: vless://8dc7722c-2767-4eea-a28b-2f8daacc...
2026-01-30 18:47:14,863 - Checker-5 - INFO - V2Ray executable directory not found in environment variable, using default...
2026-01-30 18:47:14,863 - Checker-5 - INFO - V2Ray executables found at C:\Users\tyca7\.v2ray
2026-01-30 18:47:14,864 - Checker-5 - INFO - V2Ray executable found at C:\Users\tyca7\.v2ray\xray.exe
2026-01-30 18:47:14,864 - Checker-5 - INFO - Starting V2Ray with command: C:\Users\tyca7\.v2ray\xray.exe run -config C:\Users\tyca7\AppData\Local\Temp\tmpfofbcdsz.json
2026-01-30 18:47:14,954 - Checker-5 - INFO - V2Ray proxy is ready and accepting connections
2026-01-30 18:47:14,955 - Checker-5 - INFO - V2Ray started successfully on SOCKS port 54011, HTTP port 54010
2026-01-30 18:47:14,955 - Checker-5 - INFO - Testing connectivity via http://127.0.0.1:54010...
2026-01-30 18:47:15,160 - Checker-2 - WARNING -   -> FAILED. Connection error: ReadTimeout
2026-01-30 18:47:15,166 - Checker-2 - INFO - V2Ray process stopped
2026-01-30 18:47:15,167 - Checker-2 - INFO - Processing: ss://Y2hhY2hhMjAtaWV0Zi1wb2x5MTMwNTo0MmQ...
2026-01-30 18:47:15,169 - Checker-2 - INFO - V2Ray executable directory not found in environment variable, using default...
2026-01-30 18:47:15,169 - Checker-2 - INFO - V2Ray executables found at C:\Users\tyca7\.v2ray
2026-01-30 18:47:15,170 - Checker-2 - INFO - V2Ray executable found at C:\Users\tyca7\.v2ray\xray.exe
2026-01-30 18:47:15,170 - Checker-2 - INFO - Starting V2Ray with command: C:\Users\tyca7\.v2ray\xray.exe run -config C:\Users\tyca7\AppData\Local\Temp\tmpgcmfd4_m.json
2026-01-30 18:47:15,254 - Checker-2 - INFO - V2Ray proxy is ready and accepting connections
2026-01-30 18:47:15,255 - Checker-2 - INFO - V2Ray started successfully on SOCKS port 54019, HTTP port 54018
2026-01-30 18:47:15,255 - Checker-2 - INFO - Testing connectivity via http://127.0.0.1:54018...
2026-01-30 18:47:15,651 - Checker-4 - WARNING -   -> FAILED. Connection error: ReadTimeout
2026-01-30 18:47:15,657 - Checker-4 - INFO - V2Ray process stopped
2026-01-30 18:47:16,221 - Checker-6 - WARNING -   -> FAILED. Connection error: ReadTimeout
2026-01-30 18:47:16,227 - Checker-6 - INFO - V2Ray process stopped
2026-01-30 18:47:17,094 - Checker-8 - WARNING -   -> FAILED. Connection error: ReadTimeout
2026-01-30 18:47:17,101 - Checker-8 - INFO - V2Ray process stopped
2026-01-30 18:47:18,045 - Checker-9 - WARNING -   -> FAILED. Connection error: ReadTimeout
2026-01-30 18:47:18,051 - Checker-9 - INFO - V2Ray process stopped
2026-01-30 18:47:18,820 - Checker-10 - WARNING -   -> FAILED. Connection error: ReadTimeout
2026-01-30 18:47:18,826 - Checker-10 - INFO - V2Ray process stopped
2026-01-30 18:47:19,279 - Checker-7 - WARNING -   -> FAILED. Connection error: ReadTimeout
2026-01-30 18:47:19,285 - Checker-7 - INFO - V2Ray process stopped
2026-01-30 18:47:19,500 - Checker-1 - WARNING -   -> FAILED. Connection error: ReadTimeout
2026-01-30 18:47:19,505 - Checker-1 - INFO - V2Ray process stopped
2026-01-30 18:47:21,973 - Checker-5 - WARNING -   -> FAILED. Received unexpected status code: 503
2026-01-30 18:47:21,979 - Checker-5 - INFO - V2Ray process stopped
2026-01-30 18:47:22,208 - Checker-3 - WARNING -   -> FAILED. Connection error: ReadTimeout
2026-01-30 18:47:22,215 - Checker-3 - INFO - V2Ray process stopped
2026-01-30 18:47:23,282 - Checker-2 - WARNING -   -> FAILED. Connection error: ReadTimeout
2026-01-30 18:47:23,288 - Checker-2 - INFO - V2Ray process stopped
2026-01-30 18:47:23,289 - MainThread - INFO - Finished. Found 37 working out of 150.
2026-01-30 18:47:23,290 - MainThread - INFO - Working proxies saved to working_v2ray_proxies.txt
